PrinterSetup_Landing_SEO.c(8): Error -26610: HTTP Status-Code=502 (Bad Gateway) for "https://ppssupport-itgllbh7.inc.hp.com/au-en/printer-setup/hp-deskjet-ink-advantage-ultra-2529-all-in-one-printer-series/7787695"  	[MsgId: MERR-26610]
Homepage.c(5): Error -26610: HTTP Status-Code=502 (Bad Gateway) for "https://ppssupport-itgllbh7.inc.hp.com/us-en"  	[MsgId: MERR-26610]
Homepage.c(5): Error -26610: HTTP Status-Code=502 (Bad Gateway) for "https://ppssupport-itgllbh7.inc.hp.com/us-en"  	[MsgId: MERR-26610]
BrowserCall_ComputerPage.c(5): Error -26608: HTTP Status-Code=504 (Gateway Timeout) for "https://ppssupport-itgllbh7.inc.hp.com/us-en/computer"  	[MsgId: MERR-26608]
BrowserCall_ComputerPage.c(5): Error -26608: HTTP Status-Code=504 (Gateway Timeout) for "https://ppssupport-itgllbh7.inc.hp.com/us-en/computer"  	[MsgId: MERR-26608]
BrowserCall_HomePage.c(5): Error -26608: HTTP Status-Code=504 (Gateway Timeout) for "https://ppssupport-itgllbh7.inc.hp.com/us-en"  	[MsgId: MERR-26608]
BrowserCall_PrinterLandingPage.c(5): Error -26608: HTTP Status-Code=504 (Gateway Timeout) for "https://ppssupport-itgllbh7.inc.hp.com/us-en/printer"  	[MsgId: MERR-26608]
BrowserCall_PrinterLandingPage.c(5): Error -26608: HTTP Status-Code=504 (Gateway Timeout) for "https://ppssupport-itgllbh7.inc.hp.com/us-en/printer"  	[MsgId: MERR-26608]
BrowserCall_PrinterLandingPage.c(5): Error -26608: HTTP Status-Code=504 (Gateway Timeout) for "https://ppssupport-itgllbh7.inc.hp.com/us-en/printer"  	[MsgId: MERR-26608]
Homepage.c(5): Error -26608: HTTP Status-Code=504 (Gateway Timeout) for "https://ppssupport-itgllbh7.inc.hp.com/us-en"  	[MsgId: MERR-26608]
BrowserCall_HomePage.c(5): Error -26608: HTTP Status-Code=504 (Gateway Timeout) for "https://ppssupport-itgllbh7.inc.hp.com/us-en"  	[MsgId: MERR-26608]
BrowserCall_PrinterLandingPage.c(5): Error -26608: HTTP Status-Code=504 (Gateway Timeout) for "https://ppssupport-itgllbh7.inc.hp.com/us-en/printer"  	[MsgId: MERR-26608]
BrowserCall_PrinterLandingPage.c(5): Error -26608: HTTP Status-Code=504 (Gateway Timeout) for "https://ppssupport-itgllbh7.inc.hp.com/us-en/printer"  	[MsgId: MERR-26608]
PrinterSetupPage_AnonymousUser.c(21): Error -26608: HTTP Status-Code=504 (Gateway Timeout) for "https://ppssupport-itgllbh7.inc.hp.com/au-en/printer-setup/hp-deskjet-ink-advantage-ultra-2529-all-in-one-printer-series/7787695"  	[MsgId: MERR-26608]
PrintSetup_Landing.c(15): Error -26608: HTTP Status-Code=504 (Gateway Timeout) for "https://ppssupport-itgllbh7.inc.hp.com/us-en/printer-setup"  	[MsgId: MERR-26608]
PrinterLandingPage.c(9): Error -26608: HTTP Status-Code=504 (Gateway Timeout) for "https://ppssupport-itgllbh7.inc.hp.com/us-en/printer"  	[MsgId: MERR-26608]
BrowserCall_HomePage.c(5): Error -26608: HTTP Status-Code=504 (Gateway Timeout) for "https://ppssupport-itgllbh7.inc.hp.com/us-en"  	[MsgId: MERR-26608]
BrowserCall_HomePage.c(5): Error -26608: HTTP Status-Code=504 (Gateway Timeout) for "https://ppssupport-itgllbh7.inc.hp.com/us-en"  	[MsgId: MERR-26608]
BrowserCall_HomePage.c(5): Error -26608: HTTP Status-Code=504 (Gateway Timeout) for "https://ppssupport-itgllbh7.inc.hp.com/us-en"  	[MsgId: MERR-26608]
BrowserCall_HomePage.c(5): Error -26608: HTTP Status-Code=504 (Gateway Timeout) for "https://ppssupport-itgllbh7.inc.hp.com/us-en"  	[MsgId: MERR-26608]
BrowserCall_HomePage.c(5): Error -26608: HTTP Status-Code=504 (Gateway Timeout) for "https://ppssupport-itgllbh7.inc.hp.com/us-en"  	[MsgId: MERR-26608]
BrowserCall_ComputerPage.c(5): Error -26608: HTTP Status-Code=504 (Gateway Timeout) for "https://ppssupport-itgllbh7.inc.hp.com/us-en/computer"  	[MsgId: MERR-26608]
Homepage.c(5): Error -27645: Step download timeout (120 seconds) has expired when only cross-step downloads (0) were active  	[MsgId: MERR-27645]
Homepage.c(5): Error -27645: Step download timeout (120 seconds) has expired when only cross-step downloads (0) were active  	[MsgId: MERR-27645]
Homepage.c(5): Error -27645: Step download timeout (120 seconds) has expired when only cross-step downloads (0) were active  	[MsgId: MERR-27645]
ComputerLandingPage.c(9): Error -27645: Step download timeout (120 seconds) has expired when only cross-step downloads (0) were active  	[MsgId: MERR-27645]
PrinterSetupPage_AnonymousUser.c(21): Error -26608: HTTP Status-Code=504 (Gateway Timeout) for "https://ppssupport-itgllbh7.inc.hp.com/au-en/printer-setup/hp-deskjet-ink-advantage-ultra-2529-all-in-one-printer-series/7787695"  	[MsgId: MERR-26608]
BrowserCall_HomePage.c(5): Error -26608: HTTP Status-Code=504 (Gateway Timeout) for "https://ppssupport-itgllbh7.inc.hp.com/us-en"  	[MsgId: MERR-26608]
Homepage.c(5): Error -26608: HTTP Status-Code=504 (Gateway Timeout) for "https://ppssupport-itgllbh7.inc.hp.com/us-en"  	[MsgId: MERR-26608]
BrowserCall_HomePage.c(5): Error -26608: HTTP Status-Code=504 (Gateway Timeout) for "https://ppssupport-itgllbh7.inc.hp.com/us-en"  	[MsgId: MERR-26608]
PrintSetupPage.c(7): Error -26608: HTTP Status-Code=504 (Gateway Timeout) for "https://ppssupport-itgllbh7.inc.hp.com/us-en/printer-setup"  	[MsgId: MERR-26608]
PrinterSetupPage_AnonymousUser.c(21): Error -26608: HTTP Status-Code=504 (Gateway Timeout) for "https://ppssupport-itgllbh7.inc.hp.com/au-en/printer-setup/hp-deskjet-f4400-all-in-one-printer-series/3742084"  	[MsgId: MERR-26608]
BrowserCall_HomePage.c(5): Error -26608: HTTP Status-Code=504 (Gateway Timeout) for "https://ppssupport-itgllbh7.inc.hp.com/us-en"  	[MsgId: MERR-26608]
PrinterSetupPage_AnonymousUser.c(21): Error -26608: HTTP Status-Code=504 (Gateway Timeout) for "https://ppssupport-itgllbh7.inc.hp.com/au-en/printer-setup/hp-deskjet-ink-advantage-ultra-2529-all-in-one-printer-series/7787695"  	[MsgId: MERR-26608]
ComputerLandingPage.c(9): Error -26608: HTTP Status-Code=504 (Gateway Timeout) for "https://ppssupport-itgllbh7.inc.hp.com/us-en/computer"  	[MsgId: MERR-26608]
Homepage.c(5): Error -26608: HTTP Status-Code=504 (Gateway Timeout) for "https://ppssupport-itgllbh7.inc.hp.com/us-en"  	[MsgId: MERR-26608]
Homepage.c(5): Error -27645: Step download timeout (120 seconds) has expired when only cross-step downloads (0) were active  	[MsgId: MERR-27645]
BrowserCall_HomePage.c(5): Error -26608: HTTP Status-Code=504 (Gateway Timeout) for "https://ppssupport-itgllbh7.inc.hp.com/us-en"  	[MsgId: MERR-26608]
PrinterSetupPage_AnonymousUser.c(21): Error -26608: HTTP Status-Code=504 (Gateway Timeout) for "https://ppssupport-itgllbh7.inc.hp.com/au-en/printer-setup/hp-deskjet-ink-advantage-ultra-2529-all-in-one-printer-series/7787695"  	[MsgId: MERR-26608]
BrowserCall_HomePage.c(5): Error -26608: HTTP Status-Code=504 (Gateway Timeout) for "https://ppssupport-itgllbh7.inc.hp.com/us-en"  	[MsgId: MERR-26608]
BrowserCall_HomePage.c(5): Error -26608: HTTP Status-Code=504 (Gateway Timeout) for "https://ppssupport-itgllbh7.inc.hp.com/us-en"  	[MsgId: MERR-26608]
Homepage.c(5): Error -27645: Step download timeout (120 seconds) has expired when only cross-step downloads (0) were active  	[MsgId: MERR-27645]
BrowserCall_HomePage.c(5): Error -26608: HTTP Status-Code=504 (Gateway Timeout) for "https://ppssupport-itgllbh7.inc.hp.com/us-en"  	[MsgId: MERR-26608]
PrinterSetupPage_AnonymousUser.c(21): Error -26608: HTTP Status-Code=504 (Gateway Timeout) for "https://ppssupport-itgllbh7.inc.hp.com/au-en/printer-setup/hp-deskjet-f4400-all-in-one-printer-series/3742084"  	[MsgId: MERR-26608]
PrinterSetup_Landing_SEO.c(8): Error -27645: Step download timeout (120 seconds) has expired when only cross-step downloads (0) were active  	[MsgId: MERR-27645]
BrowserCall_HomePage.c(5): Error -26608: HTTP Status-Code=504 (Gateway Timeout) for "https://ppssupport-itgllbh7.inc.hp.com/us-en"  	[MsgId: MERR-26608]
BrowserCall_ComputerPage.c(5): Error -26608: HTTP Status-Code=504 (Gateway Timeout) for "https://ppssupport-itgllbh7.inc.hp.com/us-en/computer"  	[MsgId: MERR-26608]
Homepage.c(5): Error -26608: HTTP Status-Code=504 (Gateway Timeout) for "https://ppssupport-itgllbh7.inc.hp.com/us-en"  	[MsgId: MERR-26608]
Homepage.c(5): Error -26608: HTTP Status-Code=504 (Gateway Timeout) for "https://ppssupport-itgllbh7.inc.hp.com/us-en"  	[MsgId: MERR-26608]
PrinterSetupPage_AnonymousUser.c(21): Error -26608: HTTP Status-Code=504 (Gateway Timeout) for "https://ppssupport-itgllbh7.inc.hp.com/au-en/printer-setup/hp-deskjet-ink-advantage-ultra-2529-all-in-one-printer-series/7787695"  	[MsgId: MERR-26608]
ComputerLandingPage.c(9): Error -27645: Step download timeout (120 seconds) has expired when only cross-step downloads (0) were active  	[MsgId: MERR-27645]
PrinterLandingPage.c(9): Error -27645: Step download timeout (120 seconds) has expired when only cross-step downloads (0) were active  	[MsgId: MERR-27645]
BrowserCall_PrinterLandingPage.c(5): Error -26608: HTTP Status-Code=504 (Gateway Timeout) for "https://ppssupport-itgllbh7.inc.hp.com/us-en/printer"  	[MsgId: MERR-26608]
Homepage.c(5): Error -27645: Step download timeout (120 seconds) has expired when only cross-step downloads (0) were active  	[MsgId: MERR-27645]
BrowserCall_HomePage.c(5): Error -26608: HTTP Status-Code=504 (Gateway Timeout) for "https://ppssupport-itgllbh7.inc.hp.com/us-en"  	[MsgId: MERR-26608]
BrowserCall_PrinterLandingPage.c(5): Error -26608: HTTP Status-Code=504 (Gateway Timeout) for "https://ppssupport-itgllbh7.inc.hp.com/us-en/printer"  	[MsgId: MERR-26608]
Homepage.c(5): Error -27645: Step download timeout (120 seconds) has expired when only cross-step downloads (0) were active  	[MsgId: MERR-27645]
PrintSetupPage.c(7): Error -27645: Step download timeout (120 seconds) has expired when only cross-step downloads (0) were active  	[MsgId: MERR-27645]
PrinterSetup_Landing_SEO.c(8): Error -27645: Step download timeout (120 seconds) has expired when only cross-step downloads (0) were active  	[MsgId: MERR-27645]
BrowserCall_ComputerPage.c(5): Error -26608: HTTP Status-Code=504 (Gateway Timeout) for "https://ppssupport-itgllbh7.inc.hp.com/us-en/computer"  	[MsgId: MERR-26608]
PrinterLandingPage.c(9): Error -26608: HTTP Status-Code=504 (Gateway Timeout) for "https://ppssupport-itgllbh7.inc.hp.com/us-en/printer"  	[MsgId: MERR-26608]
Homepage.c(5): Error -26608: HTTP Status-Code=504 (Gateway Timeout) for "https://ppssupport-itgllbh7.inc.hp.com/us-en"  	[MsgId: MERR-26608]
PrinterSetupPage_AnonymousUser.c(21): Error -26608: HTTP Status-Code=504 (Gateway Timeout) for "https://ppssupport-itgllbh7.inc.hp.com/au-en/printer-setup/hp-deskjet-f4500-all-in-one-printer-series/3944755"  	[MsgId: MERR-26608]
Homepage.c(5): Error -26608: HTTP Status-Code=504 (Gateway Timeout) for "https://ppssupport-itgllbh7.inc.hp.com/us-en"  	[MsgId: MERR-26608]
ComputerLandingPage.c(9): Error -27645: Step download timeout (120 seconds) has expired when only cross-step downloads (0) were active  	[MsgId: MERR-27645]
PrinterLandingPage.c(9): Error -26608: HTTP Status-Code=504 (Gateway Timeout) for "https://ppssupport-itgllbh7.inc.hp.com/us-en/printer"  	[MsgId: MERR-26608]
PrinterLandingPage.c(9): Error -27760: Request "https://ppssupport-itgllbh7.inc.hp.com/us-en/printer" failed  	[MsgId: MERR-27760]
Homepage.c(5): Error -27760: Request "https://ppssupport-itgllbh7.inc.hp.com/us-en" failed  	[MsgId: MERR-27760]
ComputerLandingPage.c(9): Error -27760: Request "https://ppssupport-itgllbh7.inc.hp.com/us-en/computer" failed  	[MsgId: MERR-27760]
PrinterLandingPage.c(9): Error -27760: Request "https://ppssupport-itgllbh7.inc.hp.com/us-en/printer" failed  	[MsgId: MERR-27760]
PrinterLandingPage.c(9): Error -27760: Request "https://ppssupport-itgllbh7.inc.hp.com/us-en/printer" failed  	[MsgId: MERR-27760]
ComputerLandingPage.c(9): Error -27760: Request "https://ppssupport-itgllbh7.inc.hp.com/us-en/computer" failed  	[MsgId: MERR-27760]
PrintSetupPage.c(7): Error -27760: Request "https://ppssupport-itgllbh7.inc.hp.com/us-en/printer-setup" failed  	[MsgId: MERR-27760]
PrinterSetup_Landing_SEO.c(8): Error -27760: Request "https://ppssupport-itgllbh7.inc.hp.com/au-en/printer-setup/hp-deskjet-f4500-all-in-one-printer-series/3944755" failed  	[MsgId: MERR-27760]
PrinterSetup_Landing_SEO.c(8): Error -27760: Request "https://ppssupport-itgllbh7.inc.hp.com/au-en/printer-setup/hp-deskjet-ink-advantage-ultra-2529-all-in-one-printer-series/7787695" failed  	[MsgId: MERR-27760]
PrinterLandingPage.c(9): Error -27760: Request "https://ppssupport-itgllbh7.inc.hp.com/us-en/printer" failed  	[MsgId: MERR-27760]
