SiteHomePage.c(5): Error -26608: HTTP Status-Code=504 (Gateway Timeout) for "https://ppssupport-itgllbh7.inc.hp.com/us-en"  	[MsgId: MERR-26608]
Printersetup_SeriesPage.c(21): Error -26608: HTTP Status-Code=504 (Gateway Timeout) for "https://ppssupport-itgllbh7.inc.hp.com/us-en/printer-setup/hp-deskjet-2130-all-in-one-printer-series/7174550"  	[MsgId: MERR-26608]
PrinterLandingPage.c(5): Error -26608: HTTP Status-Code=504 (Gateway Timeout) for "https://ppssupport-itgllbh7.inc.hp.com/us-en/printer"  	[MsgId: MERR-26608]
SiteHomePage.c(5): Error -26608: HTTP Status-Code=504 (Gateway Timeout) for "https://ppssupport-itgllbh7.inc.hp.com/us-en"  	[MsgId: MERR-26608]
PrinterLandingPage.c(5): Error -26608: HTTP Status-Code=504 (Gateway Timeout) for "https://ppssupport-itgllbh7.inc.hp.com/us-en/printer"  	[MsgId: MERR-26608]
SiteHomePage.c(5): Error -26608: HTTP Status-Code=504 (Gateway Timeout) for "https://ppssupport-itgllbh7.inc.hp.com/us-en"  	[MsgId: MERR-26608]
PrinterSetup_ModelPage.c(142): Error -26608: HTTP Status-Code=504 (Gateway Timeout) for "https://ppssupport-itgllbh7.inc.hp.com/wcc-assets/data/country-selector.json"  	[MsgId: MERR-26608]
SiteHomePage.c(5): Error -26608: HTTP Status-Code=504 (Gateway Timeout) for "https://ppssupport-itgllbh7.inc.hp.com/us-en"  	[MsgId: MERR-26608]
PrinterSetup_ModelPage.c(142): Error -26608: HTTP Status-Code=504 (Gateway Timeout) for "https://ppssupport-itgllbh7.inc.hp.com/wcc-assets/data/country-selector.json"  	[MsgId: MERR-26608]
PrinterSetup_ModelPage.c(27): Error -26608: HTTP Status-Code=504 (Gateway Timeout) for "https://ppssupport-itgllbh7.inc.hp.com/us-en/printer-setup/hp-envy-5000-all-in-one-printer-series/14095644/model/11262035"  	[MsgId: MERR-26608]
PrinterSetup_ModelPage.c(27): Error -26608: HTTP Status-Code=504 (Gateway Timeout) for "https://ppssupport-itgllbh7.inc.hp.com/us-en/printer-setup/hp-envy-5000-all-in-one-printer-series/14095644/model/11262035"  	[MsgId: MERR-26608]
SiteHomePage.c(5): Error -26608: HTTP Status-Code=504 (Gateway Timeout) for "https://ppssupport-itgllbh7.inc.hp.com/us-en"  	[MsgId: MERR-26608]
PrintSetupLanding.c(15): Error -26608: HTTP Status-Code=504 (Gateway Timeout) for "https://ppssupport-itgllbh7.inc.hp.com/us-en/printer-setup"  	[MsgId: MERR-26608]
PrintSetupLanding.c(15): Error -26608: HTTP Status-Code=504 (Gateway Timeout) for "https://ppssupport-itgllbh7.inc.hp.com/us-en/printer-setup"  	[MsgId: MERR-26608]
SiteHomePage.c(5): Error -26608: HTTP Status-Code=504 (Gateway Timeout) for "https://ppssupport-itgllbh7.inc.hp.com/us-en"  	[MsgId: MERR-26608]
PrinterLandingPage.c(5): Error -26608: HTTP Status-Code=504 (Gateway Timeout) for "https://ppssupport-itgllbh7.inc.hp.com/us-en/printer"  	[MsgId: MERR-26608]
PrinterSetup_ModelPage.c(142): Error -26608: HTTP Status-Code=504 (Gateway Timeout) for "https://ppssupport-itgllbh7.inc.hp.com/wcc-assets/data/country-selector.json"  	[MsgId: MERR-26608]
PrintSetupLanding.c(15): Error -26608: HTTP Status-Code=504 (Gateway Timeout) for "https://ppssupport-itgllbh7.inc.hp.com/us-en/printer-setup"  	[MsgId: MERR-26608]
PrinterSetup_ModelPage.c(27): Error -26608: HTTP Status-Code=504 (Gateway Timeout) for "https://ppssupport-itgllbh7.inc.hp.com/us-en/printer-setup/hp-envy-5000-all-in-one-printer-series/14095644/model/11262035"  	[MsgId: MERR-26608]
Printersetup_SeriesPage.c(21): Error -26608: HTTP Status-Code=504 (Gateway Timeout) for "https://ppssupport-itgllbh7.inc.hp.com/us-en/printer-setup/hp-deskjet-2130-all-in-one-printer-series/7174550"  	[MsgId: MERR-26608]
Printersetup_SeriesPage.c(21): Error -26608: HTTP Status-Code=504 (Gateway Timeout) for "https://ppssupport-itgllbh7.inc.hp.com/us-en/printer-setup/hp-deskjet-3700-all-in-one-printer-series/11262035"  	[MsgId: MERR-26608]
PrintSetupLanding.c(15): Error -26608: HTTP Status-Code=504 (Gateway Timeout) for "https://ppssupport-itgllbh7.inc.hp.com/us-en/printer-setup"  	[MsgId: MERR-26608]
SiteHomePage.c(5): Error -26608: HTTP Status-Code=504 (Gateway Timeout) for "https://ppssupport-itgllbh7.inc.hp.com/us-en"  	[MsgId: MERR-26608]
PrintSetupLanding.c(15): Error -26608: HTTP Status-Code=504 (Gateway Timeout) for "https://ppssupport-itgllbh7.inc.hp.com/us-en/printer-setup"  	[MsgId: MERR-26608]
PrinterLandingPage.c(5): Error -26608: HTTP Status-Code=504 (Gateway Timeout) for "https://ppssupport-itgllbh7.inc.hp.com/us-en/printer"  	[MsgId: MERR-26608]
Printersetup_SeriesPage.c(21): Error -26608: HTTP Status-Code=504 (Gateway Timeout) for "https://ppssupport-itgllbh7.inc.hp.com/us-en/printer-setup/hp-deskjet-2130-all-in-one-printer-series/7174550"  	[MsgId: MERR-26608]
PrinterSetup_ModelPage.c(27): Error -26608: HTTP Status-Code=504 (Gateway Timeout) for "https://ppssupport-itgllbh7.inc.hp.com/us-en/printer-setup/hp-deskjet-3700-all-in-one-printer-series/8954253/model/11262035"  	[MsgId: MERR-26608]
SiteHomePage.c(5): Error -26608: HTTP Status-Code=504 (Gateway Timeout) for "https://ppssupport-itgllbh7.inc.hp.com/us-en"  	[MsgId: MERR-26608]
PrinterLandingPage.c(5): Error -26608: HTTP Status-Code=504 (Gateway Timeout) for "https://ppssupport-itgllbh7.inc.hp.com/us-en/printer"  	[MsgId: MERR-26608]
SiteHomePage.c(5): Error -26608: HTTP Status-Code=504 (Gateway Timeout) for "https://ppssupport-itgllbh7.inc.hp.com/us-en"  	[MsgId: MERR-26608]
PrintSetupLanding.c(15): Error -26608: HTTP Status-Code=504 (Gateway Timeout) for "https://ppssupport-itgllbh7.inc.hp.com/us-en/printer-setup"  	[MsgId: MERR-26608]
PrintSetupLanding.c(15): Error -26608: HTTP Status-Code=504 (Gateway Timeout) for "https://ppssupport-itgllbh7.inc.hp.com/us-en/printer-setup"  	[MsgId: MERR-26608]
PrinterSetup_ModelPage.c(142): Error -26608: HTTP Status-Code=504 (Gateway Timeout) for "https://ppssupport-itgllbh7.inc.hp.com/wcc-assets/data/country-selector.json"  	[MsgId: MERR-26608]
PrinterSetup_ModelPage.c(142): Error -26608: HTTP Status-Code=504 (Gateway Timeout) for "https://ppssupport-itgllbh7.inc.hp.com/wcc-assets/data/country-selector.json"  	[MsgId: MERR-26608]
PrinterSetup_ModelPage.c(27): Error -26608: HTTP Status-Code=504 (Gateway Timeout) for "https://ppssupport-itgllbh7.inc.hp.com/us-en/printer-setup/hp-envy-5000-all-in-one-printer-series/14095644/model/11262035"  	[MsgId: MERR-26608]
PrinterLandingPage.c(5): Error -26608: HTTP Status-Code=504 (Gateway Timeout) for "https://ppssupport-itgllbh7.inc.hp.com/us-en/printer"  	[MsgId: MERR-26608]
PrinterSetup_ModelPage.c(27): Error -26608: HTTP Status-Code=504 (Gateway Timeout) for "https://ppssupport-itgllbh7.inc.hp.com/us-en/printer-setup/hp-envy-5000-all-in-one-printer-series/14095644/model/11262035"  	[MsgId: MERR-26608]
SiteHomePage.c(5): Error -26608: HTTP Status-Code=504 (Gateway Timeout) for "https://ppssupport-itgllbh7.inc.hp.com/us-en"  	[MsgId: MERR-26608]
PrinterLandingPage.c(5): Error -26608: HTTP Status-Code=504 (Gateway Timeout) for "https://ppssupport-itgllbh7.inc.hp.com/us-en/printer"  	[MsgId: MERR-26608]
SiteHomePage.c(5): Error -26608: HTTP Status-Code=504 (Gateway Timeout) for "https://ppssupport-itgllbh7.inc.hp.com/us-en"  	[MsgId: MERR-26608]
Printersetup_SeriesPage.c(21): Error -26608: HTTP Status-Code=504 (Gateway Timeout) for "https://ppssupport-itgllbh7.inc.hp.com/us-en/printer-setup/hp-deskjet-2130-all-in-one-printer-series/7174550"  	[MsgId: MERR-26608]
PrinterSetup_ModelPage.c(142): Error -26608: HTTP Status-Code=504 (Gateway Timeout) for "https://ppssupport-itgllbh7.inc.hp.com/wcc-assets/data/country-selector.json"  	[MsgId: MERR-26608]
Printersetup_SeriesPage.c(21): Error -26608: HTTP Status-Code=504 (Gateway Timeout) for "https://ppssupport-itgllbh7.inc.hp.com/us-en/printer-setup/hp-deskjet-f4500-all-in-one-printer-series/3944755"  	[MsgId: MERR-26608]
SiteHomePage.c(5): Error -26608: HTTP Status-Code=504 (Gateway Timeout) for "https://ppssupport-itgllbh7.inc.hp.com/us-en"  	[MsgId: MERR-26608]
Printersetup_SeriesPage.c(21): Error -26608: HTTP Status-Code=504 (Gateway Timeout) for "https://ppssupport-itgllbh7.inc.hp.com/us-en/printer-setup/hp-deskjet-f4500-all-in-one-printer-series/3944755"  	[MsgId: MERR-26608]
SiteHomePage.c(5): Error -26608: HTTP Status-Code=504 (Gateway Timeout) for "https://ppssupport-itgllbh7.inc.hp.com/us-en"  	[MsgId: MERR-26608]
PrinterLandingPage.c(5): Error -26608: HTTP Status-Code=504 (Gateway Timeout) for "https://ppssupport-itgllbh7.inc.hp.com/us-en/printer"  	[MsgId: MERR-26608]
PrinterSetup_ModelPage.c(27): Error -26608: HTTP Status-Code=504 (Gateway Timeout) for "https://ppssupport-itgllbh7.inc.hp.com/us-en/printer-setup/hp-deskjet-3700-all-in-one-printer-series/8954253/model/11262035"  	[MsgId: MERR-26608]
PrinterLandingPage.c(5): Error -26608: HTTP Status-Code=504 (Gateway Timeout) for "https://ppssupport-itgllbh7.inc.hp.com/us-en/printer"  	[MsgId: MERR-26608]
ComputerLandingPage.c(5): Error -26608: HTTP Status-Code=504 (Gateway Timeout) for "https://ppssupport-itgllbh7.inc.hp.com/us-en/computer"  	[MsgId: MERR-26608]
PrinterSetup_ModelPage.c(142): Error -26608: HTTP Status-Code=504 (Gateway Timeout) for "https://ppssupport-itgllbh7.inc.hp.com/wcc-assets/data/country-selector.json"  	[MsgId: MERR-26608]
SiteHomePage.c(5): Error -26608: HTTP Status-Code=504 (Gateway Timeout) for "https://ppssupport-itgllbh7.inc.hp.com/us-en"  	[MsgId: MERR-26608]
SiteHomePage.c(5): Error -26608: HTTP Status-Code=504 (Gateway Timeout) for "https://ppssupport-itgllbh7.inc.hp.com/us-en"  	[MsgId: MERR-26608]
ComputerLandingPage.c(5): Error -26608: HTTP Status-Code=504 (Gateway Timeout) for "https://ppssupport-itgllbh7.inc.hp.com/us-en/computer"  	[MsgId: MERR-26608]
PrinterLandingPage.c(5): Error -26608: HTTP Status-Code=504 (Gateway Timeout) for "https://ppssupport-itgllbh7.inc.hp.com/us-en/printer"  	[MsgId: MERR-26608]
PrinterLandingPage.c(5): Error -26608: HTTP Status-Code=504 (Gateway Timeout) for "https://ppssupport-itgllbh7.inc.hp.com/us-en/printer"  	[MsgId: MERR-26608]
PrinterSetup_ModelPage.c(142): Error -26608: HTTP Status-Code=504 (Gateway Timeout) for "https://ppssupport-itgllbh7.inc.hp.com/wcc-assets/data/country-selector.json"  	[MsgId: MERR-26608]
PrinterLandingPage.c(5): Error -26608: HTTP Status-Code=504 (Gateway Timeout) for "https://ppssupport-itgllbh7.inc.hp.com/us-en/printer"  	[MsgId: MERR-26608]
PrintSetupLanding.c(15): Error -26608: HTTP Status-Code=504 (Gateway Timeout) for "https://ppssupport-itgllbh7.inc.hp.com/us-en/printer-setup"  	[MsgId: MERR-26608]
PrintSetupLanding.c(15): Error -26608: HTTP Status-Code=504 (Gateway Timeout) for "https://ppssupport-itgllbh7.inc.hp.com/us-en/printer-setup"  	[MsgId: MERR-26608]
SiteHomePage.c(5): Error -26608: HTTP Status-Code=504 (Gateway Timeout) for "https://ppssupport-itgllbh7.inc.hp.com/us-en"  	[MsgId: MERR-26608]
Printersetup_SeriesPage.c(21): Error -26608: HTTP Status-Code=504 (Gateway Timeout) for "https://ppssupport-itgllbh7.inc.hp.com/us-en/printer-setup/hp-deskjet-f4400-all-in-one-printer-series/3742084"  	[MsgId: MERR-26608]
SiteHomePage.c(5): Error -26608: HTTP Status-Code=504 (Gateway Timeout) for "https://ppssupport-itgllbh7.inc.hp.com/us-en"  	[MsgId: MERR-26608]
PrinterLandingPage.c(5): Error -26608: HTTP Status-Code=504 (Gateway Timeout) for "https://ppssupport-itgllbh7.inc.hp.com/us-en/printer"  	[MsgId: MERR-26608]
Printersetup_SeriesPage.c(21): Error -26608: HTTP Status-Code=504 (Gateway Timeout) for "https://ppssupport-itgllbh7.inc.hp.com/us-en/printer-setup/hp-deskjet-f4500-all-in-one-printer-series/3944755"  	[MsgId: MERR-26608]
PrinterLandingPage.c(5): Error -26608: HTTP Status-Code=504 (Gateway Timeout) for "https://ppssupport-itgllbh7.inc.hp.com/us-en/printer"  	[MsgId: MERR-26608]
SiteHomePage.c(5): Error -26608: HTTP Status-Code=504 (Gateway Timeout) for "https://ppssupport-itgllbh7.inc.hp.com/us-en"  	[MsgId: MERR-26608]
Printersetup_SeriesPage.c(21): Error -26608: HTTP Status-Code=504 (Gateway Timeout) for "https://ppssupport-itgllbh7.inc.hp.com/us-en/printer-setup/hp-deskjet-3700-all-in-one-printer-series/11262035"  	[MsgId: MERR-26608]
PrinterLandingPage.c(5): Error -26608: HTTP Status-Code=504 (Gateway Timeout) for "https://ppssupport-itgllbh7.inc.hp.com/us-en/printer"  	[MsgId: MERR-26608]
SiteHomePage.c(5): Error -26608: HTTP Status-Code=504 (Gateway Timeout) for "https://ppssupport-itgllbh7.inc.hp.com/us-en"  	[MsgId: MERR-26608]
ComputerLandingPage.c(5): Error -26608: HTTP Status-Code=504 (Gateway Timeout) for "https://ppssupport-itgllbh7.inc.hp.com/us-en/computer"  	[MsgId: MERR-26608]
PrintSetupLanding.c(15): Error -26608: HTTP Status-Code=504 (Gateway Timeout) for "https://ppssupport-itgllbh7.inc.hp.com/us-en/printer-setup"  	[MsgId: MERR-26608]
PrinterLandingPage.c(5): Error -26608: HTTP Status-Code=504 (Gateway Timeout) for "https://ppssupport-itgllbh7.inc.hp.com/us-en/printer"  	[MsgId: MERR-26608]
SiteHomePage.c(5): Error -26608: HTTP Status-Code=504 (Gateway Timeout) for "https://ppssupport-itgllbh7.inc.hp.com/us-en"  	[MsgId: MERR-26608]
PrinterLandingPage.c(5): Error -26608: HTTP Status-Code=504 (Gateway Timeout) for "https://ppssupport-itgllbh7.inc.hp.com/us-en/printer"  	[MsgId: MERR-26608]
ComputerLandingPage.c(5): Error -26608: HTTP Status-Code=504 (Gateway Timeout) for "https://ppssupport-itgllbh7.inc.hp.com/us-en/computer"  	[MsgId: MERR-26608]
PrintSetupLanding.c(15): Error -26608: HTTP Status-Code=504 (Gateway Timeout) for "https://ppssupport-itgllbh7.inc.hp.com/us-en/printer-setup"  	[MsgId: MERR-26608]
PrinterSetup_ModelPage.c(27): Error -26608: HTTP Status-Code=504 (Gateway Timeout) for "https://ppssupport-itgllbh7.inc.hp.com/us-en/printer-setup/hp-envy-5000-all-in-one-printer-series/14095644/model/11262035"  	[MsgId: MERR-26608]
Printersetup_SeriesPage.c(21): Error -26608: HTTP Status-Code=504 (Gateway Timeout) for "https://ppssupport-itgllbh7.inc.hp.com/us-en/printer-setup/hp-deskjet-3700-all-in-one-printer-series/11262035"  	[MsgId: MERR-26608]
PrintSetupLanding.c(15): Error -26608: HTTP Status-Code=504 (Gateway Timeout) for "https://ppssupport-itgllbh7.inc.hp.com/us-en/printer-setup"  	[MsgId: MERR-26608]
PrinterSetup_ModelPage.c(142): Error -26608: HTTP Status-Code=504 (Gateway Timeout) for "https://ppssupport-itgllbh7.inc.hp.com/wcc-assets/data/country-selector.json"  	[MsgId: MERR-26608]
SiteHomePage.c(5): Error -26608: HTTP Status-Code=504 (Gateway Timeout) for "https://ppssupport-itgllbh7.inc.hp.com/us-en"  	[MsgId: MERR-26608]
Printersetup_SeriesPage.c(21): Error -26608: HTTP Status-Code=504 (Gateway Timeout) for "https://ppssupport-itgllbh7.inc.hp.com/us-en/printer-setup/hp-deskjet-f4500-all-in-one-printer-series/3944755"  	[MsgId: MERR-26608]
PrinterSetup_ModelPage.c(142): Error -26608: HTTP Status-Code=504 (Gateway Timeout) for "https://ppssupport-itgllbh7.inc.hp.com/wcc-assets/data/country-selector.json"  	[MsgId: MERR-26608]
SiteHomePage.c(5): Error -26608: HTTP Status-Code=504 (Gateway Timeout) for "https://ppssupport-itgllbh7.inc.hp.com/us-en"  	[MsgId: MERR-26608]
PrinterLandingPage.c(5): Error -26608: HTTP Status-Code=504 (Gateway Timeout) for "https://ppssupport-itgllbh7.inc.hp.com/us-en/printer"  	[MsgId: MERR-26608]
SiteHomePage.c(60): Error -27645: Step download timeout (120 seconds) has expired when only cross-step downloads (0) were active  	[MsgId: MERR-27645]
SiteHomePage.c(127): Error -27760: Request "https://ppssupport-itgllbh7.inc.hp.com/wcc-services/cms-v2/us-en/wcc_sitehome_tiles" failed  	[MsgId: MERR-27760]
PrinterSetup_ModelPage.c(154): Error -27760: Request "https://ppssupport-itgllbh7.inc.hp.com/wcc-services/cms-v1/us-en/wcc_sitehome_alerts" failed  	[MsgId: MERR-27760]
ComputerLandingPage.c(174): Error -27760: Request "https://ppssupport-itgllbh7.inc.hp.com/wcc-services/cms-v2/us-en/wcc_land_comp_banner" failed  	[MsgId: MERR-27760]
PrinterSetup_ModelPage.c(130): Error -27760: Request "https://ppssupport-itgllbh7.inc.hp.com/wcc-services/cms-v2/us-en/wcc_second_Nav" failed  	[MsgId: MERR-27760]
PrinterSetup_ModelPage.c(130): Error -27760: Request "https://ppssupport-itgllbh7.inc.hp.com/wcc-services/cms-v2/us-en/wcc_second_Nav" failed  	[MsgId: MERR-27760]
SiteHomePage.c(18): Error -27760: Request "https://ppssupport-itgllbh7.inc.hp.com/wcc-services/cms-v2/us-en/wcc_sitehome_supportresources" failed  	[MsgId: MERR-27760]
PrinterSetup_ModelPage.c(265): Error -27760: Request "https://ppssupport-itgllbh7.inc.hp.com/wcc-services/printsetup/steps" failed  	[MsgId: MERR-27760]
PrinterLandingPage.c(146): Error -27760: Request "https://ppssupport-itgllbh7.inc.hp.com/wcc-services/cms-v1/us-en/wcc_sitehome_alerts" failed  	[MsgId: MERR-27760]
PrinterSetup_ModelPage.c(67): Error -27760: Request "https://ppssupport-itgllbh7.inc.hp.com/wcc-services/termbase/us-en/printerSetup" failed  	[MsgId: MERR-27760]
PrintSetupLanding.c(82): Error -27760: Request "https://ppssupport-itgllbh7.inc.hp.com/wcc-services/termbase/us-en/printerSetupLanding" failed  	[MsgId: MERR-27760]
SiteHomePage.c(167): Error -27760: Request "https://ppssupport-itgllbh7.inc.hp.com/wcc-services/termbase/us-en/siteHome" failed  	[MsgId: MERR-27760]
PrintSetupLanding.c(108): Error -27760: Request "https://ppssupport-itgllbh7.inc.hp.com/wcc-services/cms-v1/us-en/wcc_sitehome_alerts" failed  	[MsgId: MERR-27760]
SiteHomePage.c(18): Error -27760: Request "https://ppssupport-itgllbh7.inc.hp.com/wcc-services/cms-v2/us-en/wcc_sitehome_supportresources" failed  	[MsgId: MERR-27760]
PrinterSetup_ModelPage.c(53): Error -27760: Request "https://ppssupport-itgllbh7.inc.hp.com/wcc-services/ssc/region" failed  	[MsgId: MERR-27760]
SiteHomePage.c(154): Error -27760: Request "https://ppssupport-itgllbh7.inc.hp.com/wcc-services/sitemap/href" failed  	[MsgId: MERR-27760]
SiteHomePage.c(18): Error -27760: Request "https://ppssupport-itgllbh7.inc.hp.com/wcc-services/cms-v2/us-en/wcc_sitehome_supportresources" failed  	[MsgId: MERR-27760]
PrinterLandingPage.c(20): Error -27760: Request "https://ppssupport-itgllbh7.inc.hp.com/wcc-services/ssc/config/us-en/printerLanding" failed  	[MsgId: MERR-27760]
SiteHomePage.c(141): Error -27760: Request "https://ppssupport-itgllbh7.inc.hp.com/wcc-services/cms-v1/us-en/wcc_sitehome_alerts" failed  	[MsgId: MERR-27760]
PrinterLandingPage.c(66): Error -27760: Request "https://ppssupport-itgllbh7.inc.hp.com/wcc-services/cms-v2/us-en/wcc_land_print_primaryoptions" failed  	[MsgId: MERR-27760]
PrintSetupLanding.c(150): Error -27760: Request "https://ppssupport-itgllbh7.inc.hp.com/wcc-services/searchresult/us-en?q=deskjet&context=pdpMethod=GET" failed  	[MsgId: MERR-27760]
