PrinterSetup_Landing_SEO.c(8): Continuing after Error -26610: HTTP Status-Code=502 (Bad Gateway) for "https://ppssupport-itgllbh7.inc.hp.com/au-en/printer-setup/hp-deskjet-ink-advantage-ultra-2529-all-in-one-printer-series/7787695"  	[MsgId: MERR-26610]
PrintSetupPage.c(7): Continuing after Error -26610: HTTP Status-Code=502 (Bad Gateway) for "https://ppssupport-itgllbh7.inc.hp.com/us-en/printer-setup"  	[MsgId: MERR-26610]
BrowserCall_ComputerPage.c(143): Continuing after Error -27760: Request "https://ppssupport-itgllbh7.inc.hp.com/wcc-services/cms-v1/us-en/wcc_sitehome_producticons" failed  	[MsgId: MERR-27760]
BrowserCall_PrinterLandingPage.c(98): Continuing after Error -27760: Request "https://ppssupport-itgllbh7.inc.hp.com/wcc-services/cms-v1/us-en/wcc_land_print_carousel" failed  	[MsgId: MERR-27760]
PrinterSetupPage_AnonymousUser.c(159): Continuing after Error -27760: Request "https://ppssupport-itgllbh7.inc.hp.com/wcc-services/productdata" failed  	[MsgId: MERR-27760]
BrowserCall_ComputerPage.c(188): Continuing after Error -27760: Request "https://ppssupport-itgllbh7.inc.hp.com/wcc-services/cms-v1/us-en/wcc_land_comp_topicoptions" failed  	[MsgId: MERR-27760]
BrowserCall_HomePage.c(73): Continuing after Error -27760: Request "https://ppssupport-itgllbh7.inc.hp.com/wcc-services/cms-v1/us-en/wcc_sitehome_carousel" failed  	[MsgId: MERR-27760]
BrowserCall_ComputerPage.c(115): Continuing after Error -27760: Request "https://ppssupport-itgllbh7.inc.hp.com/wcc-services/cms-v1/us-en/wcc_sitehome_producticons" failed  	[MsgId: MERR-27760]
BrowserCall_PrinterLandingPage.c(130): Continuing after Error -27760: Request "https://ppssupport-itgllbh7.inc.hp.com/wcc-services/cms-v1/us-en/wcc_land_print_topicoptions" failed  	[MsgId: MERR-27760]
BrowserCall_ComputerPage.c(115): Continuing after Error -27760: Request "https://ppssupport-itgllbh7.inc.hp.com/wcc-services/cms-v1/us-en/wcc_sitehome_producticons" failed  	[MsgId: MERR-27760]
BrowserCall_HomePage.c(143): Continuing after Error -27760: Request "https://ppssupport-itgllbh7.inc.hp.com/wcc-services/cms-v1/us-en/wcc_sitehome_alerts" failed  	[MsgId: MERR-27760]
BrowserCall_HomePage.c(60): Continuing after Error -27760: Request "https://ppssupport-itgllbh7.inc.hp.com/wcc-services/cms-v1/us-en/wcc_sitehome_producticons" failed  	[MsgId: MERR-27760]
PrintSetup_Landing.c(121): Continuing after Error -27760: Request "https://ppssupport-itgllbh7.inc.hp.com/wcc-services/cms-v1/us-en/wcc_printersetup_landing_carousel" failed  	[MsgId: MERR-27760]
BrowserCall_HomePage.c(73): Continuing after Error -27760: Request "https://ppssupport-itgllbh7.inc.hp.com/wcc-services/cms-v1/us-en/wcc_sitehome_carousel" failed  	[MsgId: MERR-27760]
BrowserCall_HomePage.c(116): Continuing after Error -27760: Request "https://ppssupport-itgllbh7.inc.hp.com/wcc-services/ssc/config/us-en/siteHome" failed  	[MsgId: MERR-27760]
BrowserCall_PrinterLandingPage.c(82): Continuing after Error -27760: Request "https://ppssupport-itgllbh7.inc.hp.com/wcc-services/cms-v1/us-en/wcc_sitehome_producticons" failed  	[MsgId: MERR-27760]
BrowserCall_HomePage.c(143): Continuing after Error -27760: Request "https://ppssupport-itgllbh7.inc.hp.com/wcc-services/cms-v1/us-en/wcc_sitehome_alerts" failed  	[MsgId: MERR-27760]
BrowserCall_HomePage.c(73): Continuing after Error -27760: Request "https://ppssupport-itgllbh7.inc.hp.com/wcc-services/cms-v1/us-en/wcc_sitehome_carousel" failed  	[MsgId: MERR-27760]
PrinterSetupPage_AnonymousUser.c(141): Continuing after Error -27760: Request "https://ppssupport-itgllbh7.inc.hp.com/wcc-services/cms-v1/au-en/wcc_sitehome_alerts" failed  	[MsgId: MERR-27760]
BrowserCall_PrinterLandingPage.c(114): Continuing after Error -27760: Request "https://ppssupport-itgllbh7.inc.hp.com/wcc-services/cms-v1/us-en/wcc_land_print_banner" failed  	[MsgId: MERR-27760]
BrowserCall_HomePage.c(116): Continuing after Error -27760: Request "https://ppssupport-itgllbh7.inc.hp.com/wcc-services/ssc/config/us-en/siteHome" failed  	[MsgId: MERR-27760]
BrowserCall_HomePage.c(60): Continuing after Error -27760: Request "https://ppssupport-itgllbh7.inc.hp.com/wcc-services/cms-v1/us-en/wcc_sitehome_producticons" failed  	[MsgId: MERR-27760]
BrowserCall_ComputerPage.c(143): Continuing after Error -27760: Request "https://ppssupport-itgllbh7.inc.hp.com/wcc-services/cms-v1/us-en/wcc_sitehome_producticons" failed  	[MsgId: MERR-27760]
BrowserCall_HomePage.c(18): Continuing after Error -27760: Request "https://ppssupport-itgllbh7.inc.hp.com/wcc-services/cms-v1/us-en/wcc_sitehome_supportresources" failed  	[MsgId: MERR-27760]
BrowserCall_ComputerPage.c(143): Continuing after Error -27760: Request "https://ppssupport-itgllbh7.inc.hp.com/wcc-services/cms-v1/us-en/wcc_sitehome_producticons" failed  	[MsgId: MERR-27760]
PrinterSetupPage_AnonymousUser.c(174): Continuing after Error -27760: Request "https://ppssupport-itgllbh7.inc.hp.com/wcc-services/printsetup/ssr/au-en?oid=3944755&os=Windows%20NT%2010.0;%20Win64;%20x64&osbit=64&userType=Anonymous&standardOids=18972,238445,1142650,8954252,8954253,11262035" failed  	[MsgId: MERR-27760]
