SiteHomePage.c(199): Error -26612: HTTP Status-Code=500 (Internal Server Error) for "https://mastiff-itg.ext.hp.com/gw/hpit/cs/mastiff.itg/1.0/MastiffService-1/getOffer"  	[MsgId: MERR-26612]
Printersetup_SeriesPage.c(21): Error -26608: HTTP Status-Code=504 (Gateway Timeout) for "https://ppssupport-itgllbh7.inc.hp.com/us-en/printer-setup/hp-deskjet-ink-advantage-ultra-2529-all-in-one-printer-series/7787695"  	[MsgId: MERR-26608]
SiteHomePage.c(5): Error -26608: HTTP Status-Code=504 (Gateway Timeout) for "https://ppssupport-itgllbh7.inc.hp.com/us-en"  	[MsgId: MERR-26608]
SiteHomePage.c(5): Error -26608: HTTP Status-Code=504 (Gateway Timeout) for "https://ppssupport-itgllbh7.inc.hp.com/us-en"  	[MsgId: MERR-26608]
PrinterSetup_ModelPage.c(27): Error -26608: HTTP Status-Code=504 (Gateway Timeout) for "https://ppssupport-itgllbh7.inc.hp.com/us-en/printer-setup/hp-envy-5000-all-in-one-printer-series/14095644/model/11262035"  	[MsgId: MERR-26608]
SiteHomePage.c(5): Error -26608: HTTP Status-Code=504 (Gateway Timeout) for "https://ppssupport-itgllbh7.inc.hp.com/us-en"  	[MsgId: MERR-26608]
SiteHomePage.c(5): Error -26608: HTTP Status-Code=504 (Gateway Timeout) for "https://ppssupport-itgllbh7.inc.hp.com/us-en"  	[MsgId: MERR-26608]
SiteHomePage.c(5): Error -26608: HTTP Status-Code=504 (Gateway Timeout) for "https://ppssupport-itgllbh7.inc.hp.com/us-en"  	[MsgId: MERR-26608]
PrintSetupLanding.c(15): Error -26608: HTTP Status-Code=504 (Gateway Timeout) for "https://ppssupport-itgllbh7.inc.hp.com/us-en/printer-setup"  	[MsgId: MERR-26608]
SiteHomePage.c(5): Error -26608: HTTP Status-Code=504 (Gateway Timeout) for "https://ppssupport-itgllbh7.inc.hp.com/us-en"  	[MsgId: MERR-26608]
PrinterLandingPage.c(5): Error -26608: HTTP Status-Code=504 (Gateway Timeout) for "https://ppssupport-itgllbh7.inc.hp.com/us-en/printer"  	[MsgId: MERR-26608]
Printersetup_SeriesPage.c(21): Error -26608: HTTP Status-Code=504 (Gateway Timeout) for "https://ppssupport-itgllbh7.inc.hp.com/us-en/printer-setup/hp-deskjet-3700-all-in-one-printer-series/11262035"  	[MsgId: MERR-26608]
PrintSetupLanding.c(15): Error -26608: HTTP Status-Code=504 (Gateway Timeout) for "https://ppssupport-itgllbh7.inc.hp.com/us-en/printer-setup"  	[MsgId: MERR-26608]
PrinterLandingPage.c(5): Error -26608: HTTP Status-Code=504 (Gateway Timeout) for "https://ppssupport-itgllbh7.inc.hp.com/us-en/printer"  	[MsgId: MERR-26608]
PrintSetupLanding.c(15): Error -26608: HTTP Status-Code=504 (Gateway Timeout) for "https://ppssupport-itgllbh7.inc.hp.com/us-en/printer-setup"  	[MsgId: MERR-26608]
PrinterLandingPage.c(5): Error -26608: HTTP Status-Code=504 (Gateway Timeout) for "https://ppssupport-itgllbh7.inc.hp.com/us-en/printer"  	[MsgId: MERR-26608]
PrintSetupLanding.c(15): Error -26608: HTTP Status-Code=504 (Gateway Timeout) for "https://ppssupport-itgllbh7.inc.hp.com/us-en/printer-setup"  	[MsgId: MERR-26608]
PrintSetupLanding.c(15): Error -26608: HTTP Status-Code=504 (Gateway Timeout) for "https://ppssupport-itgllbh7.inc.hp.com/us-en/printer-setup"  	[MsgId: MERR-26608]
PrinterSetup_ModelPage.c(27): Error -26608: HTTP Status-Code=504 (Gateway Timeout) for "https://ppssupport-itgllbh7.inc.hp.com/us-en/printer-setup/hp-deskjet-3700-all-in-one-printer-series/8954253/model/11262035"  	[MsgId: MERR-26608]
PrinterSetup_ModelPage.c(27): Error -26608: HTTP Status-Code=504 (Gateway Timeout) for "https://ppssupport-itgllbh7.inc.hp.com/us-en/printer-setup/hp-envy-5000-all-in-one-printer-series/14095644/model/11262035"  	[MsgId: MERR-26608]
PrinterLandingPage.c(5): Error -26608: HTTP Status-Code=504 (Gateway Timeout) for "https://ppssupport-itgllbh7.inc.hp.com/us-en/printer"  	[MsgId: MERR-26608]
PrinterSetup_ModelPage.c(142): Error -26608: HTTP Status-Code=504 (Gateway Timeout) for "https://ppssupport-itgllbh7.inc.hp.com/wcc-assets/data/country-selector.json"  	[MsgId: MERR-26608]
SiteHomePage.c(5): Error -26608: HTTP Status-Code=504 (Gateway Timeout) for "https://ppssupport-itgllbh7.inc.hp.com/us-en"  	[MsgId: MERR-26608]
ComputerLandingPage.c(5): Error -26608: HTTP Status-Code=504 (Gateway Timeout) for "https://ppssupport-itgllbh7.inc.hp.com/us-en/computer"  	[MsgId: MERR-26608]
PrinterSetup_ModelPage.c(142): Error -26608: HTTP Status-Code=504 (Gateway Timeout) for "https://ppssupport-itgllbh7.inc.hp.com/wcc-assets/data/country-selector.json"  	[MsgId: MERR-26608]
PrintSetupLanding.c(15): Error -26608: HTTP Status-Code=504 (Gateway Timeout) for "https://ppssupport-itgllbh7.inc.hp.com/us-en/printer-setup"  	[MsgId: MERR-26608]
PrinterSetup_ModelPage.c(27): Error -26608: HTTP Status-Code=504 (Gateway Timeout) for "https://ppssupport-itgllbh7.inc.hp.com/us-en/printer-setup/hp-envy-5000-all-in-one-printer-series/14095644/model/11262035"  	[MsgId: MERR-26608]
ComputerLandingPage.c(5): Error -26608: HTTP Status-Code=504 (Gateway Timeout) for "https://ppssupport-itgllbh7.inc.hp.com/us-en/computer"  	[MsgId: MERR-26608]
PrintSetupLanding.c(15): Error -26608: HTTP Status-Code=504 (Gateway Timeout) for "https://ppssupport-itgllbh7.inc.hp.com/us-en/printer-setup"  	[MsgId: MERR-26608]
PrinterSetup_ModelPage.c(27): Error -26608: HTTP Status-Code=504 (Gateway Timeout) for "https://ppssupport-itgllbh7.inc.hp.com/us-en/printer-setup/hp-envy-5000-all-in-one-printer-series/14095644/model/11262035"  	[MsgId: MERR-26608]
Printersetup_SeriesPage.c(21): Error -26608: HTTP Status-Code=504 (Gateway Timeout) for "https://ppssupport-itgllbh7.inc.hp.com/us-en/printer-setup/hp-deskjet-2130-all-in-one-printer-series/7174550"  	[MsgId: MERR-26608]
SiteHomePage.c(5): Error -26608: HTTP Status-Code=504 (Gateway Timeout) for "https://ppssupport-itgllbh7.inc.hp.com/us-en"  	[MsgId: MERR-26608]
ComputerLandingPage.c(5): Error -26608: HTTP Status-Code=504 (Gateway Timeout) for "https://ppssupport-itgllbh7.inc.hp.com/us-en/computer"  	[MsgId: MERR-26608]
ComputerLandingPage.c(5): Error -26608: HTTP Status-Code=504 (Gateway Timeout) for "https://ppssupport-itgllbh7.inc.hp.com/us-en/computer"  	[MsgId: MERR-26608]
Printersetup_SeriesPage.c(21): Error -26608: HTTP Status-Code=504 (Gateway Timeout) for "https://ppssupport-itgllbh7.inc.hp.com/us-en/printer-setup/hp-deskjet-3700-all-in-one-printer-series/11262035"  	[MsgId: MERR-26608]
Printersetup_SeriesPage.c(21): Error -26608: HTTP Status-Code=504 (Gateway Timeout) for "https://ppssupport-itgllbh7.inc.hp.com/us-en/printer-setup/hp-deskjet-f4500-all-in-one-printer-series/3944755"  	[MsgId: MERR-26608]
PrinterSetup_ModelPage.c(27): Error -26608: HTTP Status-Code=504 (Gateway Timeout) for "https://ppssupport-itgllbh7.inc.hp.com/us-en/printer-setup/hp-envy-5000-all-in-one-printer-series/14095644/model/11262035"  	[MsgId: MERR-26608]
PrinterSetup_ModelPage.c(27): Error -26608: HTTP Status-Code=504 (Gateway Timeout) for "https://ppssupport-itgllbh7.inc.hp.com/us-en/printer-setup/hp-envy-5000-all-in-one-printer-series/14095644/model/11262035"  	[MsgId: MERR-26608]
SiteHomePage.c(5): Error -26608: HTTP Status-Code=504 (Gateway Timeout) for "https://ppssupport-itgllbh7.inc.hp.com/us-en"  	[MsgId: MERR-26608]
PrintSetupLanding.c(15): Error -26608: HTTP Status-Code=504 (Gateway Timeout) for "https://ppssupport-itgllbh7.inc.hp.com/us-en/printer-setup"  	[MsgId: MERR-26608]
SiteHomePage.c(5): Error -26608: HTTP Status-Code=504 (Gateway Timeout) for "https://ppssupport-itgllbh7.inc.hp.com/us-en"  	[MsgId: MERR-26608]
PrintSetupLanding.c(15): Error -26608: HTTP Status-Code=504 (Gateway Timeout) for "https://ppssupport-itgllbh7.inc.hp.com/us-en/printer-setup"  	[MsgId: MERR-26608]
PrinterLandingPage.c(5): Error -26608: HTTP Status-Code=504 (Gateway Timeout) for "https://ppssupport-itgllbh7.inc.hp.com/us-en/printer"  	[MsgId: MERR-26608]
PrinterLandingPage.c(5): Error -26608: HTTP Status-Code=504 (Gateway Timeout) for "https://ppssupport-itgllbh7.inc.hp.com/us-en/printer"  	[MsgId: MERR-26608]
Printersetup_SeriesPage.c(21): Error -26608: HTTP Status-Code=504 (Gateway Timeout) for "https://ppssupport-itgllbh7.inc.hp.com/us-en/printer-setup/hp-deskjet-f4400-all-in-one-printer-series/3742084"  	[MsgId: MERR-26608]
PrinterSetup_ModelPage.c(142): Error -26608: HTTP Status-Code=504 (Gateway Timeout) for "https://ppssupport-itgllbh7.inc.hp.com/wcc-assets/data/country-selector.json"  	[MsgId: MERR-26608]
PrinterSetup_ModelPage.c(27): Error -26608: HTTP Status-Code=504 (Gateway Timeout) for "https://ppssupport-itgllbh7.inc.hp.com/us-en/printer-setup/hp-deskjet-3700-all-in-one-printer-series/8954253/model/11262035"  	[MsgId: MERR-26608]
SiteHomePage.c(5): Error -26608: HTTP Status-Code=504 (Gateway Timeout) for "https://ppssupport-itgllbh7.inc.hp.com/us-en"  	[MsgId: MERR-26608]
PrintSetupLanding.c(15): Error -26608: HTTP Status-Code=504 (Gateway Timeout) for "https://ppssupport-itgllbh7.inc.hp.com/us-en/printer-setup"  	[MsgId: MERR-26608]
SiteHomePage.c(5): Error -26608: HTTP Status-Code=504 (Gateway Timeout) for "https://ppssupport-itgllbh7.inc.hp.com/us-en"  	[MsgId: MERR-26608]
Printersetup_SeriesPage.c(21): Error -26608: HTTP Status-Code=504 (Gateway Timeout) for "https://ppssupport-itgllbh7.inc.hp.com/us-en/printer-setup/hp-deskjet-ink-advantage-ultra-2529-all-in-one-printer-series/7787695"  	[MsgId: MERR-26608]
Printersetup_SeriesPage.c(21): Error -26608: HTTP Status-Code=504 (Gateway Timeout) for "https://ppssupport-itgllbh7.inc.hp.com/us-en/printer-setup/hp-deskjet-2130-all-in-one-printer-series/7174550"  	[MsgId: MERR-26608]
SiteHomePage.c(5): Error -26608: HTTP Status-Code=504 (Gateway Timeout) for "https://ppssupport-itgllbh7.inc.hp.com/us-en"  	[MsgId: MERR-26608]
PrintSetupLanding.c(15): Error -26608: HTTP Status-Code=504 (Gateway Timeout) for "https://ppssupport-itgllbh7.inc.hp.com/us-en/printer-setup"  	[MsgId: MERR-26608]
Printersetup_SeriesPage.c(21): Error -26608: HTTP Status-Code=504 (Gateway Timeout) for "https://ppssupport-itgllbh7.inc.hp.com/us-en/printer-setup/hp-deskjet-ink-advantage-ultra-2529-all-in-one-printer-series/7787695"  	[MsgId: MERR-26608]
Printersetup_SeriesPage.c(21): Error -26608: HTTP Status-Code=504 (Gateway Timeout) for "https://ppssupport-itgllbh7.inc.hp.com/us-en/printer-setup/hp-deskjet-2130-all-in-one-printer-series/7174550"  	[MsgId: MERR-26608]
PrinterSetup_ModelPage.c(142): Error -26608: HTTP Status-Code=504 (Gateway Timeout) for "https://ppssupport-itgllbh7.inc.hp.com/wcc-assets/data/country-selector.json"  	[MsgId: MERR-26608]
PrinterLandingPage.c(5): Error -26608: HTTP Status-Code=504 (Gateway Timeout) for "https://ppssupport-itgllbh7.inc.hp.com/us-en/printer"  	[MsgId: MERR-26608]
PrinterSetup_ModelPage.c(27): Error -26608: HTTP Status-Code=504 (Gateway Timeout) for "https://ppssupport-itgllbh7.inc.hp.com/us-en/printer-setup/hp-deskjet-3700-all-in-one-printer-series/8954253/model/11262035"  	[MsgId: MERR-26608]
Printersetup_SeriesPage.c(21): Error -26608: HTTP Status-Code=504 (Gateway Timeout) for "https://ppssupport-itgllbh7.inc.hp.com/us-en/printer-setup/hp-deskjet-f4400-all-in-one-printer-series/3742084"  	[MsgId: MERR-26608]
PrinterSetup_ModelPage.c(142): Error -26608: HTTP Status-Code=504 (Gateway Timeout) for "https://ppssupport-itgllbh7.inc.hp.com/wcc-assets/data/country-selector.json"  	[MsgId: MERR-26608]
SiteHomePage.c(5): Error -26608: HTTP Status-Code=504 (Gateway Timeout) for "https://ppssupport-itgllbh7.inc.hp.com/us-en"  	[MsgId: MERR-26608]
PrinterSetup_ModelPage.c(142): Error -26608: HTTP Status-Code=504 (Gateway Timeout) for "https://ppssupport-itgllbh7.inc.hp.com/wcc-assets/data/country-selector.json"  	[MsgId: MERR-26608]
ComputerLandingPage.c(5): Error -26608: HTTP Status-Code=504 (Gateway Timeout) for "https://ppssupport-itgllbh7.inc.hp.com/us-en/computer"  	[MsgId: MERR-26608]
SiteHomePage.c(5): Error -26608: HTTP Status-Code=504 (Gateway Timeout) for "https://ppssupport-itgllbh7.inc.hp.com/us-en"  	[MsgId: MERR-26608]
ComputerLandingPage.c(5): Error -26608: HTTP Status-Code=504 (Gateway Timeout) for "https://ppssupport-itgllbh7.inc.hp.com/us-en/computer"  	[MsgId: MERR-26608]
Printersetup_SeriesPage.c(21): Error -26608: HTTP Status-Code=504 (Gateway Timeout) for "https://ppssupport-itgllbh7.inc.hp.com/us-en/printer-setup/hp-deskjet-ink-advantage-ultra-2529-all-in-one-printer-series/7787695"  	[MsgId: MERR-26608]
SiteHomePage.c(5): Error -26608: HTTP Status-Code=504 (Gateway Timeout) for "https://ppssupport-itgllbh7.inc.hp.com/us-en"  	[MsgId: MERR-26608]
PrinterSetup_ModelPage.c(27): Error -26608: HTTP Status-Code=504 (Gateway Timeout) for "https://ppssupport-itgllbh7.inc.hp.com/us-en/printer-setup/hp-deskjet-3700-all-in-one-printer-series/8954253/model/11262035"  	[MsgId: MERR-26608]
SiteHomePage.c(5): Error -26608: HTTP Status-Code=504 (Gateway Timeout) for "https://ppssupport-itgllbh7.inc.hp.com/us-en"  	[MsgId: MERR-26608]
SiteHomePage.c(5): Error -26608: HTTP Status-Code=504 (Gateway Timeout) for "https://ppssupport-itgllbh7.inc.hp.com/us-en"  	[MsgId: MERR-26608]
PrinterSetup_ModelPage.c(27): Error -26608: HTTP Status-Code=504 (Gateway Timeout) for "https://ppssupport-itgllbh7.inc.hp.com/us-en/printer-setup/hp-envy-5000-all-in-one-printer-series/14095644/model/11262035"  	[MsgId: MERR-26608]
ComputerLandingPage.c(243): Error -26612: HTTP Status-Code=500 (Internal Server Error) for "https://mastiff-itg.ext.hp.com/gw/hpit/cs/mastiff.itg/1.0/MastiffService-1/getOffer"  	[MsgId: MERR-26612]
SiteHomePage.c(5): Error -26608: HTTP Status-Code=504 (Gateway Timeout) for "https://ppssupport-itgllbh7.inc.hp.com/us-en"  	[MsgId: MERR-26608]
PrinterSetup_ModelPage.c(142): Error -26608: HTTP Status-Code=504 (Gateway Timeout) for "https://ppssupport-itgllbh7.inc.hp.com/wcc-assets/data/country-selector.json"  	[MsgId: MERR-26608]
SiteHomePage.c(199): Error -26612: HTTP Status-Code=500 (Internal Server Error) for "https://mastiff-itg.ext.hp.com/gw/hpit/cs/mastiff.itg/1.0/MastiffService-1/getOffer"  	[MsgId: MERR-26612]
PrinterLandingPage.c(209): Error -26612: HTTP Status-Code=500 (Internal Server Error) for "https://mastiff-itg.ext.hp.com/gw/hpit/cs/mastiff.itg/1.0/MastiffService-1/getOffer"  	[MsgId: MERR-26612]
SiteHomePage.c(199): Error -26612: HTTP Status-Code=500 (Internal Server Error) for "https://mastiff-itg.ext.hp.com/gw/hpit/cs/mastiff.itg/1.0/MastiffService-1/getOffer"  	[MsgId: MERR-26612]
SiteHomePage.c(181): Error -26612: HTTP Status-Code=500 (Internal Server Error) for "https://mastiff-itg.ext.hp.com/gw/hpit/cs/mastiff.itg/1.0/content/js/supportweb/HP_scraper.js"  	[MsgId: MERR-26612]
SiteHomePage.c(199): Error -26612: HTTP Status-Code=500 (Internal Server Error) for "https://mastiff-itg.ext.hp.com/gw/hpit/cs/mastiff.itg/1.0/MastiffService-1/getOffer"  	[MsgId: MERR-26612]
PrinterLandingPage.c(191): Error -26612: HTTP Status-Code=500 (Internal Server Error) for "https://mastiff-itg.ext.hp.com/gw/hpit/cs/mastiff.itg/1.0/content/js/supportweb/HP_scraper.js"  	[MsgId: MERR-26612]
PrinterLandingPage.c(209): Error -26612: HTTP Status-Code=500 (Internal Server Error) for "https://mastiff-itg.ext.hp.com/gw/hpit/cs/mastiff.itg/1.0/MastiffService-1/getOffer"  	[MsgId: MERR-26612]
SiteHomePage.c(199): Error -26612: HTTP Status-Code=500 (Internal Server Error) for "https://mastiff-itg.ext.hp.com/gw/hpit/cs/mastiff.itg/1.0/MastiffService-1/getOffer"  	[MsgId: MERR-26612]
PrinterLandingPage.c(209): Error -26612: HTTP Status-Code=500 (Internal Server Error) for "https://mastiff-itg.ext.hp.com/gw/hpit/cs/mastiff.itg/1.0/MastiffService-1/getOffer"  	[MsgId: MERR-26612]
SiteHomePage.c(199): Error -26612: HTTP Status-Code=500 (Internal Server Error) for "https://mastiff-itg.ext.hp.com/gw/hpit/cs/mastiff.itg/1.0/MastiffService-1/getOffer"  	[MsgId: MERR-26612]
SiteHomePage.c(199): Error -26612: HTTP Status-Code=500 (Internal Server Error) for "https://mastiff-itg.ext.hp.com/gw/hpit/cs/mastiff.itg/1.0/MastiffService-1/getOffer"  	[MsgId: MERR-26612]
SiteHomePage.c(181): Error -26612: HTTP Status-Code=500 (Internal Server Error) for "https://mastiff-itg.ext.hp.com/gw/hpit/cs/mastiff.itg/1.0/content/js/supportweb/HP_scraper.js"  	[MsgId: MERR-26612]
SiteHomePage.c(181): Error -26612: HTTP Status-Code=500 (Internal Server Error) for "https://mastiff-itg.ext.hp.com/gw/hpit/cs/mastiff.itg/1.0/content/js/supportweb/HP_scraper.js"  	[MsgId: MERR-26612]
SiteHomePage.c(199): Error -26612: HTTP Status-Code=500 (Internal Server Error) for "https://mastiff-itg.ext.hp.com/gw/hpit/cs/mastiff.itg/1.0/MastiffService-1/getOffer"  	[MsgId: MERR-26612]
PrinterLandingPage.c(209): Error -26612: HTTP Status-Code=500 (Internal Server Error) for "https://mastiff-itg.ext.hp.com/gw/hpit/cs/mastiff.itg/1.0/MastiffService-1/getOffer"  	[MsgId: MERR-26612]
PrinterLandingPage.c(191): Error -26612: HTTP Status-Code=500 (Internal Server Error) for "https://mastiff-itg.ext.hp.com/gw/hpit/cs/mastiff.itg/1.0/content/js/supportweb/HP_scraper.js"  	[MsgId: MERR-26612]
SiteHomePage.c(199): Error -26612: HTTP Status-Code=500 (Internal Server Error) for "https://mastiff-itg.ext.hp.com/gw/hpit/cs/mastiff.itg/1.0/MastiffService-1/getOffer"  	[MsgId: MERR-26612]
SiteHomePage.c(181): Error -26612: HTTP Status-Code=500 (Internal Server Error) for "https://mastiff-itg.ext.hp.com/gw/hpit/cs/mastiff.itg/1.0/content/js/supportweb/HP_scraper.js"  	[MsgId: MERR-26612]
PrinterLandingPage.c(191): Error -26612: HTTP Status-Code=500 (Internal Server Error) for "https://mastiff-itg.ext.hp.com/gw/hpit/cs/mastiff.itg/1.0/content/js/supportweb/HP_scraper.js"  	[MsgId: MERR-26612]
PrinterLandingPage.c(209): Error -26610: HTTP Status-Code=502 (Bad Gateway) for "https://mastiff-itg.ext.hp.com/gw/hpit/cs/mastiff.itg/1.0/MastiffService-1/getOffer"  	[MsgId: MERR-26610]
SiteHomePage.c(181): Error -26610: HTTP Status-Code=502 (Bad Gateway) for "https://mastiff-itg.ext.hp.com/gw/hpit/cs/mastiff.itg/1.0/content/js/supportweb/HP_scraper.js"  	[MsgId: MERR-26610]
SiteHomePage.c(181): Error -26610: HTTP Status-Code=502 (Bad Gateway) for "https://mastiff-itg.ext.hp.com/gw/hpit/cs/mastiff.itg/1.0/content/js/supportweb/HP_scraper.js"  	[MsgId: MERR-26610]
PrinterLandingPage.c(191): Error -26612: HTTP Status-Code=500 (Internal Server Error) for "https://mastiff-itg.ext.hp.com/gw/hpit/cs/mastiff.itg/1.0/content/js/supportweb/HP_scraper.js"  	[MsgId: MERR-26612]
SiteHomePage.c(181): Error -26612: HTTP Status-Code=500 (Internal Server Error) for "https://mastiff-itg.ext.hp.com/gw/hpit/cs/mastiff.itg/1.0/content/js/supportweb/HP_scraper.js"  	[MsgId: MERR-26612]
PrinterLandingPage.c(191): Error -26612: HTTP Status-Code=500 (Internal Server Error) for "https://mastiff-itg.ext.hp.com/gw/hpit/cs/mastiff.itg/1.0/content/js/supportweb/HP_scraper.js"  	[MsgId: MERR-26612]
SiteHomePage.c(199): Error -26612: HTTP Status-Code=500 (Internal Server Error) for "https://mastiff-itg.ext.hp.com/gw/hpit/cs/mastiff.itg/1.0/MastiffService-1/getOffer"  	[MsgId: MERR-26612]
SiteHomePage.c(181): Error -26612: HTTP Status-Code=500 (Internal Server Error) for "https://mastiff-itg.ext.hp.com/gw/hpit/cs/mastiff.itg/1.0/content/js/supportweb/HP_scraper.js"  	[MsgId: MERR-26612]
SiteHomePage.c(181): Error -26610: HTTP Status-Code=502 (Bad Gateway) for "https://mastiff-itg.ext.hp.com/gw/hpit/cs/mastiff.itg/1.0/content/js/supportweb/HP_scraper.js"  	[MsgId: MERR-26610]
SiteHomePage.c(181): Error -26612: HTTP Status-Code=500 (Internal Server Error) for "https://mastiff-itg.ext.hp.com/gw/hpit/cs/mastiff.itg/1.0/content/js/supportweb/HP_scraper.js"  	[MsgId: MERR-26612]
SiteHomePage.c(181): Error -26612: HTTP Status-Code=500 (Internal Server Error) for "https://mastiff-itg.ext.hp.com/gw/hpit/cs/mastiff.itg/1.0/content/js/supportweb/HP_scraper.js"  	[MsgId: MERR-26612]
SiteHomePage.c(199): Error -26612: HTTP Status-Code=500 (Internal Server Error) for "https://mastiff-itg.ext.hp.com/gw/hpit/cs/mastiff.itg/1.0/MastiffService-1/getOffer"  	[MsgId: MERR-26612]
PrinterLandingPage.c(191): Error -26612: HTTP Status-Code=500 (Internal Server Error) for "https://mastiff-itg.ext.hp.com/gw/hpit/cs/mastiff.itg/1.0/content/js/supportweb/HP_scraper.js"  	[MsgId: MERR-26612]
ComputerLandingPage.c(243): Error -26612: HTTP Status-Code=500 (Internal Server Error) for "https://mastiff-itg.ext.hp.com/gw/hpit/cs/mastiff.itg/1.0/MastiffService-1/getOffer"  	[MsgId: MERR-26612]
SiteHomePage.c(181): Error -26612: HTTP Status-Code=500 (Internal Server Error) for "https://mastiff-itg.ext.hp.com/gw/hpit/cs/mastiff.itg/1.0/content/js/supportweb/HP_scraper.js"  	[MsgId: MERR-26612]
PrinterLandingPage.c(209): Error -26612: HTTP Status-Code=500 (Internal Server Error) for "https://mastiff-itg.ext.hp.com/gw/hpit/cs/mastiff.itg/1.0/MastiffService-1/getOffer"  	[MsgId: MERR-26612]
SiteHomePage.c(181): Error -26612: HTTP Status-Code=500 (Internal Server Error) for "https://mastiff-itg.ext.hp.com/gw/hpit/cs/mastiff.itg/1.0/content/js/supportweb/HP_scraper.js"  	[MsgId: MERR-26612]
PrinterLandingPage.c(191): Error -26612: HTTP Status-Code=500 (Internal Server Error) for "https://mastiff-itg.ext.hp.com/gw/hpit/cs/mastiff.itg/1.0/content/js/supportweb/HP_scraper.js"  	[MsgId: MERR-26612]
PrinterLandingPage.c(191): Error -26612: HTTP Status-Code=500 (Internal Server Error) for "https://mastiff-itg.ext.hp.com/gw/hpit/cs/mastiff.itg/1.0/content/js/supportweb/HP_scraper.js"  	[MsgId: MERR-26612]
SiteHomePage.c(181): Error -26612: HTTP Status-Code=500 (Internal Server Error) for "https://mastiff-itg.ext.hp.com/gw/hpit/cs/mastiff.itg/1.0/content/js/supportweb/HP_scraper.js"  	[MsgId: MERR-26612]
ComputerLandingPage.c(204): Error -26612: HTTP Status-Code=500 (Internal Server Error) for "https://mastiff-itg.ext.hp.com/gw/hpit/cs/mastiff.itg/1.0/content/js/supportweb/HP_scraper.js"  	[MsgId: MERR-26612]
SiteHomePage.c(181): Error -26612: HTTP Status-Code=500 (Internal Server Error) for "https://mastiff-itg.ext.hp.com/gw/hpit/cs/mastiff.itg/1.0/content/js/supportweb/HP_scraper.js"  	[MsgId: MERR-26612]
ComputerLandingPage.c(204): Error -26612: HTTP Status-Code=500 (Internal Server Error) for "https://mastiff-itg.ext.hp.com/gw/hpit/cs/mastiff.itg/1.0/content/js/supportweb/HP_scraper.js"  	[MsgId: MERR-26612]
SiteHomePage.c(181): Error -26612: HTTP Status-Code=500 (Internal Server Error) for "https://mastiff-itg.ext.hp.com/gw/hpit/cs/mastiff.itg/1.0/content/js/supportweb/HP_scraper.js"  	[MsgId: MERR-26612]
PrinterLandingPage.c(209): Error -26612: HTTP Status-Code=500 (Internal Server Error) for "https://mastiff-itg.ext.hp.com/gw/hpit/cs/mastiff.itg/1.0/MastiffService-1/getOffer"  	[MsgId: MERR-26612]
ComputerLandingPage.c(243): Error -26612: HTTP Status-Code=500 (Internal Server Error) for "https://mastiff-itg.ext.hp.com/gw/hpit/cs/mastiff.itg/1.0/MastiffService-1/getOffer"  	[MsgId: MERR-26612]
SiteHomePage.c(199): Error -26612: HTTP Status-Code=500 (Internal Server Error) for "https://mastiff-itg.ext.hp.com/gw/hpit/cs/mastiff.itg/1.0/MastiffService-1/getOffer"  	[MsgId: MERR-26612]
PrinterLandingPage.c(209): Error -26612: HTTP Status-Code=500 (Internal Server Error) for "https://mastiff-itg.ext.hp.com/gw/hpit/cs/mastiff.itg/1.0/MastiffService-1/getOffer"  	[MsgId: MERR-26612]
PrinterLandingPage.c(209): Error -26612: HTTP Status-Code=500 (Internal Server Error) for "https://mastiff-itg.ext.hp.com/gw/hpit/cs/mastiff.itg/1.0/MastiffService-1/getOffer"  	[MsgId: MERR-26612]
ComputerLandingPage.c(243): Error -26612: HTTP Status-Code=500 (Internal Server Error) for "https://mastiff-itg.ext.hp.com/gw/hpit/cs/mastiff.itg/1.0/MastiffService-1/getOffer"  	[MsgId: MERR-26612]
SiteHomePage.c(181): Error -26612: HTTP Status-Code=500 (Internal Server Error) for "https://mastiff-itg.ext.hp.com/gw/hpit/cs/mastiff.itg/1.0/content/js/supportweb/HP_scraper.js"  	[MsgId: MERR-26612]
PrinterLandingPage.c(209): Error -26612: HTTP Status-Code=500 (Internal Server Error) for "https://mastiff-itg.ext.hp.com/gw/hpit/cs/mastiff.itg/1.0/MastiffService-1/getOffer"  	[MsgId: MERR-26612]
PrinterLandingPage.c(191): Error -26612: HTTP Status-Code=500 (Internal Server Error) for "https://mastiff-itg.ext.hp.com/gw/hpit/cs/mastiff.itg/1.0/content/js/supportweb/HP_scraper.js"  	[MsgId: MERR-26612]
SiteHomePage.c(199): Error -26612: HTTP Status-Code=500 (Internal Server Error) for "https://mastiff-itg.ext.hp.com/gw/hpit/cs/mastiff.itg/1.0/MastiffService-1/getOffer"  	[MsgId: MERR-26612]
PrinterLandingPage.c(209): Error -26612: HTTP Status-Code=500 (Internal Server Error) for "https://mastiff-itg.ext.hp.com/gw/hpit/cs/mastiff.itg/1.0/MastiffService-1/getOffer"  	[MsgId: MERR-26612]
SiteHomePage.c(181): Error -26612: HTTP Status-Code=500 (Internal Server Error) for "https://mastiff-itg.ext.hp.com/gw/hpit/cs/mastiff.itg/1.0/content/js/supportweb/HP_scraper.js"  	[MsgId: MERR-26612]
SiteHomePage.c(181): Error -26612: HTTP Status-Code=500 (Internal Server Error) for "https://mastiff-itg.ext.hp.com/gw/hpit/cs/mastiff.itg/1.0/content/js/supportweb/HP_scraper.js"  	[MsgId: MERR-26612]
SiteHomePage.c(181): Error -26612: HTTP Status-Code=500 (Internal Server Error) for "https://mastiff-itg.ext.hp.com/gw/hpit/cs/mastiff.itg/1.0/content/js/supportweb/HP_scraper.js"  	[MsgId: MERR-26612]
ComputerLandingPage.c(204): Error -26612: HTTP Status-Code=500 (Internal Server Error) for "https://mastiff-itg.ext.hp.com/gw/hpit/cs/mastiff.itg/1.0/content/js/supportweb/HP_scraper.js"  	[MsgId: MERR-26612]
PrinterLandingPage.c(209): Error -26612: HTTP Status-Code=500 (Internal Server Error) for "https://mastiff-itg.ext.hp.com/gw/hpit/cs/mastiff.itg/1.0/MastiffService-1/getOffer"  	[MsgId: MERR-26612]
SiteHomePage.c(199): Error -26612: HTTP Status-Code=500 (Internal Server Error) for "https://mastiff-itg.ext.hp.com/gw/hpit/cs/mastiff.itg/1.0/MastiffService-1/getOffer"  	[MsgId: MERR-26612]
ComputerLandingPage.c(204): Error -26612: HTTP Status-Code=500 (Internal Server Error) for "https://mastiff-itg.ext.hp.com/gw/hpit/cs/mastiff.itg/1.0/content/js/supportweb/HP_scraper.js"  	[MsgId: MERR-26612]
SiteHomePage.c(199): Error -26612: HTTP Status-Code=500 (Internal Server Error) for "https://mastiff-itg.ext.hp.com/gw/hpit/cs/mastiff.itg/1.0/MastiffService-1/getOffer"  	[MsgId: MERR-26612]
SiteHomePage.c(181): Error -26612: HTTP Status-Code=500 (Internal Server Error) for "https://mastiff-itg.ext.hp.com/gw/hpit/cs/mastiff.itg/1.0/content/js/supportweb/HP_scraper.js"  	[MsgId: MERR-26612]
PrinterLandingPage.c(191): Error -26612: HTTP Status-Code=500 (Internal Server Error) for "https://mastiff-itg.ext.hp.com/gw/hpit/cs/mastiff.itg/1.0/content/js/supportweb/HP_scraper.js"  	[MsgId: MERR-26612]
PrinterLandingPage.c(209): Error -26610: HTTP Status-Code=502 (Bad Gateway) for "https://mastiff-itg.ext.hp.com/gw/hpit/cs/mastiff.itg/1.0/MastiffService-1/getOffer"  	[MsgId: MERR-26610]
SiteHomePage.c(199): Error -26612: HTTP Status-Code=500 (Internal Server Error) for "https://mastiff-itg.ext.hp.com/gw/hpit/cs/mastiff.itg/1.0/MastiffService-1/getOffer"  	[MsgId: MERR-26612]
SiteHomePage.c(199): Error -26612: HTTP Status-Code=500 (Internal Server Error) for "https://mastiff-itg.ext.hp.com/gw/hpit/cs/mastiff.itg/1.0/MastiffService-1/getOffer"  	[MsgId: MERR-26612]
SiteHomePage.c(181): Error -26610: HTTP Status-Code=502 (Bad Gateway) for "https://mastiff-itg.ext.hp.com/gw/hpit/cs/mastiff.itg/1.0/content/js/supportweb/HP_scraper.js"  	[MsgId: MERR-26610]
SiteHomePage.c(199): Error -26612: HTTP Status-Code=500 (Internal Server Error) for "https://mastiff-itg.ext.hp.com/gw/hpit/cs/mastiff.itg/1.0/MastiffService-1/getOffer"  	[MsgId: MERR-26612]
SiteHomePage.c(199): Error -26612: HTTP Status-Code=500 (Internal Server Error) for "https://mastiff-itg.ext.hp.com/gw/hpit/cs/mastiff.itg/1.0/MastiffService-1/getOffer"  	[MsgId: MERR-26612]
SiteHomePage.c(181): Error -26612: HTTP Status-Code=500 (Internal Server Error) for "https://mastiff-itg.ext.hp.com/gw/hpit/cs/mastiff.itg/1.0/content/js/supportweb/HP_scraper.js"  	[MsgId: MERR-26612]
PrinterLandingPage.c(191): Error -26612: HTTP Status-Code=500 (Internal Server Error) for "https://mastiff-itg.ext.hp.com/gw/hpit/cs/mastiff.itg/1.0/content/js/supportweb/HP_scraper.js"  	[MsgId: MERR-26612]
PrinterLandingPage.c(191): Error -26612: HTTP Status-Code=500 (Internal Server Error) for "https://mastiff-itg.ext.hp.com/gw/hpit/cs/mastiff.itg/1.0/content/js/supportweb/HP_scraper.js"  	[MsgId: MERR-26612]
SiteHomePage.c(181): Error -26612: HTTP Status-Code=500 (Internal Server Error) for "https://mastiff-itg.ext.hp.com/gw/hpit/cs/mastiff.itg/1.0/content/js/supportweb/HP_scraper.js"  	[MsgId: MERR-26612]
PrinterLandingPage.c(191): Error -26612: HTTP Status-Code=500 (Internal Server Error) for "https://mastiff-itg.ext.hp.com/gw/hpit/cs/mastiff.itg/1.0/content/js/supportweb/HP_scraper.js"  	[MsgId: MERR-26612]
ComputerLandingPage.c(204): Error -26612: HTTP Status-Code=500 (Internal Server Error) for "https://mastiff-itg.ext.hp.com/gw/hpit/cs/mastiff.itg/1.0/content/js/supportweb/HP_scraper.js"  	[MsgId: MERR-26612]
ComputerLandingPage.c(204): Error -26612: HTTP Status-Code=500 (Internal Server Error) for "https://mastiff-itg.ext.hp.com/gw/hpit/cs/mastiff.itg/1.0/content/js/supportweb/HP_scraper.js"  	[MsgId: MERR-26612]
SiteHomePage.c(199): Error -26610: HTTP Status-Code=502 (Bad Gateway) for "https://mastiff-itg.ext.hp.com/gw/hpit/cs/mastiff.itg/1.0/MastiffService-1/getOffer"  	[MsgId: MERR-26610]
SiteHomePage.c(199): Error -26612: HTTP Status-Code=500 (Internal Server Error) for "https://mastiff-itg.ext.hp.com/gw/hpit/cs/mastiff.itg/1.0/MastiffService-1/getOffer"  	[MsgId: MERR-26612]
ComputerLandingPage.c(204): Error -26612: HTTP Status-Code=500 (Internal Server Error) for "https://mastiff-itg.ext.hp.com/gw/hpit/cs/mastiff.itg/1.0/content/js/supportweb/HP_scraper.js"  	[MsgId: MERR-26612]
SiteHomePage.c(199): Error -26612: HTTP Status-Code=500 (Internal Server Error) for "https://mastiff-itg.ext.hp.com/gw/hpit/cs/mastiff.itg/1.0/MastiffService-1/getOffer"  	[MsgId: MERR-26612]
PrinterLandingPage.c(209): Error -26612: HTTP Status-Code=500 (Internal Server Error) for "https://mastiff-itg.ext.hp.com/gw/hpit/cs/mastiff.itg/1.0/MastiffService-1/getOffer"  	[MsgId: MERR-26612]
SiteHomePage.c(181): Error -26612: HTTP Status-Code=500 (Internal Server Error) for "https://mastiff-itg.ext.hp.com/gw/hpit/cs/mastiff.itg/1.0/content/js/supportweb/HP_scraper.js"  	[MsgId: MERR-26612]
PrinterLandingPage.c(191): Error -26612: HTTP Status-Code=500 (Internal Server Error) for "https://mastiff-itg.ext.hp.com/gw/hpit/cs/mastiff.itg/1.0/content/js/supportweb/HP_scraper.js"  	[MsgId: MERR-26612]
PrinterLandingPage.c(209): Error -26612: HTTP Status-Code=500 (Internal Server Error) for "https://mastiff-itg.ext.hp.com/gw/hpit/cs/mastiff.itg/1.0/MastiffService-1/getOffer"  	[MsgId: MERR-26612]
PrinterLandingPage.c(191): Error -26612: HTTP Status-Code=500 (Internal Server Error) for "https://mastiff-itg.ext.hp.com/gw/hpit/cs/mastiff.itg/1.0/content/js/supportweb/HP_scraper.js"  	[MsgId: MERR-26612]
SiteHomePage.c(199): Error -26612: HTTP Status-Code=500 (Internal Server Error) for "https://mastiff-itg.ext.hp.com/gw/hpit/cs/mastiff.itg/1.0/MastiffService-1/getOffer"  	[MsgId: MERR-26612]
ComputerLandingPage.c(204): Error -26612: HTTP Status-Code=500 (Internal Server Error) for "https://mastiff-itg.ext.hp.com/gw/hpit/cs/mastiff.itg/1.0/content/js/supportweb/HP_scraper.js"  	[MsgId: MERR-26612]
SiteHomePage.c(199): Error -26612: HTTP Status-Code=500 (Internal Server Error) for "https://mastiff-itg.ext.hp.com/gw/hpit/cs/mastiff.itg/1.0/MastiffService-1/getOffer"  	[MsgId: MERR-26612]
SiteHomePage.c(199): Error -26612: HTTP Status-Code=500 (Internal Server Error) for "https://mastiff-itg.ext.hp.com/gw/hpit/cs/mastiff.itg/1.0/MastiffService-1/getOffer"  	[MsgId: MERR-26612]
PrinterLandingPage.c(209): Error -26612: HTTP Status-Code=500 (Internal Server Error) for "https://mastiff-itg.ext.hp.com/gw/hpit/cs/mastiff.itg/1.0/MastiffService-1/getOffer"  	[MsgId: MERR-26612]
PrinterLandingPage.c(191): Error -26612: HTTP Status-Code=500 (Internal Server Error) for "https://mastiff-itg.ext.hp.com/gw/hpit/cs/mastiff.itg/1.0/content/js/supportweb/HP_scraper.js"  	[MsgId: MERR-26612]
SiteHomePage.c(199): Error -26612: HTTP Status-Code=500 (Internal Server Error) for "https://mastiff-itg.ext.hp.com/gw/hpit/cs/mastiff.itg/1.0/MastiffService-1/getOffer"  	[MsgId: MERR-26612]
ComputerLandingPage.c(204): Error -26612: HTTP Status-Code=500 (Internal Server Error) for "https://mastiff-itg.ext.hp.com/gw/hpit/cs/mastiff.itg/1.0/content/js/supportweb/HP_scraper.js"  	[MsgId: MERR-26612]
SiteHomePage.c(181): Error -26612: HTTP Status-Code=500 (Internal Server Error) for "https://mastiff-itg.ext.hp.com/gw/hpit/cs/mastiff.itg/1.0/content/js/supportweb/HP_scraper.js"  	[MsgId: MERR-26612]
SiteHomePage.c(199): Error -26612: HTTP Status-Code=500 (Internal Server Error) for "https://mastiff-itg.ext.hp.com/gw/hpit/cs/mastiff.itg/1.0/MastiffService-1/getOffer"  	[MsgId: MERR-26612]
PrinterLandingPage.c(191): Error -26612: HTTP Status-Code=500 (Internal Server Error) for "https://mastiff-itg.ext.hp.com/gw/hpit/cs/mastiff.itg/1.0/content/js/supportweb/HP_scraper.js"  	[MsgId: MERR-26612]
PrinterLandingPage.c(209): Error -26612: HTTP Status-Code=500 (Internal Server Error) for "https://mastiff-itg.ext.hp.com/gw/hpit/cs/mastiff.itg/1.0/MastiffService-1/getOffer"  	[MsgId: MERR-26612]
SiteHomePage.c(199): Error -26612: HTTP Status-Code=500 (Internal Server Error) for "https://mastiff-itg.ext.hp.com/gw/hpit/cs/mastiff.itg/1.0/MastiffService-1/getOffer"  	[MsgId: MERR-26612]
SiteHomePage.c(181): Error -26612: HTTP Status-Code=500 (Internal Server Error) for "https://mastiff-itg.ext.hp.com/gw/hpit/cs/mastiff.itg/1.0/content/js/supportweb/HP_scraper.js"  	[MsgId: MERR-26612]
PrinterLandingPage.c(209): Error -26612: HTTP Status-Code=500 (Internal Server Error) for "https://mastiff-itg.ext.hp.com/gw/hpit/cs/mastiff.itg/1.0/MastiffService-1/getOffer"  	[MsgId: MERR-26612]
SiteHomePage.c(199): Error -26612: HTTP Status-Code=500 (Internal Server Error) for "https://mastiff-itg.ext.hp.com/gw/hpit/cs/mastiff.itg/1.0/MastiffService-1/getOffer"  	[MsgId: MERR-26612]
PrinterLandingPage.c(191): Error -26612: HTTP Status-Code=500 (Internal Server Error) for "https://mastiff-itg.ext.hp.com/gw/hpit/cs/mastiff.itg/1.0/content/js/supportweb/HP_scraper.js"  	[MsgId: MERR-26612]
SiteHomePage.c(199): Error -26612: HTTP Status-Code=500 (Internal Server Error) for "https://mastiff-itg.ext.hp.com/gw/hpit/cs/mastiff.itg/1.0/MastiffService-1/getOffer"  	[MsgId: MERR-26612]
SiteHomePage.c(199): Error -26612: HTTP Status-Code=500 (Internal Server Error) for "https://mastiff-itg.ext.hp.com/gw/hpit/cs/mastiff.itg/1.0/MastiffService-1/getOffer"  	[MsgId: MERR-26612]
SiteHomePage.c(181): Error -26612: HTTP Status-Code=500 (Internal Server Error) for "https://mastiff-itg.ext.hp.com/gw/hpit/cs/mastiff.itg/1.0/content/js/supportweb/HP_scraper.js"  	[MsgId: MERR-26612]
SiteHomePage.c(199): Error -26612: HTTP Status-Code=500 (Internal Server Error) for "https://mastiff-itg.ext.hp.com/gw/hpit/cs/mastiff.itg/1.0/MastiffService-1/getOffer"  	[MsgId: MERR-26612]
SiteHomePage.c(199): Error -26612: HTTP Status-Code=500 (Internal Server Error) for "https://mastiff-itg.ext.hp.com/gw/hpit/cs/mastiff.itg/1.0/MastiffService-1/getOffer"  	[MsgId: MERR-26612]
SiteHomePage.c(181): Error -26612: HTTP Status-Code=500 (Internal Server Error) for "https://mastiff-itg.ext.hp.com/gw/hpit/cs/mastiff.itg/1.0/content/js/supportweb/HP_scraper.js"  	[MsgId: MERR-26612]
ComputerLandingPage.c(204): Error -26612: HTTP Status-Code=500 (Internal Server Error) for "https://mastiff-itg.ext.hp.com/gw/hpit/cs/mastiff.itg/1.0/content/js/supportweb/HP_scraper.js"  	[MsgId: MERR-26612]
SiteHomePage.c(199): Error -26612: HTTP Status-Code=500 (Internal Server Error) for "https://mastiff-itg.ext.hp.com/gw/hpit/cs/mastiff.itg/1.0/MastiffService-1/getOffer"  	[MsgId: MERR-26612]
SiteHomePage.c(181): Error -26612: HTTP Status-Code=500 (Internal Server Error) for "https://mastiff-itg.ext.hp.com/gw/hpit/cs/mastiff.itg/1.0/content/js/supportweb/HP_scraper.js"  	[MsgId: MERR-26612]
ComputerLandingPage.c(204): Error -26612: HTTP Status-Code=500 (Internal Server Error) for "https://mastiff-itg.ext.hp.com/gw/hpit/cs/mastiff.itg/1.0/content/js/supportweb/HP_scraper.js"  	[MsgId: MERR-26612]
PrinterLandingPage.c(191): Error -26612: HTTP Status-Code=500 (Internal Server Error) for "https://mastiff-itg.ext.hp.com/gw/hpit/cs/mastiff.itg/1.0/content/js/supportweb/HP_scraper.js"  	[MsgId: MERR-26612]
PrinterLandingPage.c(191): Error -26612: HTTP Status-Code=500 (Internal Server Error) for "https://mastiff-itg.ext.hp.com/gw/hpit/cs/mastiff.itg/1.0/content/js/supportweb/HP_scraper.js"  	[MsgId: MERR-26612]
PrinterLandingPage.c(209): Error -26612: HTTP Status-Code=500 (Internal Server Error) for "https://mastiff-itg.ext.hp.com/gw/hpit/cs/mastiff.itg/1.0/MastiffService-1/getOffer"  	[MsgId: MERR-26612]
ComputerLandingPage.c(243): Error -26612: HTTP Status-Code=500 (Internal Server Error) for "https://mastiff-itg.ext.hp.com/gw/hpit/cs/mastiff.itg/1.0/MastiffService-1/getOffer"  	[MsgId: MERR-26612]
SiteHomePage.c(199): Error -26612: HTTP Status-Code=500 (Internal Server Error) for "https://mastiff-itg.ext.hp.com/gw/hpit/cs/mastiff.itg/1.0/MastiffService-1/getOffer"  	[MsgId: MERR-26612]
SiteHomePage.c(199): Error -26612: HTTP Status-Code=500 (Internal Server Error) for "https://mastiff-itg.ext.hp.com/gw/hpit/cs/mastiff.itg/1.0/MastiffService-1/getOffer"  	[MsgId: MERR-26612]
SiteHomePage.c(181): Error -26610: HTTP Status-Code=502 (Bad Gateway) for "https://mastiff-itg.ext.hp.com/gw/hpit/cs/mastiff.itg/1.0/content/js/supportweb/HP_scraper.js"  	[MsgId: MERR-26610]
SiteHomePage.c(199): Error -26612: HTTP Status-Code=500 (Internal Server Error) for "https://mastiff-itg.ext.hp.com/gw/hpit/cs/mastiff.itg/1.0/MastiffService-1/getOffer"  	[MsgId: MERR-26612]
PrinterLandingPage.c(209): Error -26612: HTTP Status-Code=500 (Internal Server Error) for "https://mastiff-itg.ext.hp.com/gw/hpit/cs/mastiff.itg/1.0/MastiffService-1/getOffer"  	[MsgId: MERR-26612]
SiteHomePage.c(181): Error -26612: HTTP Status-Code=500 (Internal Server Error) for "https://mastiff-itg.ext.hp.com/gw/hpit/cs/mastiff.itg/1.0/content/js/supportweb/HP_scraper.js"  	[MsgId: MERR-26612]
SiteHomePage.c(199): Error -26612: HTTP Status-Code=500 (Internal Server Error) for "https://mastiff-itg.ext.hp.com/gw/hpit/cs/mastiff.itg/1.0/MastiffService-1/getOffer"  	[MsgId: MERR-26612]
SiteHomePage.c(199): Error -26612: HTTP Status-Code=500 (Internal Server Error) for "https://mastiff-itg.ext.hp.com/gw/hpit/cs/mastiff.itg/1.0/MastiffService-1/getOffer"  	[MsgId: MERR-26612]
PrinterLandingPage.c(209): Error -26612: HTTP Status-Code=500 (Internal Server Error) for "https://mastiff-itg.ext.hp.com/gw/hpit/cs/mastiff.itg/1.0/MastiffService-1/getOffer"  	[MsgId: MERR-26612]
PrinterLandingPage.c(209): Error -26612: HTTP Status-Code=500 (Internal Server Error) for "https://mastiff-itg.ext.hp.com/gw/hpit/cs/mastiff.itg/1.0/MastiffService-1/getOffer"  	[MsgId: MERR-26612]
SiteHomePage.c(199): Error -26612: HTTP Status-Code=500 (Internal Server Error) for "https://mastiff-itg.ext.hp.com/gw/hpit/cs/mastiff.itg/1.0/MastiffService-1/getOffer"  	[MsgId: MERR-26612]
PrinterLandingPage.c(191): Error -26612: HTTP Status-Code=500 (Internal Server Error) for "https://mastiff-itg.ext.hp.com/gw/hpit/cs/mastiff.itg/1.0/content/js/supportweb/HP_scraper.js"  	[MsgId: MERR-26612]
SiteHomePage.c(181): Error -26612: HTTP Status-Code=500 (Internal Server Error) for "https://mastiff-itg.ext.hp.com/gw/hpit/cs/mastiff.itg/1.0/content/js/supportweb/HP_scraper.js"  	[MsgId: MERR-26612]
ComputerLandingPage.c(243): Error -26612: HTTP Status-Code=500 (Internal Server Error) for "https://mastiff-itg.ext.hp.com/gw/hpit/cs/mastiff.itg/1.0/MastiffService-1/getOffer"  	[MsgId: MERR-26612]
SiteHomePage.c(199): Error -26612: HTTP Status-Code=500 (Internal Server Error) for "https://mastiff-itg.ext.hp.com/gw/hpit/cs/mastiff.itg/1.0/MastiffService-1/getOffer"  	[MsgId: MERR-26612]
ComputerLandingPage.c(243): Error -26610: HTTP Status-Code=502 (Bad Gateway) for "https://mastiff-itg.ext.hp.com/gw/hpit/cs/mastiff.itg/1.0/MastiffService-1/getOffer"  	[MsgId: MERR-26610]
SiteHomePage.c(199): Error -26612: HTTP Status-Code=500 (Internal Server Error) for "https://mastiff-itg.ext.hp.com/gw/hpit/cs/mastiff.itg/1.0/MastiffService-1/getOffer"  	[MsgId: MERR-26612]
PrinterLandingPage.c(191): Error -26612: HTTP Status-Code=500 (Internal Server Error) for "https://mastiff-itg.ext.hp.com/gw/hpit/cs/mastiff.itg/1.0/content/js/supportweb/HP_scraper.js"  	[MsgId: MERR-26612]
SiteHomePage.c(199): Error -26612: HTTP Status-Code=500 (Internal Server Error) for "https://mastiff-itg.ext.hp.com/gw/hpit/cs/mastiff.itg/1.0/MastiffService-1/getOffer"  	[MsgId: MERR-26612]
ComputerLandingPage.c(204): Error -26612: HTTP Status-Code=500 (Internal Server Error) for "https://mastiff-itg.ext.hp.com/gw/hpit/cs/mastiff.itg/1.0/content/js/supportweb/HP_scraper.js"  	[MsgId: MERR-26612]
SiteHomePage.c(199): Error -26612: HTTP Status-Code=500 (Internal Server Error) for "https://mastiff-itg.ext.hp.com/gw/hpit/cs/mastiff.itg/1.0/MastiffService-1/getOffer"  	[MsgId: MERR-26612]
PrinterLandingPage.c(191): Error -26612: HTTP Status-Code=500 (Internal Server Error) for "https://mastiff-itg.ext.hp.com/gw/hpit/cs/mastiff.itg/1.0/content/js/supportweb/HP_scraper.js"  	[MsgId: MERR-26612]
SiteHomePage.c(199): Error -26612: HTTP Status-Code=500 (Internal Server Error) for "https://mastiff-itg.ext.hp.com/gw/hpit/cs/mastiff.itg/1.0/MastiffService-1/getOffer"  	[MsgId: MERR-26612]
PrinterLandingPage.c(191): Error -26612: HTTP Status-Code=500 (Internal Server Error) for "https://mastiff-itg.ext.hp.com/gw/hpit/cs/mastiff.itg/1.0/content/js/supportweb/HP_scraper.js"  	[MsgId: MERR-26612]
SiteHomePage.c(181): Error -26612: HTTP Status-Code=500 (Internal Server Error) for "https://mastiff-itg.ext.hp.com/gw/hpit/cs/mastiff.itg/1.0/content/js/supportweb/HP_scraper.js"  	[MsgId: MERR-26612]
ComputerLandingPage.c(204): Error -26612: HTTP Status-Code=500 (Internal Server Error) for "https://mastiff-itg.ext.hp.com/gw/hpit/cs/mastiff.itg/1.0/content/js/supportweb/HP_scraper.js"  	[MsgId: MERR-26612]
SiteHomePage.c(199): Error -26612: HTTP Status-Code=500 (Internal Server Error) for "https://mastiff-itg.ext.hp.com/gw/hpit/cs/mastiff.itg/1.0/MastiffService-1/getOffer"  	[MsgId: MERR-26612]
SiteHomePage.c(199): Error -26612: HTTP Status-Code=500 (Internal Server Error) for "https://mastiff-itg.ext.hp.com/gw/hpit/cs/mastiff.itg/1.0/MastiffService-1/getOffer"  	[MsgId: MERR-26612]
SiteHomePage.c(181): Error -26612: HTTP Status-Code=500 (Internal Server Error) for "https://mastiff-itg.ext.hp.com/gw/hpit/cs/mastiff.itg/1.0/content/js/supportweb/HP_scraper.js"  	[MsgId: MERR-26612]
SiteHomePage.c(181): Error -26612: HTTP Status-Code=500 (Internal Server Error) for "https://mastiff-itg.ext.hp.com/gw/hpit/cs/mastiff.itg/1.0/content/js/supportweb/HP_scraper.js"  	[MsgId: MERR-26612]
ComputerLandingPage.c(204): Error -26612: HTTP Status-Code=500 (Internal Server Error) for "https://mastiff-itg.ext.hp.com/gw/hpit/cs/mastiff.itg/1.0/content/js/supportweb/HP_scraper.js"  	[MsgId: MERR-26612]
SiteHomePage.c(181): Error -26612: HTTP Status-Code=500 (Internal Server Error) for "https://mastiff-itg.ext.hp.com/gw/hpit/cs/mastiff.itg/1.0/content/js/supportweb/HP_scraper.js"  	[MsgId: MERR-26612]
PrinterLandingPage.c(191): Error -26612: HTTP Status-Code=500 (Internal Server Error) for "https://mastiff-itg.ext.hp.com/gw/hpit/cs/mastiff.itg/1.0/content/js/supportweb/HP_scraper.js"  	[MsgId: MERR-26612]
SiteHomePage.c(181): Error -26612: HTTP Status-Code=500 (Internal Server Error) for "https://mastiff-itg.ext.hp.com/gw/hpit/cs/mastiff.itg/1.0/content/js/supportweb/HP_scraper.js"  	[MsgId: MERR-26612]
SiteHomePage.c(181): Error -26612: HTTP Status-Code=500 (Internal Server Error) for "https://mastiff-itg.ext.hp.com/gw/hpit/cs/mastiff.itg/1.0/content/js/supportweb/HP_scraper.js"  	[MsgId: MERR-26612]
SiteHomePage.c(199): Error -26612: HTTP Status-Code=500 (Internal Server Error) for "https://mastiff-itg.ext.hp.com/gw/hpit/cs/mastiff.itg/1.0/MastiffService-1/getOffer"  	[MsgId: MERR-26612]
SiteHomePage.c(181): Error -26612: HTTP Status-Code=500 (Internal Server Error) for "https://mastiff-itg.ext.hp.com/gw/hpit/cs/mastiff.itg/1.0/content/js/supportweb/HP_scraper.js"  	[MsgId: MERR-26612]
PrinterLandingPage.c(209): Error -26612: HTTP Status-Code=500 (Internal Server Error) for "https://mastiff-itg.ext.hp.com/gw/hpit/cs/mastiff.itg/1.0/MastiffService-1/getOffer"  	[MsgId: MERR-26612]
SiteHomePage.c(181): Error -26612: HTTP Status-Code=500 (Internal Server Error) for "https://mastiff-itg.ext.hp.com/gw/hpit/cs/mastiff.itg/1.0/content/js/supportweb/HP_scraper.js"  	[MsgId: MERR-26612]
SiteHomePage.c(199): Error -26610: HTTP Status-Code=502 (Bad Gateway) for "https://mastiff-itg.ext.hp.com/gw/hpit/cs/mastiff.itg/1.0/MastiffService-1/getOffer"  	[MsgId: MERR-26610]
PrinterLandingPage.c(191): Error -26610: HTTP Status-Code=502 (Bad Gateway) for "https://mastiff-itg.ext.hp.com/gw/hpit/cs/mastiff.itg/1.0/content/js/supportweb/HP_scraper.js"  	[MsgId: MERR-26610]
ComputerLandingPage.c(204): Error -26612: HTTP Status-Code=500 (Internal Server Error) for "https://mastiff-itg.ext.hp.com/gw/hpit/cs/mastiff.itg/1.0/content/js/supportweb/HP_scraper.js"  	[MsgId: MERR-26612]
PrinterLandingPage.c(191): Error -26610: HTTP Status-Code=502 (Bad Gateway) for "https://mastiff-itg.ext.hp.com/gw/hpit/cs/mastiff.itg/1.0/content/js/supportweb/HP_scraper.js"  	[MsgId: MERR-26610]
PrinterLandingPage.c(191): Error -26612: HTTP Status-Code=500 (Internal Server Error) for "https://mastiff-itg.ext.hp.com/gw/hpit/cs/mastiff.itg/1.0/content/js/supportweb/HP_scraper.js"  	[MsgId: MERR-26612]
SiteHomePage.c(199): Error -26612: HTTP Status-Code=500 (Internal Server Error) for "https://mastiff-itg.ext.hp.com/gw/hpit/cs/mastiff.itg/1.0/MastiffService-1/getOffer"  	[MsgId: MERR-26612]
SiteHomePage.c(181): Error -26612: HTTP Status-Code=500 (Internal Server Error) for "https://mastiff-itg.ext.hp.com/gw/hpit/cs/mastiff.itg/1.0/content/js/supportweb/HP_scraper.js"  	[MsgId: MERR-26612]
SiteHomePage.c(199): Error -26612: HTTP Status-Code=500 (Internal Server Error) for "https://mastiff-itg.ext.hp.com/gw/hpit/cs/mastiff.itg/1.0/MastiffService-1/getOffer"  	[MsgId: MERR-26612]
SiteHomePage.c(181): Error -26612: HTTP Status-Code=500 (Internal Server Error) for "https://mastiff-itg.ext.hp.com/gw/hpit/cs/mastiff.itg/1.0/content/js/supportweb/HP_scraper.js"  	[MsgId: MERR-26612]
PrinterLandingPage.c(191): Error -26612: HTTP Status-Code=500 (Internal Server Error) for "https://mastiff-itg.ext.hp.com/gw/hpit/cs/mastiff.itg/1.0/content/js/supportweb/HP_scraper.js"  	[MsgId: MERR-26612]
SiteHomePage.c(181): Error -26612: HTTP Status-Code=500 (Internal Server Error) for "https://mastiff-itg.ext.hp.com/gw/hpit/cs/mastiff.itg/1.0/content/js/supportweb/HP_scraper.js"  	[MsgId: MERR-26612]
SiteHomePage.c(199): Error -26612: HTTP Status-Code=500 (Internal Server Error) for "https://mastiff-itg.ext.hp.com/gw/hpit/cs/mastiff.itg/1.0/MastiffService-1/getOffer"  	[MsgId: MERR-26612]
PrinterLandingPage.c(209): Error -26612: HTTP Status-Code=500 (Internal Server Error) for "https://mastiff-itg.ext.hp.com/gw/hpit/cs/mastiff.itg/1.0/MastiffService-1/getOffer"  	[MsgId: MERR-26612]
SiteHomePage.c(181): Error -26612: HTTP Status-Code=500 (Internal Server Error) for "https://mastiff-itg.ext.hp.com/gw/hpit/cs/mastiff.itg/1.0/content/js/supportweb/HP_scraper.js"  	[MsgId: MERR-26612]
SiteHomePage.c(181): Error -26612: HTTP Status-Code=500 (Internal Server Error) for "https://mastiff-itg.ext.hp.com/gw/hpit/cs/mastiff.itg/1.0/content/js/supportweb/HP_scraper.js"  	[MsgId: MERR-26612]
SiteHomePage.c(199): Error -26612: HTTP Status-Code=500 (Internal Server Error) for "https://mastiff-itg.ext.hp.com/gw/hpit/cs/mastiff.itg/1.0/MastiffService-1/getOffer"  	[MsgId: MERR-26612]
PrinterLandingPage.c(209): Error -26612: HTTP Status-Code=500 (Internal Server Error) for "https://mastiff-itg.ext.hp.com/gw/hpit/cs/mastiff.itg/1.0/MastiffService-1/getOffer"  	[MsgId: MERR-26612]
PrinterLandingPage.c(209): Error -26612: HTTP Status-Code=500 (Internal Server Error) for "https://mastiff-itg.ext.hp.com/gw/hpit/cs/mastiff.itg/1.0/MastiffService-1/getOffer"  	[MsgId: MERR-26612]
SiteHomePage.c(199): Error -26612: HTTP Status-Code=500 (Internal Server Error) for "https://mastiff-itg.ext.hp.com/gw/hpit/cs/mastiff.itg/1.0/MastiffService-1/getOffer"  	[MsgId: MERR-26612]
PrinterLandingPage.c(209): Error -26612: HTTP Status-Code=500 (Internal Server Error) for "https://mastiff-itg.ext.hp.com/gw/hpit/cs/mastiff.itg/1.0/MastiffService-1/getOffer"  	[MsgId: MERR-26612]
SiteHomePage.c(181): Error -26612: HTTP Status-Code=500 (Internal Server Error) for "https://mastiff-itg.ext.hp.com/gw/hpit/cs/mastiff.itg/1.0/content/js/supportweb/HP_scraper.js"  	[MsgId: MERR-26612]
SiteHomePage.c(199): Error -26612: HTTP Status-Code=500 (Internal Server Error) for "https://mastiff-itg.ext.hp.com/gw/hpit/cs/mastiff.itg/1.0/MastiffService-1/getOffer"  	[MsgId: MERR-26612]
PrinterLandingPage.c(191): Error -26612: HTTP Status-Code=500 (Internal Server Error) for "https://mastiff-itg.ext.hp.com/gw/hpit/cs/mastiff.itg/1.0/content/js/supportweb/HP_scraper.js"  	[MsgId: MERR-26612]
PrinterLandingPage.c(209): Error -26612: HTTP Status-Code=500 (Internal Server Error) for "https://mastiff-itg.ext.hp.com/gw/hpit/cs/mastiff.itg/1.0/MastiffService-1/getOffer"  	[MsgId: MERR-26612]
PrinterLandingPage.c(209): Error -26612: HTTP Status-Code=500 (Internal Server Error) for "https://mastiff-itg.ext.hp.com/gw/hpit/cs/mastiff.itg/1.0/MastiffService-1/getOffer"  	[MsgId: MERR-26612]
SiteHomePage.c(199): Error -26612: HTTP Status-Code=500 (Internal Server Error) for "https://mastiff-itg.ext.hp.com/gw/hpit/cs/mastiff.itg/1.0/MastiffService-1/getOffer"  	[MsgId: MERR-26612]
PrinterLandingPage.c(209): Error -26612: HTTP Status-Code=500 (Internal Server Error) for "https://mastiff-itg.ext.hp.com/gw/hpit/cs/mastiff.itg/1.0/MastiffService-1/getOffer"  	[MsgId: MERR-26612]
PrinterLandingPage.c(191): Error -26612: HTTP Status-Code=500 (Internal Server Error) for "https://mastiff-itg.ext.hp.com/gw/hpit/cs/mastiff.itg/1.0/content/js/supportweb/HP_scraper.js"  	[MsgId: MERR-26612]
ComputerLandingPage.c(243): Error -26610: HTTP Status-Code=502 (Bad Gateway) for "https://mastiff-itg.ext.hp.com/gw/hpit/cs/mastiff.itg/1.0/MastiffService-1/getOffer"  	[MsgId: MERR-26610]
SiteHomePage.c(199): Error -26612: HTTP Status-Code=500 (Internal Server Error) for "https://mastiff-itg.ext.hp.com/gw/hpit/cs/mastiff.itg/1.0/MastiffService-1/getOffer"  	[MsgId: MERR-26612]
SiteHomePage.c(181): Error -26612: HTTP Status-Code=500 (Internal Server Error) for "https://mastiff-itg.ext.hp.com/gw/hpit/cs/mastiff.itg/1.0/content/js/supportweb/HP_scraper.js"  	[MsgId: MERR-26612]
SiteHomePage.c(199): Error -26612: HTTP Status-Code=500 (Internal Server Error) for "https://mastiff-itg.ext.hp.com/gw/hpit/cs/mastiff.itg/1.0/MastiffService-1/getOffer"  	[MsgId: MERR-26612]
SiteHomePage.c(181): Error -26612: HTTP Status-Code=500 (Internal Server Error) for "https://mastiff-itg.ext.hp.com/gw/hpit/cs/mastiff.itg/1.0/content/js/supportweb/HP_scraper.js"  	[MsgId: MERR-26612]
PrinterLandingPage.c(209): Error -26612: HTTP Status-Code=500 (Internal Server Error) for "https://mastiff-itg.ext.hp.com/gw/hpit/cs/mastiff.itg/1.0/MastiffService-1/getOffer"  	[MsgId: MERR-26612]
SiteHomePage.c(181): Error -26612: HTTP Status-Code=500 (Internal Server Error) for "https://mastiff-itg.ext.hp.com/gw/hpit/cs/mastiff.itg/1.0/content/js/supportweb/HP_scraper.js"  	[MsgId: MERR-26612]
PrinterLandingPage.c(191): Error -26612: HTTP Status-Code=500 (Internal Server Error) for "https://mastiff-itg.ext.hp.com/gw/hpit/cs/mastiff.itg/1.0/content/js/supportweb/HP_scraper.js"  	[MsgId: MERR-26612]
PrinterLandingPage.c(209): Error -26612: HTTP Status-Code=500 (Internal Server Error) for "https://mastiff-itg.ext.hp.com/gw/hpit/cs/mastiff.itg/1.0/MastiffService-1/getOffer"  	[MsgId: MERR-26612]
PrinterLandingPage.c(191): Error -26612: HTTP Status-Code=500 (Internal Server Error) for "https://mastiff-itg.ext.hp.com/gw/hpit/cs/mastiff.itg/1.0/content/js/supportweb/HP_scraper.js"  	[MsgId: MERR-26612]
SiteHomePage.c(199): Error -26612: HTTP Status-Code=500 (Internal Server Error) for "https://mastiff-itg.ext.hp.com/gw/hpit/cs/mastiff.itg/1.0/MastiffService-1/getOffer"  	[MsgId: MERR-26612]
SiteHomePage.c(199): Error -26612: HTTP Status-Code=500 (Internal Server Error) for "https://mastiff-itg.ext.hp.com/gw/hpit/cs/mastiff.itg/1.0/MastiffService-1/getOffer"  	[MsgId: MERR-26612]
SiteHomePage.c(181): Error -26610: HTTP Status-Code=502 (Bad Gateway) for "https://mastiff-itg.ext.hp.com/gw/hpit/cs/mastiff.itg/1.0/content/js/supportweb/HP_scraper.js"  	[MsgId: MERR-26610]
PrinterLandingPage.c(191): Error -26610: HTTP Status-Code=502 (Bad Gateway) for "https://mastiff-itg.ext.hp.com/gw/hpit/cs/mastiff.itg/1.0/content/js/supportweb/HP_scraper.js"  	[MsgId: MERR-26610]
PrinterLandingPage.c(209): Error -26612: HTTP Status-Code=500 (Internal Server Error) for "https://mastiff-itg.ext.hp.com/gw/hpit/cs/mastiff.itg/1.0/MastiffService-1/getOffer"  	[MsgId: MERR-26612]
SiteHomePage.c(199): Error -26612: HTTP Status-Code=500 (Internal Server Error) for "https://mastiff-itg.ext.hp.com/gw/hpit/cs/mastiff.itg/1.0/MastiffService-1/getOffer"  	[MsgId: MERR-26612]
SiteHomePage.c(199): Error -26612: HTTP Status-Code=500 (Internal Server Error) for "https://mastiff-itg.ext.hp.com/gw/hpit/cs/mastiff.itg/1.0/MastiffService-1/getOffer"  	[MsgId: MERR-26612]
PrinterLandingPage.c(209): Error -26612: HTTP Status-Code=500 (Internal Server Error) for "https://mastiff-itg.ext.hp.com/gw/hpit/cs/mastiff.itg/1.0/MastiffService-1/getOffer"  	[MsgId: MERR-26612]
PrinterLandingPage.c(191): Error -26612: HTTP Status-Code=500 (Internal Server Error) for "https://mastiff-itg.ext.hp.com/gw/hpit/cs/mastiff.itg/1.0/content/js/supportweb/HP_scraper.js"  	[MsgId: MERR-26612]
SiteHomePage.c(181): Error -26610: HTTP Status-Code=502 (Bad Gateway) for "https://mastiff-itg.ext.hp.com/gw/hpit/cs/mastiff.itg/1.0/content/js/supportweb/HP_scraper.js"  	[MsgId: MERR-26610]
ComputerLandingPage.c(204): Error -26612: HTTP Status-Code=500 (Internal Server Error) for "https://mastiff-itg.ext.hp.com/gw/hpit/cs/mastiff.itg/1.0/content/js/supportweb/HP_scraper.js"  	[MsgId: MERR-26612]
ComputerLandingPage.c(243): Error -26610: HTTP Status-Code=502 (Bad Gateway) for "https://mastiff-itg.ext.hp.com/gw/hpit/cs/mastiff.itg/1.0/MastiffService-1/getOffer"  	[MsgId: MERR-26610]
SiteHomePage.c(181): Error -26612: HTTP Status-Code=500 (Internal Server Error) for "https://mastiff-itg.ext.hp.com/gw/hpit/cs/mastiff.itg/1.0/content/js/supportweb/HP_scraper.js"  	[MsgId: MERR-26612]
SiteHomePage.c(181): Error -26612: HTTP Status-Code=500 (Internal Server Error) for "https://mastiff-itg.ext.hp.com/gw/hpit/cs/mastiff.itg/1.0/content/js/supportweb/HP_scraper.js"  	[MsgId: MERR-26612]
SiteHomePage.c(181): Error -26612: HTTP Status-Code=500 (Internal Server Error) for "https://mastiff-itg.ext.hp.com/gw/hpit/cs/mastiff.itg/1.0/content/js/supportweb/HP_scraper.js"  	[MsgId: MERR-26612]
SiteHomePage.c(199): Error -26612: HTTP Status-Code=500 (Internal Server Error) for "https://mastiff-itg.ext.hp.com/gw/hpit/cs/mastiff.itg/1.0/MastiffService-1/getOffer"  	[MsgId: MERR-26612]
PrinterLandingPage.c(191): Error -26612: HTTP Status-Code=500 (Internal Server Error) for "https://mastiff-itg.ext.hp.com/gw/hpit/cs/mastiff.itg/1.0/content/js/supportweb/HP_scraper.js"  	[MsgId: MERR-26612]
ComputerLandingPage.c(243): Error -26612: HTTP Status-Code=500 (Internal Server Error) for "https://mastiff-itg.ext.hp.com/gw/hpit/cs/mastiff.itg/1.0/MastiffService-1/getOffer"  	[MsgId: MERR-26612]
SiteHomePage.c(199): Error -26612: HTTP Status-Code=500 (Internal Server Error) for "https://mastiff-itg.ext.hp.com/gw/hpit/cs/mastiff.itg/1.0/MastiffService-1/getOffer"  	[MsgId: MERR-26612]
SiteHomePage.c(181): Error -26610: HTTP Status-Code=502 (Bad Gateway) for "https://mastiff-itg.ext.hp.com/gw/hpit/cs/mastiff.itg/1.0/content/js/supportweb/HP_scraper.js"  	[MsgId: MERR-26610]
PrinterLandingPage.c(209): Error -26612: HTTP Status-Code=500 (Internal Server Error) for "https://mastiff-itg.ext.hp.com/gw/hpit/cs/mastiff.itg/1.0/MastiffService-1/getOffer"  	[MsgId: MERR-26612]
SiteHomePage.c(181): Error -26612: HTTP Status-Code=500 (Internal Server Error) for "https://mastiff-itg.ext.hp.com/gw/hpit/cs/mastiff.itg/1.0/content/js/supportweb/HP_scraper.js"  	[MsgId: MERR-26612]
PrinterLandingPage.c(209): Error -26612: HTTP Status-Code=500 (Internal Server Error) for "https://mastiff-itg.ext.hp.com/gw/hpit/cs/mastiff.itg/1.0/MastiffService-1/getOffer"  	[MsgId: MERR-26612]
PrinterLandingPage.c(209): Error -26612: HTTP Status-Code=500 (Internal Server Error) for "https://mastiff-itg.ext.hp.com/gw/hpit/cs/mastiff.itg/1.0/MastiffService-1/getOffer"  	[MsgId: MERR-26612]
SiteHomePage.c(181): Error -26612: HTTP Status-Code=500 (Internal Server Error) for "https://mastiff-itg.ext.hp.com/gw/hpit/cs/mastiff.itg/1.0/content/js/supportweb/HP_scraper.js"  	[MsgId: MERR-26612]
PrinterLandingPage.c(191): Error -26612: HTTP Status-Code=500 (Internal Server Error) for "https://mastiff-itg.ext.hp.com/gw/hpit/cs/mastiff.itg/1.0/content/js/supportweb/HP_scraper.js"  	[MsgId: MERR-26612]
SiteHomePage.c(199): Error -26612: HTTP Status-Code=500 (Internal Server Error) for "https://mastiff-itg.ext.hp.com/gw/hpit/cs/mastiff.itg/1.0/MastiffService-1/getOffer"  	[MsgId: MERR-26612]
PrinterLandingPage.c(209): Error -26612: HTTP Status-Code=500 (Internal Server Error) for "https://mastiff-itg.ext.hp.com/gw/hpit/cs/mastiff.itg/1.0/MastiffService-1/getOffer"  	[MsgId: MERR-26612]
PrinterLandingPage.c(191): Error -26612: HTTP Status-Code=500 (Internal Server Error) for "https://mastiff-itg.ext.hp.com/gw/hpit/cs/mastiff.itg/1.0/content/js/supportweb/HP_scraper.js"  	[MsgId: MERR-26612]
ComputerLandingPage.c(204): Error -26612: HTTP Status-Code=500 (Internal Server Error) for "https://mastiff-itg.ext.hp.com/gw/hpit/cs/mastiff.itg/1.0/content/js/supportweb/HP_scraper.js"  	[MsgId: MERR-26612]
PrinterLandingPage.c(191): Error -26612: HTTP Status-Code=500 (Internal Server Error) for "https://mastiff-itg.ext.hp.com/gw/hpit/cs/mastiff.itg/1.0/content/js/supportweb/HP_scraper.js"  	[MsgId: MERR-26612]
SiteHomePage.c(181): Error -26612: HTTP Status-Code=500 (Internal Server Error) for "https://mastiff-itg.ext.hp.com/gw/hpit/cs/mastiff.itg/1.0/content/js/supportweb/HP_scraper.js"  	[MsgId: MERR-26612]
ComputerLandingPage.c(204): Error -26612: HTTP Status-Code=500 (Internal Server Error) for "https://mastiff-itg.ext.hp.com/gw/hpit/cs/mastiff.itg/1.0/content/js/supportweb/HP_scraper.js"  	[MsgId: MERR-26612]
ComputerLandingPage.c(243): Error -26612: HTTP Status-Code=500 (Internal Server Error) for "https://mastiff-itg.ext.hp.com/gw/hpit/cs/mastiff.itg/1.0/MastiffService-1/getOffer"  	[MsgId: MERR-26612]
SiteHomePage.c(181): Error -26612: HTTP Status-Code=500 (Internal Server Error) for "https://mastiff-itg.ext.hp.com/gw/hpit/cs/mastiff.itg/1.0/content/js/supportweb/HP_scraper.js"  	[MsgId: MERR-26612]
PrinterLandingPage.c(209): Error -26612: HTTP Status-Code=500 (Internal Server Error) for "https://mastiff-itg.ext.hp.com/gw/hpit/cs/mastiff.itg/1.0/MastiffService-1/getOffer"  	[MsgId: MERR-26612]
SiteHomePage.c(181): Error -26612: HTTP Status-Code=500 (Internal Server Error) for "https://mastiff-itg.ext.hp.com/gw/hpit/cs/mastiff.itg/1.0/content/js/supportweb/HP_scraper.js"  	[MsgId: MERR-26612]
SiteHomePage.c(199): Error -26612: HTTP Status-Code=500 (Internal Server Error) for "https://mastiff-itg.ext.hp.com/gw/hpit/cs/mastiff.itg/1.0/MastiffService-1/getOffer"  	[MsgId: MERR-26612]
SiteHomePage.c(199): Error -26612: HTTP Status-Code=500 (Internal Server Error) for "https://mastiff-itg.ext.hp.com/gw/hpit/cs/mastiff.itg/1.0/MastiffService-1/getOffer"  	[MsgId: MERR-26612]
SiteHomePage.c(199): Error -26612: HTTP Status-Code=500 (Internal Server Error) for "https://mastiff-itg.ext.hp.com/gw/hpit/cs/mastiff.itg/1.0/MastiffService-1/getOffer"  	[MsgId: MERR-26612]
SiteHomePage.c(181): Error -26612: HTTP Status-Code=500 (Internal Server Error) for "https://mastiff-itg.ext.hp.com/gw/hpit/cs/mastiff.itg/1.0/content/js/supportweb/HP_scraper.js"  	[MsgId: MERR-26612]
PrinterLandingPage.c(191): Error -26612: HTTP Status-Code=500 (Internal Server Error) for "https://mastiff-itg.ext.hp.com/gw/hpit/cs/mastiff.itg/1.0/content/js/supportweb/HP_scraper.js"  	[MsgId: MERR-26612]
ComputerLandingPage.c(204): Error -26612: HTTP Status-Code=500 (Internal Server Error) for "https://mastiff-itg.ext.hp.com/gw/hpit/cs/mastiff.itg/1.0/content/js/supportweb/HP_scraper.js"  	[MsgId: MERR-26612]
PrinterLandingPage.c(191): Error -26612: HTTP Status-Code=500 (Internal Server Error) for "https://mastiff-itg.ext.hp.com/gw/hpit/cs/mastiff.itg/1.0/content/js/supportweb/HP_scraper.js"  	[MsgId: MERR-26612]
SiteHomePage.c(199): Error -26612: HTTP Status-Code=500 (Internal Server Error) for "https://mastiff-itg.ext.hp.com/gw/hpit/cs/mastiff.itg/1.0/MastiffService-1/getOffer"  	[MsgId: MERR-26612]
SiteHomePage.c(199): Error -26612: HTTP Status-Code=500 (Internal Server Error) for "https://mastiff-itg.ext.hp.com/gw/hpit/cs/mastiff.itg/1.0/MastiffService-1/getOffer"  	[MsgId: MERR-26612]
PrinterLandingPage.c(209): Error -26612: HTTP Status-Code=500 (Internal Server Error) for "https://mastiff-itg.ext.hp.com/gw/hpit/cs/mastiff.itg/1.0/MastiffService-1/getOffer"  	[MsgId: MERR-26612]
SiteHomePage.c(199): Error -26612: HTTP Status-Code=500 (Internal Server Error) for "https://mastiff-itg.ext.hp.com/gw/hpit/cs/mastiff.itg/1.0/MastiffService-1/getOffer"  	[MsgId: MERR-26612]
PrinterLandingPage.c(191): Error -26612: HTTP Status-Code=500 (Internal Server Error) for "https://mastiff-itg.ext.hp.com/gw/hpit/cs/mastiff.itg/1.0/content/js/supportweb/HP_scraper.js"  	[MsgId: MERR-26612]
PrinterLandingPage.c(209): Error -26612: HTTP Status-Code=500 (Internal Server Error) for "https://mastiff-itg.ext.hp.com/gw/hpit/cs/mastiff.itg/1.0/MastiffService-1/getOffer"  	[MsgId: MERR-26612]
SiteHomePage.c(181): Error -26612: HTTP Status-Code=500 (Internal Server Error) for "https://mastiff-itg.ext.hp.com/gw/hpit/cs/mastiff.itg/1.0/content/js/supportweb/HP_scraper.js"  	[MsgId: MERR-26612]
SiteHomePage.c(199): Error -26612: HTTP Status-Code=500 (Internal Server Error) for "https://mastiff-itg.ext.hp.com/gw/hpit/cs/mastiff.itg/1.0/MastiffService-1/getOffer"  	[MsgId: MERR-26612]
PrinterLandingPage.c(191): Error -26612: HTTP Status-Code=500 (Internal Server Error) for "https://mastiff-itg.ext.hp.com/gw/hpit/cs/mastiff.itg/1.0/content/js/supportweb/HP_scraper.js"  	[MsgId: MERR-26612]
SiteHomePage.c(181): Error -26612: HTTP Status-Code=500 (Internal Server Error) for "https://mastiff-itg.ext.hp.com/gw/hpit/cs/mastiff.itg/1.0/content/js/supportweb/HP_scraper.js"  	[MsgId: MERR-26612]
SiteHomePage.c(181): Error -26612: HTTP Status-Code=500 (Internal Server Error) for "https://mastiff-itg.ext.hp.com/gw/hpit/cs/mastiff.itg/1.0/content/js/supportweb/HP_scraper.js"  	[MsgId: MERR-26612]
PrinterLandingPage.c(191): Error -26612: HTTP Status-Code=500 (Internal Server Error) for "https://mastiff-itg.ext.hp.com/gw/hpit/cs/mastiff.itg/1.0/content/js/supportweb/HP_scraper.js"  	[MsgId: MERR-26612]
SiteHomePage.c(181): Error -26612: HTTP Status-Code=500 (Internal Server Error) for "https://mastiff-itg.ext.hp.com/gw/hpit/cs/mastiff.itg/1.0/content/js/supportweb/HP_scraper.js"  	[MsgId: MERR-26612]
SiteHomePage.c(199): Error -26612: HTTP Status-Code=500 (Internal Server Error) for "https://mastiff-itg.ext.hp.com/gw/hpit/cs/mastiff.itg/1.0/MastiffService-1/getOffer"  	[MsgId: MERR-26612]
ComputerLandingPage.c(243): Error -26612: HTTP Status-Code=500 (Internal Server Error) for "https://mastiff-itg.ext.hp.com/gw/hpit/cs/mastiff.itg/1.0/MastiffService-1/getOffer"  	[MsgId: MERR-26612]
PrinterLandingPage.c(191): Error -26612: HTTP Status-Code=500 (Internal Server Error) for "https://mastiff-itg.ext.hp.com/gw/hpit/cs/mastiff.itg/1.0/content/js/supportweb/HP_scraper.js"  	[MsgId: MERR-26612]
PrinterLandingPage.c(191): Error -26612: HTTP Status-Code=500 (Internal Server Error) for "https://mastiff-itg.ext.hp.com/gw/hpit/cs/mastiff.itg/1.0/content/js/supportweb/HP_scraper.js"  	[MsgId: MERR-26612]
SiteHomePage.c(181): Error -26612: HTTP Status-Code=500 (Internal Server Error) for "https://mastiff-itg.ext.hp.com/gw/hpit/cs/mastiff.itg/1.0/content/js/supportweb/HP_scraper.js"  	[MsgId: MERR-26612]
PrinterLandingPage.c(209): Error -26612: HTTP Status-Code=500 (Internal Server Error) for "https://mastiff-itg.ext.hp.com/gw/hpit/cs/mastiff.itg/1.0/MastiffService-1/getOffer"  	[MsgId: MERR-26612]
ComputerLandingPage.c(243): Error -26612: HTTP Status-Code=500 (Internal Server Error) for "https://mastiff-itg.ext.hp.com/gw/hpit/cs/mastiff.itg/1.0/MastiffService-1/getOffer"  	[MsgId: MERR-26612]
SiteHomePage.c(181): Error -26612: HTTP Status-Code=500 (Internal Server Error) for "https://mastiff-itg.ext.hp.com/gw/hpit/cs/mastiff.itg/1.0/content/js/supportweb/HP_scraper.js"  	[MsgId: MERR-26612]
SiteHomePage.c(181): Error -26612: HTTP Status-Code=500 (Internal Server Error) for "https://mastiff-itg.ext.hp.com/gw/hpit/cs/mastiff.itg/1.0/content/js/supportweb/HP_scraper.js"  	[MsgId: MERR-26612]
SiteHomePage.c(199): Error -26612: HTTP Status-Code=500 (Internal Server Error) for "https://mastiff-itg.ext.hp.com/gw/hpit/cs/mastiff.itg/1.0/MastiffService-1/getOffer"  	[MsgId: MERR-26612]
SiteHomePage.c(199): Error -26612: HTTP Status-Code=500 (Internal Server Error) for "https://mastiff-itg.ext.hp.com/gw/hpit/cs/mastiff.itg/1.0/MastiffService-1/getOffer"  	[MsgId: MERR-26612]
SiteHomePage.c(199): Error -26612: HTTP Status-Code=500 (Internal Server Error) for "https://mastiff-itg.ext.hp.com/gw/hpit/cs/mastiff.itg/1.0/MastiffService-1/getOffer"  	[MsgId: MERR-26612]
SiteHomePage.c(199): Error -26612: HTTP Status-Code=500 (Internal Server Error) for "https://mastiff-itg.ext.hp.com/gw/hpit/cs/mastiff.itg/1.0/MastiffService-1/getOffer"  	[MsgId: MERR-26612]
SiteHomePage.c(199): Error -26612: HTTP Status-Code=500 (Internal Server Error) for "https://mastiff-itg.ext.hp.com/gw/hpit/cs/mastiff.itg/1.0/MastiffService-1/getOffer"  	[MsgId: MERR-26612]
SiteHomePage.c(181): Error -26612: HTTP Status-Code=500 (Internal Server Error) for "https://mastiff-itg.ext.hp.com/gw/hpit/cs/mastiff.itg/1.0/content/js/supportweb/HP_scraper.js"  	[MsgId: MERR-26612]
PrinterLandingPage.c(209): Error -26612: HTTP Status-Code=500 (Internal Server Error) for "https://mastiff-itg.ext.hp.com/gw/hpit/cs/mastiff.itg/1.0/MastiffService-1/getOffer"  	[MsgId: MERR-26612]
ComputerLandingPage.c(204): Error -26612: HTTP Status-Code=500 (Internal Server Error) for "https://mastiff-itg.ext.hp.com/gw/hpit/cs/mastiff.itg/1.0/content/js/supportweb/HP_scraper.js"  	[MsgId: MERR-26612]
PrinterLandingPage.c(209): Error -26612: HTTP Status-Code=500 (Internal Server Error) for "https://mastiff-itg.ext.hp.com/gw/hpit/cs/mastiff.itg/1.0/MastiffService-1/getOffer"  	[MsgId: MERR-26612]
SiteHomePage.c(199): Error -26612: HTTP Status-Code=500 (Internal Server Error) for "https://mastiff-itg.ext.hp.com/gw/hpit/cs/mastiff.itg/1.0/MastiffService-1/getOffer"  	[MsgId: MERR-26612]
SiteHomePage.c(199): Error -26612: HTTP Status-Code=500 (Internal Server Error) for "https://mastiff-itg.ext.hp.com/gw/hpit/cs/mastiff.itg/1.0/MastiffService-1/getOffer"  	[MsgId: MERR-26612]
SiteHomePage.c(181): Error -26612: HTTP Status-Code=500 (Internal Server Error) for "https://mastiff-itg.ext.hp.com/gw/hpit/cs/mastiff.itg/1.0/content/js/supportweb/HP_scraper.js"  	[MsgId: MERR-26612]
SiteHomePage.c(181): Error -26612: HTTP Status-Code=500 (Internal Server Error) for "https://mastiff-itg.ext.hp.com/gw/hpit/cs/mastiff.itg/1.0/content/js/supportweb/HP_scraper.js"  	[MsgId: MERR-26612]
PrinterLandingPage.c(209): Error -26612: HTTP Status-Code=500 (Internal Server Error) for "https://mastiff-itg.ext.hp.com/gw/hpit/cs/mastiff.itg/1.0/MastiffService-1/getOffer"  	[MsgId: MERR-26612]
PrinterLandingPage.c(209): Error -26612: HTTP Status-Code=500 (Internal Server Error) for "https://mastiff-itg.ext.hp.com/gw/hpit/cs/mastiff.itg/1.0/MastiffService-1/getOffer"  	[MsgId: MERR-26612]
SiteHomePage.c(199): Error -26612: HTTP Status-Code=500 (Internal Server Error) for "https://mastiff-itg.ext.hp.com/gw/hpit/cs/mastiff.itg/1.0/MastiffService-1/getOffer"  	[MsgId: MERR-26612]
ComputerLandingPage.c(243): Error -26612: HTTP Status-Code=500 (Internal Server Error) for "https://mastiff-itg.ext.hp.com/gw/hpit/cs/mastiff.itg/1.0/MastiffService-1/getOffer"  	[MsgId: MERR-26612]
ComputerLandingPage.c(204): Error -26612: HTTP Status-Code=500 (Internal Server Error) for "https://mastiff-itg.ext.hp.com/gw/hpit/cs/mastiff.itg/1.0/content/js/supportweb/HP_scraper.js"  	[MsgId: MERR-26612]
SiteHomePage.c(181): Error -26612: HTTP Status-Code=500 (Internal Server Error) for "https://mastiff-itg.ext.hp.com/gw/hpit/cs/mastiff.itg/1.0/content/js/supportweb/HP_scraper.js"  	[MsgId: MERR-26612]
SiteHomePage.c(181): Error -26612: HTTP Status-Code=500 (Internal Server Error) for "https://mastiff-itg.ext.hp.com/gw/hpit/cs/mastiff.itg/1.0/content/js/supportweb/HP_scraper.js"  	[MsgId: MERR-26612]
PrinterLandingPage.c(191): Error -26612: HTTP Status-Code=500 (Internal Server Error) for "https://mastiff-itg.ext.hp.com/gw/hpit/cs/mastiff.itg/1.0/content/js/supportweb/HP_scraper.js"  	[MsgId: MERR-26612]
SiteHomePage.c(181): Error -26612: HTTP Status-Code=500 (Internal Server Error) for "https://mastiff-itg.ext.hp.com/gw/hpit/cs/mastiff.itg/1.0/content/js/supportweb/HP_scraper.js"  	[MsgId: MERR-26612]
SiteHomePage.c(181): Error -26612: HTTP Status-Code=500 (Internal Server Error) for "https://mastiff-itg.ext.hp.com/gw/hpit/cs/mastiff.itg/1.0/content/js/supportweb/HP_scraper.js"  	[MsgId: MERR-26612]
PrinterLandingPage.c(209): Error -26612: HTTP Status-Code=500 (Internal Server Error) for "https://mastiff-itg.ext.hp.com/gw/hpit/cs/mastiff.itg/1.0/MastiffService-1/getOffer"  	[MsgId: MERR-26612]
PrinterLandingPage.c(209): Error -26612: HTTP Status-Code=500 (Internal Server Error) for "https://mastiff-itg.ext.hp.com/gw/hpit/cs/mastiff.itg/1.0/MastiffService-1/getOffer"  	[MsgId: MERR-26612]
SiteHomePage.c(181): Error -26612: HTTP Status-Code=500 (Internal Server Error) for "https://mastiff-itg.ext.hp.com/gw/hpit/cs/mastiff.itg/1.0/content/js/supportweb/HP_scraper.js"  	[MsgId: MERR-26612]
SiteHomePage.c(181): Error -26612: HTTP Status-Code=500 (Internal Server Error) for "https://mastiff-itg.ext.hp.com/gw/hpit/cs/mastiff.itg/1.0/content/js/supportweb/HP_scraper.js"  	[MsgId: MERR-26612]
PrinterLandingPage.c(191): Error -26612: HTTP Status-Code=500 (Internal Server Error) for "https://mastiff-itg.ext.hp.com/gw/hpit/cs/mastiff.itg/1.0/content/js/supportweb/HP_scraper.js"  	[MsgId: MERR-26612]
SiteHomePage.c(199): Error -26612: HTTP Status-Code=500 (Internal Server Error) for "https://mastiff-itg.ext.hp.com/gw/hpit/cs/mastiff.itg/1.0/MastiffService-1/getOffer"  	[MsgId: MERR-26612]
SiteHomePage.c(181): Error -26612: HTTP Status-Code=500 (Internal Server Error) for "https://mastiff-itg.ext.hp.com/gw/hpit/cs/mastiff.itg/1.0/content/js/supportweb/HP_scraper.js"  	[MsgId: MERR-26612]
PrinterLandingPage.c(209): Error -26612: HTTP Status-Code=500 (Internal Server Error) for "https://mastiff-itg.ext.hp.com/gw/hpit/cs/mastiff.itg/1.0/MastiffService-1/getOffer"  	[MsgId: MERR-26612]
SiteHomePage.c(181): Error -26612: HTTP Status-Code=500 (Internal Server Error) for "https://mastiff-itg.ext.hp.com/gw/hpit/cs/mastiff.itg/1.0/content/js/supportweb/HP_scraper.js"  	[MsgId: MERR-26612]
PrinterLandingPage.c(191): Error -26612: HTTP Status-Code=500 (Internal Server Error) for "https://mastiff-itg.ext.hp.com/gw/hpit/cs/mastiff.itg/1.0/content/js/supportweb/HP_scraper.js"  	[MsgId: MERR-26612]
PrinterLandingPage.c(191): Error -26612: HTTP Status-Code=500 (Internal Server Error) for "https://mastiff-itg.ext.hp.com/gw/hpit/cs/mastiff.itg/1.0/content/js/supportweb/HP_scraper.js"  	[MsgId: MERR-26612]
PrinterLandingPage.c(209): Error -26612: HTTP Status-Code=500 (Internal Server Error) for "https://mastiff-itg.ext.hp.com/gw/hpit/cs/mastiff.itg/1.0/MastiffService-1/getOffer"  	[MsgId: MERR-26612]
SiteHomePage.c(199): Error -26612: HTTP Status-Code=500 (Internal Server Error) for "https://mastiff-itg.ext.hp.com/gw/hpit/cs/mastiff.itg/1.0/MastiffService-1/getOffer"  	[MsgId: MERR-26612]
PrinterLandingPage.c(191): Error -26612: HTTP Status-Code=500 (Internal Server Error) for "https://mastiff-itg.ext.hp.com/gw/hpit/cs/mastiff.itg/1.0/content/js/supportweb/HP_scraper.js"  	[MsgId: MERR-26612]
SiteHomePage.c(181): Error -26612: HTTP Status-Code=500 (Internal Server Error) for "https://mastiff-itg.ext.hp.com/gw/hpit/cs/mastiff.itg/1.0/content/js/supportweb/HP_scraper.js"  	[MsgId: MERR-26612]
SiteHomePage.c(199): Error -26612: HTTP Status-Code=500 (Internal Server Error) for "https://mastiff-itg.ext.hp.com/gw/hpit/cs/mastiff.itg/1.0/MastiffService-1/getOffer"  	[MsgId: MERR-26612]
SiteHomePage.c(199): Error -26612: HTTP Status-Code=500 (Internal Server Error) for "https://mastiff-itg.ext.hp.com/gw/hpit/cs/mastiff.itg/1.0/MastiffService-1/getOffer"  	[MsgId: MERR-26612]
ComputerLandingPage.c(204): Error -26612: HTTP Status-Code=500 (Internal Server Error) for "https://mastiff-itg.ext.hp.com/gw/hpit/cs/mastiff.itg/1.0/content/js/supportweb/HP_scraper.js"  	[MsgId: MERR-26612]
SiteHomePage.c(199): Error -26610: HTTP Status-Code=502 (Bad Gateway) for "https://mastiff-itg.ext.hp.com/gw/hpit/cs/mastiff.itg/1.0/MastiffService-1/getOffer"  	[MsgId: MERR-26610]
SiteHomePage.c(181): Error -26612: HTTP Status-Code=500 (Internal Server Error) for "https://mastiff-itg.ext.hp.com/gw/hpit/cs/mastiff.itg/1.0/content/js/supportweb/HP_scraper.js"  	[MsgId: MERR-26612]
ComputerLandingPage.c(243): Error -26612: HTTP Status-Code=500 (Internal Server Error) for "https://mastiff-itg.ext.hp.com/gw/hpit/cs/mastiff.itg/1.0/MastiffService-1/getOffer"  	[MsgId: MERR-26612]
SiteHomePage.c(181): Error -26612: HTTP Status-Code=500 (Internal Server Error) for "https://mastiff-itg.ext.hp.com/gw/hpit/cs/mastiff.itg/1.0/content/js/supportweb/HP_scraper.js"  	[MsgId: MERR-26612]
ComputerLandingPage.c(204): Error -26612: HTTP Status-Code=500 (Internal Server Error) for "https://mastiff-itg.ext.hp.com/gw/hpit/cs/mastiff.itg/1.0/content/js/supportweb/HP_scraper.js"  	[MsgId: MERR-26612]
PrinterLandingPage.c(209): Error -26612: HTTP Status-Code=500 (Internal Server Error) for "https://mastiff-itg.ext.hp.com/gw/hpit/cs/mastiff.itg/1.0/MastiffService-1/getOffer"  	[MsgId: MERR-26612]
PrinterLandingPage.c(209): Error -26612: HTTP Status-Code=500 (Internal Server Error) for "https://mastiff-itg.ext.hp.com/gw/hpit/cs/mastiff.itg/1.0/MastiffService-1/getOffer"  	[MsgId: MERR-26612]
SiteHomePage.c(199): Error -26612: HTTP Status-Code=500 (Internal Server Error) for "https://mastiff-itg.ext.hp.com/gw/hpit/cs/mastiff.itg/1.0/MastiffService-1/getOffer"  	[MsgId: MERR-26612]
SiteHomePage.c(181): Error -26612: HTTP Status-Code=500 (Internal Server Error) for "https://mastiff-itg.ext.hp.com/gw/hpit/cs/mastiff.itg/1.0/content/js/supportweb/HP_scraper.js"  	[MsgId: MERR-26612]
PrinterLandingPage.c(209): Error -26612: HTTP Status-Code=500 (Internal Server Error) for "https://mastiff-itg.ext.hp.com/gw/hpit/cs/mastiff.itg/1.0/MastiffService-1/getOffer"  	[MsgId: MERR-26612]
PrinterLandingPage.c(191): Error -26612: HTTP Status-Code=500 (Internal Server Error) for "https://mastiff-itg.ext.hp.com/gw/hpit/cs/mastiff.itg/1.0/content/js/supportweb/HP_scraper.js"  	[MsgId: MERR-26612]
SiteHomePage.c(181): Error -26612: HTTP Status-Code=500 (Internal Server Error) for "https://mastiff-itg.ext.hp.com/gw/hpit/cs/mastiff.itg/1.0/content/js/supportweb/HP_scraper.js"  	[MsgId: MERR-26612]
SiteHomePage.c(181): Error -26610: HTTP Status-Code=502 (Bad Gateway) for "https://mastiff-itg.ext.hp.com/gw/hpit/cs/mastiff.itg/1.0/content/js/supportweb/HP_scraper.js"  	[MsgId: MERR-26610]
PrinterLandingPage.c(191): Error -26612: HTTP Status-Code=500 (Internal Server Error) for "https://mastiff-itg.ext.hp.com/gw/hpit/cs/mastiff.itg/1.0/content/js/supportweb/HP_scraper.js"  	[MsgId: MERR-26612]
SiteHomePage.c(181): Error -26612: HTTP Status-Code=500 (Internal Server Error) for "https://mastiff-itg.ext.hp.com/gw/hpit/cs/mastiff.itg/1.0/content/js/supportweb/HP_scraper.js"  	[MsgId: MERR-26612]
SiteHomePage.c(199): Error -26612: HTTP Status-Code=500 (Internal Server Error) for "https://mastiff-itg.ext.hp.com/gw/hpit/cs/mastiff.itg/1.0/MastiffService-1/getOffer"  	[MsgId: MERR-26612]
SiteHomePage.c(199): Error -26612: HTTP Status-Code=500 (Internal Server Error) for "https://mastiff-itg.ext.hp.com/gw/hpit/cs/mastiff.itg/1.0/MastiffService-1/getOffer"  	[MsgId: MERR-26612]
SiteHomePage.c(181): Error -26612: HTTP Status-Code=500 (Internal Server Error) for "https://mastiff-itg.ext.hp.com/gw/hpit/cs/mastiff.itg/1.0/content/js/supportweb/HP_scraper.js"  	[MsgId: MERR-26612]
SiteHomePage.c(181): Error -26612: HTTP Status-Code=500 (Internal Server Error) for "https://mastiff-itg.ext.hp.com/gw/hpit/cs/mastiff.itg/1.0/content/js/supportweb/HP_scraper.js"  	[MsgId: MERR-26612]
PrinterLandingPage.c(209): Error -26612: HTTP Status-Code=500 (Internal Server Error) for "https://mastiff-itg.ext.hp.com/gw/hpit/cs/mastiff.itg/1.0/MastiffService-1/getOffer"  	[MsgId: MERR-26612]
SiteHomePage.c(181): Error -26612: HTTP Status-Code=500 (Internal Server Error) for "https://mastiff-itg.ext.hp.com/gw/hpit/cs/mastiff.itg/1.0/content/js/supportweb/HP_scraper.js"  	[MsgId: MERR-26612]
PrinterLandingPage.c(209): Error -26610: HTTP Status-Code=502 (Bad Gateway) for "https://mastiff-itg.ext.hp.com/gw/hpit/cs/mastiff.itg/1.0/MastiffService-1/getOffer"  	[MsgId: MERR-26610]
PrinterLandingPage.c(191): Error -26612: HTTP Status-Code=500 (Internal Server Error) for "https://mastiff-itg.ext.hp.com/gw/hpit/cs/mastiff.itg/1.0/content/js/supportweb/HP_scraper.js"  	[MsgId: MERR-26612]
ComputerLandingPage.c(204): Error -26612: HTTP Status-Code=500 (Internal Server Error) for "https://mastiff-itg.ext.hp.com/gw/hpit/cs/mastiff.itg/1.0/content/js/supportweb/HP_scraper.js"  	[MsgId: MERR-26612]
PrinterLandingPage.c(191): Error -26612: HTTP Status-Code=500 (Internal Server Error) for "https://mastiff-itg.ext.hp.com/gw/hpit/cs/mastiff.itg/1.0/content/js/supportweb/HP_scraper.js"  	[MsgId: MERR-26612]
SiteHomePage.c(181): Error -26612: HTTP Status-Code=500 (Internal Server Error) for "https://mastiff-itg.ext.hp.com/gw/hpit/cs/mastiff.itg/1.0/content/js/supportweb/HP_scraper.js"  	[MsgId: MERR-26612]
SiteHomePage.c(199): Error -26610: HTTP Status-Code=502 (Bad Gateway) for "https://mastiff-itg.ext.hp.com/gw/hpit/cs/mastiff.itg/1.0/MastiffService-1/getOffer"  	[MsgId: MERR-26610]
PrinterLandingPage.c(209): Error -26612: HTTP Status-Code=500 (Internal Server Error) for "https://mastiff-itg.ext.hp.com/gw/hpit/cs/mastiff.itg/1.0/MastiffService-1/getOffer"  	[MsgId: MERR-26612]
SiteHomePage.c(199): Error -26612: HTTP Status-Code=500 (Internal Server Error) for "https://mastiff-itg.ext.hp.com/gw/hpit/cs/mastiff.itg/1.0/MastiffService-1/getOffer"  	[MsgId: MERR-26612]
SiteHomePage.c(181): Error -26612: HTTP Status-Code=500 (Internal Server Error) for "https://mastiff-itg.ext.hp.com/gw/hpit/cs/mastiff.itg/1.0/content/js/supportweb/HP_scraper.js"  	[MsgId: MERR-26612]
PrinterLandingPage.c(191): Error -26612: HTTP Status-Code=500 (Internal Server Error) for "https://mastiff-itg.ext.hp.com/gw/hpit/cs/mastiff.itg/1.0/content/js/supportweb/HP_scraper.js"  	[MsgId: MERR-26612]
SiteHomePage.c(199): Error -26612: HTTP Status-Code=500 (Internal Server Error) for "https://mastiff-itg.ext.hp.com/gw/hpit/cs/mastiff.itg/1.0/MastiffService-1/getOffer"  	[MsgId: MERR-26612]
SiteHomePage.c(199): Error -26612: HTTP Status-Code=500 (Internal Server Error) for "https://mastiff-itg.ext.hp.com/gw/hpit/cs/mastiff.itg/1.0/MastiffService-1/getOffer"  	[MsgId: MERR-26612]
PrinterLandingPage.c(191): Error -26612: HTTP Status-Code=500 (Internal Server Error) for "https://mastiff-itg.ext.hp.com/gw/hpit/cs/mastiff.itg/1.0/content/js/supportweb/HP_scraper.js"  	[MsgId: MERR-26612]
SiteHomePage.c(199): Error -26612: HTTP Status-Code=500 (Internal Server Error) for "https://mastiff-itg.ext.hp.com/gw/hpit/cs/mastiff.itg/1.0/MastiffService-1/getOffer"  	[MsgId: MERR-26612]
PrinterLandingPage.c(191): Error -26612: HTTP Status-Code=500 (Internal Server Error) for "https://mastiff-itg.ext.hp.com/gw/hpit/cs/mastiff.itg/1.0/content/js/supportweb/HP_scraper.js"  	[MsgId: MERR-26612]
PrinterLandingPage.c(209): Error -26612: HTTP Status-Code=500 (Internal Server Error) for "https://mastiff-itg.ext.hp.com/gw/hpit/cs/mastiff.itg/1.0/MastiffService-1/getOffer"  	[MsgId: MERR-26612]
ComputerLandingPage.c(204): Error -26612: HTTP Status-Code=500 (Internal Server Error) for "https://mastiff-itg.ext.hp.com/gw/hpit/cs/mastiff.itg/1.0/content/js/supportweb/HP_scraper.js"  	[MsgId: MERR-26612]
PrinterLandingPage.c(191): Error -26612: HTTP Status-Code=500 (Internal Server Error) for "https://mastiff-itg.ext.hp.com/gw/hpit/cs/mastiff.itg/1.0/content/js/supportweb/HP_scraper.js"  	[MsgId: MERR-26612]
PrinterLandingPage.c(191): Error -26612: HTTP Status-Code=500 (Internal Server Error) for "https://mastiff-itg.ext.hp.com/gw/hpit/cs/mastiff.itg/1.0/content/js/supportweb/HP_scraper.js"  	[MsgId: MERR-26612]
ComputerLandingPage.c(204): Error -26612: HTTP Status-Code=500 (Internal Server Error) for "https://mastiff-itg.ext.hp.com/gw/hpit/cs/mastiff.itg/1.0/content/js/supportweb/HP_scraper.js"  	[MsgId: MERR-26612]
SiteHomePage.c(181): Error -26612: HTTP Status-Code=500 (Internal Server Error) for "https://mastiff-itg.ext.hp.com/gw/hpit/cs/mastiff.itg/1.0/content/js/supportweb/HP_scraper.js"  	[MsgId: MERR-26612]
PrinterLandingPage.c(191): Error -26612: HTTP Status-Code=500 (Internal Server Error) for "https://mastiff-itg.ext.hp.com/gw/hpit/cs/mastiff.itg/1.0/content/js/supportweb/HP_scraper.js"  	[MsgId: MERR-26612]
SiteHomePage.c(181): Error -26612: HTTP Status-Code=500 (Internal Server Error) for "https://mastiff-itg.ext.hp.com/gw/hpit/cs/mastiff.itg/1.0/content/js/supportweb/HP_scraper.js"  	[MsgId: MERR-26612]
PrinterLandingPage.c(191): Error -26612: HTTP Status-Code=500 (Internal Server Error) for "https://mastiff-itg.ext.hp.com/gw/hpit/cs/mastiff.itg/1.0/content/js/supportweb/HP_scraper.js"  	[MsgId: MERR-26612]
PrinterLandingPage.c(209): Error -26612: HTTP Status-Code=500 (Internal Server Error) for "https://mastiff-itg.ext.hp.com/gw/hpit/cs/mastiff.itg/1.0/MastiffService-1/getOffer"  	[MsgId: MERR-26612]
SiteHomePage.c(181): Error -26612: HTTP Status-Code=500 (Internal Server Error) for "https://mastiff-itg.ext.hp.com/gw/hpit/cs/mastiff.itg/1.0/content/js/supportweb/HP_scraper.js"  	[MsgId: MERR-26612]
SiteHomePage.c(199): Error -26612: HTTP Status-Code=500 (Internal Server Error) for "https://mastiff-itg.ext.hp.com/gw/hpit/cs/mastiff.itg/1.0/MastiffService-1/getOffer"  	[MsgId: MERR-26612]
PrinterLandingPage.c(209): Error -26612: HTTP Status-Code=500 (Internal Server Error) for "https://mastiff-itg.ext.hp.com/gw/hpit/cs/mastiff.itg/1.0/MastiffService-1/getOffer"  	[MsgId: MERR-26612]
ComputerLandingPage.c(243): Error -26612: HTTP Status-Code=500 (Internal Server Error) for "https://mastiff-itg.ext.hp.com/gw/hpit/cs/mastiff.itg/1.0/MastiffService-1/getOffer"  	[MsgId: MERR-26612]
SiteHomePage.c(199): Error -26612: HTTP Status-Code=500 (Internal Server Error) for "https://mastiff-itg.ext.hp.com/gw/hpit/cs/mastiff.itg/1.0/MastiffService-1/getOffer"  	[MsgId: MERR-26612]
SiteHomePage.c(199): Error -26610: HTTP Status-Code=502 (Bad Gateway) for "https://mastiff-itg.ext.hp.com/gw/hpit/cs/mastiff.itg/1.0/MastiffService-1/getOffer"  	[MsgId: MERR-26610]
SiteHomePage.c(199): Error -26612: HTTP Status-Code=500 (Internal Server Error) for "https://mastiff-itg.ext.hp.com/gw/hpit/cs/mastiff.itg/1.0/MastiffService-1/getOffer"  	[MsgId: MERR-26612]
PrinterLandingPage.c(209): Error -26612: HTTP Status-Code=500 (Internal Server Error) for "https://mastiff-itg.ext.hp.com/gw/hpit/cs/mastiff.itg/1.0/MastiffService-1/getOffer"  	[MsgId: MERR-26612]
SiteHomePage.c(181): Error -26612: HTTP Status-Code=500 (Internal Server Error) for "https://mastiff-itg.ext.hp.com/gw/hpit/cs/mastiff.itg/1.0/content/js/supportweb/HP_scraper.js"  	[MsgId: MERR-26612]
PrinterLandingPage.c(209): Error -26610: HTTP Status-Code=502 (Bad Gateway) for "https://mastiff-itg.ext.hp.com/gw/hpit/cs/mastiff.itg/1.0/MastiffService-1/getOffer"  	[MsgId: MERR-26610]
PrinterLandingPage.c(191): Error -26612: HTTP Status-Code=500 (Internal Server Error) for "https://mastiff-itg.ext.hp.com/gw/hpit/cs/mastiff.itg/1.0/content/js/supportweb/HP_scraper.js"  	[MsgId: MERR-26612]
SiteHomePage.c(181): Error -26610: HTTP Status-Code=502 (Bad Gateway) for "https://mastiff-itg.ext.hp.com/gw/hpit/cs/mastiff.itg/1.0/content/js/supportweb/HP_scraper.js"  	[MsgId: MERR-26610]
SiteHomePage.c(181): Error -26612: HTTP Status-Code=500 (Internal Server Error) for "https://mastiff-itg.ext.hp.com/gw/hpit/cs/mastiff.itg/1.0/content/js/supportweb/HP_scraper.js"  	[MsgId: MERR-26612]
SiteHomePage.c(199): Error -26612: HTTP Status-Code=500 (Internal Server Error) for "https://mastiff-itg.ext.hp.com/gw/hpit/cs/mastiff.itg/1.0/MastiffService-1/getOffer"  	[MsgId: MERR-26612]
PrinterLandingPage.c(209): Error -26612: HTTP Status-Code=500 (Internal Server Error) for "https://mastiff-itg.ext.hp.com/gw/hpit/cs/mastiff.itg/1.0/MastiffService-1/getOffer"  	[MsgId: MERR-26612]
SiteHomePage.c(199): Error -26612: HTTP Status-Code=500 (Internal Server Error) for "https://mastiff-itg.ext.hp.com/gw/hpit/cs/mastiff.itg/1.0/MastiffService-1/getOffer"  	[MsgId: MERR-26612]
SiteHomePage.c(181): Error -26610: HTTP Status-Code=502 (Bad Gateway) for "https://mastiff-itg.ext.hp.com/gw/hpit/cs/mastiff.itg/1.0/content/js/supportweb/HP_scraper.js"  	[MsgId: MERR-26610]
SiteHomePage.c(181): Error -26612: HTTP Status-Code=500 (Internal Server Error) for "https://mastiff-itg.ext.hp.com/gw/hpit/cs/mastiff.itg/1.0/content/js/supportweb/HP_scraper.js"  	[MsgId: MERR-26612]
SiteHomePage.c(181): Error -26612: HTTP Status-Code=500 (Internal Server Error) for "https://mastiff-itg.ext.hp.com/gw/hpit/cs/mastiff.itg/1.0/content/js/supportweb/HP_scraper.js"  	[MsgId: MERR-26612]
SiteHomePage.c(181): Error -26612: HTTP Status-Code=500 (Internal Server Error) for "https://mastiff-itg.ext.hp.com/gw/hpit/cs/mastiff.itg/1.0/content/js/supportweb/HP_scraper.js"  	[MsgId: MERR-26612]
PrinterLandingPage.c(191): Error -26612: HTTP Status-Code=500 (Internal Server Error) for "https://mastiff-itg.ext.hp.com/gw/hpit/cs/mastiff.itg/1.0/content/js/supportweb/HP_scraper.js"  	[MsgId: MERR-26612]
ComputerLandingPage.c(204): Error -26612: HTTP Status-Code=500 (Internal Server Error) for "https://mastiff-itg.ext.hp.com/gw/hpit/cs/mastiff.itg/1.0/content/js/supportweb/HP_scraper.js"  	[MsgId: MERR-26612]
PrinterLandingPage.c(191): Error -26612: HTTP Status-Code=500 (Internal Server Error) for "https://mastiff-itg.ext.hp.com/gw/hpit/cs/mastiff.itg/1.0/content/js/supportweb/HP_scraper.js"  	[MsgId: MERR-26612]
PrinterLandingPage.c(191): Error -26612: HTTP Status-Code=500 (Internal Server Error) for "https://mastiff-itg.ext.hp.com/gw/hpit/cs/mastiff.itg/1.0/content/js/supportweb/HP_scraper.js"  	[MsgId: MERR-26612]
PrinterLandingPage.c(191): Error -26612: HTTP Status-Code=500 (Internal Server Error) for "https://mastiff-itg.ext.hp.com/gw/hpit/cs/mastiff.itg/1.0/content/js/supportweb/HP_scraper.js"  	[MsgId: MERR-26612]
PrinterLandingPage.c(209): Error -26612: HTTP Status-Code=500 (Internal Server Error) for "https://mastiff-itg.ext.hp.com/gw/hpit/cs/mastiff.itg/1.0/MastiffService-1/getOffer"  	[MsgId: MERR-26612]
SiteHomePage.c(181): Error -26612: HTTP Status-Code=500 (Internal Server Error) for "https://mastiff-itg.ext.hp.com/gw/hpit/cs/mastiff.itg/1.0/content/js/supportweb/HP_scraper.js"  	[MsgId: MERR-26612]
SiteHomePage.c(181): Error -26612: HTTP Status-Code=500 (Internal Server Error) for "https://mastiff-itg.ext.hp.com/gw/hpit/cs/mastiff.itg/1.0/content/js/supportweb/HP_scraper.js"  	[MsgId: MERR-26612]
ComputerLandingPage.c(204): Error -26612: HTTP Status-Code=500 (Internal Server Error) for "https://mastiff-itg.ext.hp.com/gw/hpit/cs/mastiff.itg/1.0/content/js/supportweb/HP_scraper.js"  	[MsgId: MERR-26612]
ComputerLandingPage.c(243): Error -26612: HTTP Status-Code=500 (Internal Server Error) for "https://mastiff-itg.ext.hp.com/gw/hpit/cs/mastiff.itg/1.0/MastiffService-1/getOffer"  	[MsgId: MERR-26612]
