SiteHomePage.c(220): Error -27645: Step download timeout (120 seconds) has expired when only cross-step downloads (0) were active  	[MsgId: MERR-27645]
SiteHomePage.c(220): Error -26610: HTTP Status-Code=502 (Bad Gateway) for "https://ppssupport-itgllbh7.inc.hp.com/us-en"  	[MsgId: MERR-26610]
SiteHomePage.c(5): Error -26608: HTTP Status-Code=504 (Gateway Timeout) for "https://ppssupport-itgllbh7.inc.hp.com/us-en"  	[MsgId: MERR-26608]
SiteHomePage.c(220): Error -27645: Step download timeout (120 seconds) has expired when only cross-step downloads (0) were active  	[MsgId: MERR-27645]
ComputerLandingPage.c(267): Error -27645: Step download timeout (120 seconds) has expired when only cross-step downloads (0) were active  	[MsgId: MERR-27645]
PrinterLandingPage.c(232): Error -27645: Step download timeout (120 seconds) has expired when only cross-step downloads (0) were active  	[MsgId: MERR-27645]
PrinterLandingPage.c(232): Error -27645: Step download timeout (120 seconds) has expired when only cross-step downloads (0) were active  	[MsgId: MERR-27645]
PrinterLandingPage.c(232): Error -27645: Step download timeout (120 seconds) has expired when only cross-step downloads (0) were active  	[MsgId: MERR-27645]
ComputerLandingPage.c(267): Error -27645: Step download timeout (120 seconds) has expired when only cross-step downloads (0) were active  	[MsgId: MERR-27645]
PrinterLandingPage.c(232): Error -27645: Step download timeout (120 seconds) has expired when only cross-step downloads (0) were active  	[MsgId: MERR-27645]
SiteHomePage.c(220): Error -27645: Step download timeout (120 seconds) has expired when only cross-step downloads (0) were active  	[MsgId: MERR-27645]
SiteHomePage.c(220): Error -27645: Step download timeout (120 seconds) has expired when only cross-step downloads (0) were active  	[MsgId: MERR-27645]
PrinterLandingPage.c(232): Error -27645: Step download timeout (120 seconds) has expired when only cross-step downloads (0) were active  	[MsgId: MERR-27645]
ComputerLandingPage.c(267): Error -27645: Step download timeout (120 seconds) has expired when only cross-step downloads (0) were active  	[MsgId: MERR-27645]
SiteHomePage.c(220): Error -27645: Step download timeout (120 seconds) has expired when only cross-step downloads (0) were active  	[MsgId: MERR-27645]
PrintSetupLanding.c(165): Error -27645: Step download timeout (120 seconds) has expired when only cross-step downloads (0) were active  	[MsgId: MERR-27645]
SiteHomePage.c(220): Error -27645: Step download timeout (120 seconds) has expired when only cross-step downloads (0) were active  	[MsgId: MERR-27645]
PrinterLandingPage.c(232): Error -27645: Step download timeout (120 seconds) has expired when only cross-step downloads (0) were active  	[MsgId: MERR-27645]
SiteHomePage.c(220): Error -27645: Step download timeout (120 seconds) has expired when only cross-step downloads (0) were active  	[MsgId: MERR-27645]
ComputerLandingPage.c(267): Error -27645: Step download timeout (120 seconds) has expired when only cross-step downloads (0) were active  	[MsgId: MERR-27645]
SiteHomePage.c(220): Error -27645: Step download timeout (120 seconds) has expired when only cross-step downloads (0) were active  	[MsgId: MERR-27645]
PrinterLandingPage.c(232): Error -27645: Step download timeout (120 seconds) has expired when only cross-step downloads (0) were active  	[MsgId: MERR-27645]
PrinterLandingPage.c(232): Error -27645: Step download timeout (120 seconds) has expired when only cross-step downloads (0) were active  	[MsgId: MERR-27645]
SiteHomePage.c(220): Error -27645: Step download timeout (120 seconds) has expired when only cross-step downloads (0) were active  	[MsgId: MERR-27645]
PrinterLandingPage.c(232): Error -27645: Step download timeout (120 seconds) has expired when only cross-step downloads (0) were active  	[MsgId: MERR-27645]
PrinterLandingPage.c(232): Error -27645: Step download timeout (120 seconds) has expired when only cross-step downloads (0) were active  	[MsgId: MERR-27645]
PrintSetupLanding.c(165): Error -27645: Step download timeout (120 seconds) has expired when only cross-step downloads (0) were active  	[MsgId: MERR-27645]
SiteHomePage.c(220): Error -27645: Step download timeout (120 seconds) has expired when only cross-step downloads (0) were active  	[MsgId: MERR-27645]
SiteHomePage.c(220): Error -27645: Step download timeout (120 seconds) has expired when only cross-step downloads (0) were active  	[MsgId: MERR-27645]
Printersetup_SeriesPage.c(233): Error -27645: Step download timeout (120 seconds) has expired when only cross-step downloads (0) were active  	[MsgId: MERR-27645]
SiteHomePage.c(220): Error -27645: Step download timeout (120 seconds) has expired when only cross-step downloads (0) were active  	[MsgId: MERR-27645]
SiteHomePage.c(220): Error -27645: Step download timeout (120 seconds) has expired when only cross-step downloads (0) were active  	[MsgId: MERR-27645]
PrinterLandingPage.c(232): Error -27645: Step download timeout (120 seconds) has expired when only cross-step downloads (0) were active  	[MsgId: MERR-27645]
PrintSetupLanding.c(165): Error -27645: Step download timeout (120 seconds) has expired when only cross-step downloads (0) were active  	[MsgId: MERR-27645]
SiteHomePage.c(220): Error -27645: Step download timeout (120 seconds) has expired when only cross-step downloads (0) were active  	[MsgId: MERR-27645]
SiteHomePage.c(220): Error -27645: Step download timeout (120 seconds) has expired when only cross-step downloads (0) were active  	[MsgId: MERR-27645]
Printersetup_SeriesPage.c(233): Error -27645: Step download timeout (120 seconds) has expired when only cross-step downloads (0) were active  	[MsgId: MERR-27645]
PrinterLandingPage.c(232): Error -27645: Step download timeout (120 seconds) has expired when only cross-step downloads (0) were active  	[MsgId: MERR-27645]
SiteHomePage.c(220): Error -27645: Step download timeout (120 seconds) has expired when only cross-step downloads (0) were active  	[MsgId: MERR-27645]
Printersetup_SeriesPage.c(233): Error -27645: Step download timeout (120 seconds) has expired when only cross-step downloads (0) were active  	[MsgId: MERR-27645]
PrinterLandingPage.c(232): Error -27645: Step download timeout (120 seconds) has expired when only cross-step downloads (0) were active  	[MsgId: MERR-27645]
SiteHomePage.c(220): Error -27645: Step download timeout (120 seconds) has expired when only cross-step downloads (0) were active  	[MsgId: MERR-27645]
PrinterLandingPage.c(232): Error -27645: Step download timeout (120 seconds) has expired when only cross-step downloads (0) were active  	[MsgId: MERR-27645]
ComputerLandingPage.c(267): Error -27645: Step download timeout (120 seconds) has expired when only cross-step downloads (0) were active  	[MsgId: MERR-27645]
SiteHomePage.c(220): Error -27760: Request "https://ppssupport-itgllbh7.inc.hp.com/us-en" failed  	[MsgId: MERR-27760]
SiteHomePage.c(220): Error -27760: Request "https://ppssupport-itgllbh7.inc.hp.com/us-en" failed  	[MsgId: MERR-27760]
SiteHomePage.c(220): Error -27760: Request "https://ppssupport-itgllbh7.inc.hp.com/us-en" failed  	[MsgId: MERR-27760]
SiteHomePage.c(114): Error -27760: Request "https://ppssupport-itgllbh7.inc.hp.com/wcc-services/ssc/config/us-en/siteHome" failed  	[MsgId: MERR-27760]
SiteHomePage.c(114): Error -27760: Request "https://ppssupport-itgllbh7.inc.hp.com/wcc-services/ssc/config/us-en/siteHome" failed  	[MsgId: MERR-27760]
SiteHomePage.c(220): Error -27760: Request "https://ppssupport-itgllbh7.inc.hp.com/us-en" failed  	[MsgId: MERR-27760]
SiteHomePage.c(220): Error -27760: Request "https://ppssupport-itgllbh7.inc.hp.com/us-en" failed  	[MsgId: MERR-27760]
SiteHomePage.c(220): Error -27760: Request "https://ppssupport-itgllbh7.inc.hp.com/us-en" failed  	[MsgId: MERR-27760]
SiteHomePage.c(220): Error -27760: Request "https://ppssupport-itgllbh7.inc.hp.com/us-en" failed  	[MsgId: MERR-27760]
SiteHomePage.c(220): Error -27760: Request "https://ppssupport-itgllbh7.inc.hp.com/us-en" failed  	[MsgId: MERR-27760]
SiteHomePage.c(220): Error -27760: Request "https://ppssupport-itgllbh7.inc.hp.com/us-en" failed  	[MsgId: MERR-27760]
SiteHomePage.c(220): Error -27760: Request "https://ppssupport-itgllbh7.inc.hp.com/us-en" failed  	[MsgId: MERR-27760]
SiteHomePage.c(220): Error -27760: Request "https://ppssupport-itgllbh7.inc.hp.com/us-en" failed  	[MsgId: MERR-27760]
SiteHomePage.c(220): Error -27760: Request "https://ppssupport-itgllbh7.inc.hp.com/us-en" failed  	[MsgId: MERR-27760]
SiteHomePage.c(220): Error -27760: Request "https://ppssupport-itgllbh7.inc.hp.com/us-en" failed  	[MsgId: MERR-27760]
SiteHomePage.c(220): Error -27760: Request "https://ppssupport-itgllbh7.inc.hp.com/us-en" failed  	[MsgId: MERR-27760]
SiteHomePage.c(220): Error -27760: Request "https://ppssupport-itgllbh7.inc.hp.com/us-en" failed  	[MsgId: MERR-27760]
SiteHomePage.c(220): Error -27760: Request "https://ppssupport-itgllbh7.inc.hp.com/us-en" failed  	[MsgId: MERR-27760]
SiteHomePage.c(141): Error -27760: Request "https://ppssupport-itgllbh7.inc.hp.com/wcc-services/cms-v1/us-en/wcc_sitehome_alerts" failed  	[MsgId: MERR-27760]
SiteHomePage.c(220): Error -27760: Request "https://ppssupport-itgllbh7.inc.hp.com/us-en" failed  	[MsgId: MERR-27760]
SiteHomePage.c(220): Error -27760: Request "https://ppssupport-itgllbh7.inc.hp.com/us-en" failed  	[MsgId: MERR-27760]
SiteHomePage.c(220): Error -27760: Request "https://ppssupport-itgllbh7.inc.hp.com/us-en" failed  	[MsgId: MERR-27760]
SiteHomePage.c(220): Error -27760: Request "https://ppssupport-itgllbh7.inc.hp.com/us-en" failed  	[MsgId: MERR-27760]
SiteHomePage.c(220): Error -27760: Request "https://ppssupport-itgllbh7.inc.hp.com/us-en" failed  	[MsgId: MERR-27760]
SiteHomePage.c(220): Error -27760: Request "https://ppssupport-itgllbh7.inc.hp.com/us-en" failed  	[MsgId: MERR-27760]
SiteHomePage.c(220): Error -27760: Request "https://ppssupport-itgllbh7.inc.hp.com/us-en" failed  	[MsgId: MERR-27760]
SiteHomePage.c(220): Error -27760: Request "https://ppssupport-itgllbh7.inc.hp.com/us-en" failed  	[MsgId: MERR-27760]
SiteHomePage.c(220): Error -27760: Request "https://ppssupport-itgllbh7.inc.hp.com/us-en" failed  	[MsgId: MERR-27760]
SiteHomePage.c(220): Error -27760: Request "https://ppssupport-itgllbh7.inc.hp.com/us-en" failed  	[MsgId: MERR-27760]
SiteHomePage.c(220): Error -27760: Request "https://ppssupport-itgllbh7.inc.hp.com/us-en" failed  	[MsgId: MERR-27760]
SiteHomePage.c(220): Error -27760: Request "https://ppssupport-itgllbh7.inc.hp.com/us-en" failed  	[MsgId: MERR-27760]
SiteHomePage.c(220): Error -27760: Request "https://ppssupport-itgllbh7.inc.hp.com/us-en" failed  	[MsgId: MERR-27760]
SiteHomePage.c(220): Error -27760: Request "https://ppssupport-itgllbh7.inc.hp.com/us-en" failed  	[MsgId: MERR-27760]
SiteHomePage.c(220): Error -27760: Request "https://ppssupport-itgllbh7.inc.hp.com/us-en" failed  	[MsgId: MERR-27760]
SiteHomePage.c(220): Error -27760: Request "https://ppssupport-itgllbh7.inc.hp.com/us-en" failed  	[MsgId: MERR-27760]
SiteHomePage.c(220): Error -27760: Request "https://ppssupport-itgllbh7.inc.hp.com/us-en" failed  	[MsgId: MERR-27760]
SiteHomePage.c(220): Error -27760: Request "https://ppssupport-itgllbh7.inc.hp.com/us-en" failed  	[MsgId: MERR-27760]
SiteHomePage.c(220): Error -27760: Request "https://ppssupport-itgllbh7.inc.hp.com/us-en" failed  	[MsgId: MERR-27760]
SiteHomePage.c(220): Error -27760: Request "https://ppssupport-itgllbh7.inc.hp.com/us-en" failed  	[MsgId: MERR-27760]
SiteHomePage.c(220): Error -27760: Request "https://ppssupport-itgllbh7.inc.hp.com/us-en" failed  	[MsgId: MERR-27760]
SiteHomePage.c(220): Error -27760: Request "https://ppssupport-itgllbh7.inc.hp.com/us-en" failed  	[MsgId: MERR-27760]
