Printersetup_SeriesPage.c(233): Error -26610: HTTP Status-Code=502 (Bad Gateway) for "https://ppssupport-itgllbh7.inc.hp.com/us-en/printer-setup/hp-deskjet-2130-all-in-one-printer-series/7174550"  	[MsgId: MERR-26610]
Printersetup_SeriesPage.c(233): Error -26610: HTTP Status-Code=502 (Bad Gateway) for "https://ppssupport-itgllbh7.inc.hp.com/us-en/printer-setup/hp-deskjet-ink-advantage-ultra-2529-all-in-one-printer-series/7787695"  	[MsgId: MERR-26610]
PrintSetupLanding.c(165): Error -26610: HTTP Status-Code=502 (Bad Gateway) for "https://ppssupport-itgllbh7.inc.hp.com/us-en/printer-setup"  	[MsgId: MERR-26610]
PrintSetupLanding.c(108): Error -27760: Request "https://ppssupport-itgllbh7.inc.hp.com/wcc-services/cms-v1/us-en/wcc_sitehome_alerts" failed  	[MsgId: MERR-27760]
PrintSetupLanding.c(165): Error -27760: Request "https://ppssupport-itgllbh7.inc.hp.com/us-en/printer-setup" failed  	[MsgId: MERR-27760]
Printersetup_SeriesPage.c(150): Error -27760: Request "https://ppssupport-itgllbh7.inc.hp.com/wcc-services/productdata" failed  	[MsgId: MERR-27760]
PrinterSetup_ModelPage.c(245): Error -27760: Request "https://ppssupport-itgllbh7.inc.hp.com/wcc-services/printsetup/resources" failed  	[MsgId: MERR-27760]
ComputerLandingPage.c(267): Error -27760: Request "https://ppssupport-itgllbh7.inc.hp.com/us-en/computer" failed  	[MsgId: MERR-27760]
PrinterSetup_ModelPage.c(81): Error -27760: Request "https://ppssupport-itgllbh7.inc.hp.com/wcc-services/ssc/config/us-en/printerSetup" failed  	[MsgId: MERR-27760]
PrinterSetup_ModelPage.c(116): Error -27760: Request "https://ppssupport-itgllbh7.inc.hp.com/wcc-services/printsetup/spos/us-en?oid=11262035&os=Windows%20NT%2010.0;%20Win64;%20x64&osbit=64" failed  	[MsgId: MERR-27760]
ComputerLandingPage.c(5): Error -27760: Request "https://ppssupport-itgllbh7.inc.hp.com/us-en/computer" failed  	[MsgId: MERR-27760]
ComputerLandingPage.c(101): Error -27760: Request "https://ppssupport-itgllbh7.inc.hp.com/wcc-services/cms-v1/us-en/wcc_sitehome_alerts" failed  	[MsgId: MERR-27760]
Printersetup_SeriesPage.c(180): Error -27760: Request "https://ppssupport-itgllbh7.inc.hp.com/wcc-services/printsetup/spos/us-en?oid=11262035&os=Windows%20NT%2010.0;%20Win64;%20x64&osbit=64&userType=Anonymous&standardOids=18972,238445,1142650,8954252,8954253,11262035" failed  	[MsgId: MERR-27760]
PrinterLandingPage.c(232): Error -27760: Request "https://ppssupport-itgllbh7.inc.hp.com/us-en/printer" failed  	[MsgId: MERR-27760]
PrinterLandingPage.c(232): Error -27760: Request "https://ppssupport-itgllbh7.inc.hp.com/us-en/printer" failed  	[MsgId: MERR-27760]
Printersetup_SeriesPage.c(233): Error -27760: Request "https://ppssupport-itgllbh7.inc.hp.com/us-en/printer-setup/hp-deskjet-ink-advantage-ultra-2529-all-in-one-printer-series/7787695" failed  	[MsgId: MERR-27760]
PrintSetupLanding.c(53): Error -27760: Request "https://ppssupport-itgllbh7.inc.hp.com/wcc-services/sitemap/href" failed  	[MsgId: MERR-27760]
PrinterLandingPage.c(146): Error -27760: Request "https://ppssupport-itgllbh7.inc.hp.com/wcc-services/cms-v1/us-en/wcc_sitehome_alerts" failed  	[MsgId: MERR-27760]
Printersetup_SeriesPage.c(197): Error -27760: Request "https://ppssupport-itgllbh7.inc.hp.com/wcc-services/printsetup/steps" failed  	[MsgId: MERR-27760]
PrinterLandingPage.c(35): Error -27760: Request "https://ppssupport-itgllbh7.inc.hp.com/wcc-services/termbase/us-en/printerLanding" failed  	[MsgId: MERR-27760]
PrintSetupLanding.c(134): Error -27760: Request "https://ppssupport-itgllbh7.inc.hp.com/wcc-services/cms-v2/us-en/wcc_printersetup_landing_banner" failed  	[MsgId: MERR-27760]
PrintSetupLanding.c(165): Error -27760: Request "https://ppssupport-itgllbh7.inc.hp.com/us-en/printer-setup" failed  	[MsgId: MERR-27760]
PrinterLandingPage.c(98): Error -27760: Request "https://ppssupport-itgllbh7.inc.hp.com/wcc-services/cms-v2/us-en/wcc_land_print_carousel" failed  	[MsgId: MERR-27760]
