PrinterSetupPage_AnonymousUser.c(112): Continuing after Error -27760: Request "https://ppssupport-itgllbh7.inc.hp.com/wcc-services/sitemap/href" failed  	[MsgId: MERR-27760]
BrowserCall_HomePage.c(143): Continuing after Error -27760: Request "https://ppssupport-itgllbh7.inc.hp.com/wcc-services/cms/us-en/wcc_sitehome_alerts" failed  	[MsgId: MERR-27760]
BrowserCall_PrinterLandingPage.c(114): Continuing after Error -27760: Request "https://ppssupport-itgllbh7.inc.hp.com/wcc-services/cms/us-en/wcc_land_print_banner" failed  	[MsgId: MERR-27760]
BrowserCall_PrinterLandingPage.c(98): Continuing after Error -27760: Request "https://ppssupport-itgllbh7.inc.hp.com/wcc-services/cms/us-en/wcc_land_print_carousel" failed  	[MsgId: MERR-27760]
BrowserCall_HomePage.c(60): Continuing after Error -27760: Request "https://ppssupport-itgllbh7.inc.hp.com/wcc-services/cms/us-en/wcc_sitehome_producticons" failed  	[MsgId: MERR-27760]
BrowserCall_HomePage.c(73): Continuing after Error -27760: Request "https://ppssupport-itgllbh7.inc.hp.com/wcc-services/cms/us-en/wcc_sitehome_carousel" failed  	[MsgId: MERR-27760]
PrinterSetupPage_AnonymousUser.c(141): Continuing after Error -27760: Request "https://ppssupport-itgllbh7.inc.hp.com/wcc-services/cms/au-en/wcc_sitehome_alerts" failed  	[MsgId: MERR-27760]
PrintSetup_Landing.c(121): Continuing after Error -27760: Request "https://ppssupport-itgllbh7.inc.hp.com/wcc-services/cms/us-en/wcc_printersetup_landing_carousel" failed  	[MsgId: MERR-27760]
BrowserCall_ComputerPage.c(173): Continuing after Error -27760: Request "https://ppssupport-itgllbh7.inc.hp.com/wcc-services/cms/us-en/wcc_land_comp_banner" failed  	[MsgId: MERR-27760]
BrowserCall_HomePage.c(73): Continuing after Error -27760: Request "https://ppssupport-itgllbh7.inc.hp.com/wcc-services/cms/us-en/wcc_sitehome_carousel" failed  	[MsgId: MERR-27760]
PrinterSetupPage_AnonymousUser.c(128): Continuing after Error -27760: Request "https://ppssupport-itgllbh7.inc.hp.com/wcc-services/cms/au-en/wcc_second_Nav" failed  	[MsgId: MERR-27760]
BrowserCall_HomePage.c(73): Continuing after Error -27760: Request "https://ppssupport-itgllbh7.inc.hp.com/wcc-services/cms/us-en/wcc_sitehome_carousel" failed  	[MsgId: MERR-27760]
BrowserCall_ComputerPage.c(173): Continuing after Error -27760: Request "https://ppssupport-itgllbh7.inc.hp.com/wcc-services/cms/us-en/wcc_land_comp_banner" failed  	[MsgId: MERR-27760]
BrowserCall_ComputerPage.c(143): Continuing after Error -27760: Request "https://ppssupport-itgllbh7.inc.hp.com/wcc-services/cms/us-en/wcc_sitehome_producticons" failed  	[MsgId: MERR-27760]
PrinterSetupPage_AnonymousUser.c(220): Continuing after Error -27760: Request "https://ppssupport-itgllbh7.inc.hp.com/wcc-services/printsetup/resources" failed  	[MsgId: MERR-27760]
BrowserCall_HomePage.c(129): Continuing after Error -27760: Request "https://ppssupport-itgllbh7.inc.hp.com/wcc-services/cms/us-en/wcc_sitehome_tiles" failed  	[MsgId: MERR-27760]
BrowserCall_HomePage.c(169): Continuing after Error -27760: Request "https://ppssupport-itgllbh7.inc.hp.com/wcc-services/termbase/us-en/siteHome" failed  	[MsgId: MERR-27760]
BrowserCall_PrinterLandingPage.c(146): Continuing after Error -27760: Request "https://ppssupport-itgllbh7.inc.hp.com/wcc-services/cms/us-en/wcc_sitehome_alerts" failed  	[MsgId: MERR-27760]
PrintSetup_Landing.c(121): Continuing after Error -27760: Request "https://ppssupport-itgllbh7.inc.hp.com/wcc-services/cms/us-en/wcc_printersetup_landing_carousel" failed  	[MsgId: MERR-27760]
BrowserCall_PrinterLandingPage.c(146): Continuing after Error -27760: Request "https://ppssupport-itgllbh7.inc.hp.com/wcc-services/cms/us-en/wcc_sitehome_alerts" failed  	[MsgId: MERR-27760]
BrowserCall_HomePage.c(143): Continuing after Error -27760: Request "https://ppssupport-itgllbh7.inc.hp.com/wcc-services/cms/us-en/wcc_sitehome_alerts" failed  	[MsgId: MERR-27760]
PrintSetup_Landing.c(95): Continuing after Error -27760: Request "https://ppssupport-itgllbh7.inc.hp.com/wcc-services/cms/us-en/wcc_second_Nav" failed  	[MsgId: MERR-27760]
PrinterSetupPage_AnonymousUser.c(128): Continuing after Error -27760: Request "https://ppssupport-itgllbh7.inc.hp.com/wcc-services/cms/au-en/wcc_second_Nav" failed  	[MsgId: MERR-27760]
BrowserCall_PrinterLandingPage.c(98): Continuing after Error -27760: Request "https://ppssupport-itgllbh7.inc.hp.com/wcc-services/cms/us-en/wcc_land_print_carousel" failed  	[MsgId: MERR-27760]
BrowserCall_PrinterLandingPage.c(146): Continuing after Error -27760: Request "https://ppssupport-itgllbh7.inc.hp.com/wcc-services/cms/us-en/wcc_sitehome_alerts" failed  	[MsgId: MERR-27760]
BrowserCall_ComputerPage.c(188): Continuing after Error -27760: Request "https://ppssupport-itgllbh7.inc.hp.com/wcc-services/cms/us-en/wcc_land_comp_topicoptions" failed  	[MsgId: MERR-27760]
BrowserCall_HomePage.c(129): Continuing after Error -27760: Request "https://ppssupport-itgllbh7.inc.hp.com/wcc-services/cms/us-en/wcc_sitehome_tiles" failed  	[MsgId: MERR-27760]
BrowserCall_HomePage.c(46): Continuing after Error -27760: Request "https://ppssupport-itgllbh7.inc.hp.com/wcc-services/cms/us-en/wcc_sitehome_rowicons" failed  	[MsgId: MERR-27760]
BrowserCall_ComputerPage.c(101): Continuing after Error -27760: Request "https://ppssupport-itgllbh7.inc.hp.com/wcc-services/cms/us-en/wcc_sitehome_alerts" failed  	[MsgId: MERR-27760]
BrowserCall_ComputerPage.c(158): Continuing after Error -27760: Request "https://ppssupport-itgllbh7.inc.hp.com/wcc-services/cms/us-en/wcc_land_comp_carousel" failed  	[MsgId: MERR-27760]
PrintSetup_Landing.c(121): Continuing after Error -27760: Request "https://ppssupport-itgllbh7.inc.hp.com/wcc-services/cms/us-en/wcc_printersetup_landing_carousel" failed  	[MsgId: MERR-27760]
BrowserCall_PrinterSetupPage.c(78): Continuing after Error -27760: Request "https://ppssupport-itgllbh7.inc.hp.com/sitemap/contextual/printsetup-0.xml" failed  	[MsgId: MERR-27760]
BrowserCall_ComputerPage.c(173): Continuing after Error -27760: Request "https://ppssupport-itgllbh7.inc.hp.com/wcc-services/cms/us-en/wcc_land_comp_banner" failed  	[MsgId: MERR-27760]
BrowserCall_HomePage.c(169): Continuing after Error -27760: Request "https://ppssupport-itgllbh7.inc.hp.com/wcc-services/termbase/us-en/siteHome" failed  	[MsgId: MERR-27760]
PrinterSetupPage_AnonymousUser.c(141): Continuing after Error -27760: Request "https://ppssupport-itgllbh7.inc.hp.com/wcc-services/cms/au-en/wcc_sitehome_alerts" failed  	[MsgId: MERR-27760]
BrowserCall_HomePage.c(169): Continuing after Error -27760: Request "https://ppssupport-itgllbh7.inc.hp.com/wcc-services/termbase/us-en/siteHome" failed  	[MsgId: MERR-27760]
BrowserCall_HomePage.c(60): Continuing after Error -27760: Request "https://ppssupport-itgllbh7.inc.hp.com/wcc-services/cms/us-en/wcc_sitehome_producticons" failed  	[MsgId: MERR-27760]
