SiteHomePage.c(141): Error -27760: Request "https://ppssupport-itgllbh7.inc.hp.com/wcc-services/cms-v1/us-en/wcc_sitehome_alerts" failed  	[MsgId: MERR-27760]
Printersetup_SeriesPage.c(103): Error -27760: Request "https://ppssupport-itgllbh7.inc.hp.com/wcc-services/sitemap/href" failed  	[MsgId: MERR-27760]
PrinterSetup_ModelPage.c(142): Error -27760: Request "https://ppssupport-itgllbh7.inc.hp.com/wcc-assets/data/country-selector.json" failed  	[MsgId: MERR-27760]
ComputerLandingPage.c(159): Error -27760: Request "https://ppssupport-itgllbh7.inc.hp.com/wcc-services/cms-v2/us-en/wcc_land_comp_carousel" failed  	[MsgId: MERR-27760]
PrintSetupLanding.c(53): Error -27760: Request "https://ppssupport-itgllbh7.inc.hp.com/wcc-services/sitemap/href" failed  	[MsgId: MERR-27760]
PrintSetupLanding.c(82): Error -27760: Request "https://ppssupport-itgllbh7.inc.hp.com/wcc-services/termbase/us-en/printerSetupLanding" failed  	[MsgId: MERR-27760]
Printersetup_SeriesPage.c(55): Error -27760: Request "https://ppssupport-itgllbh7.inc.hp.com/wcc-services/termbase/us-en/printerSetup" failed  	[MsgId: MERR-27760]
SEO_PrintSetupLanding.c(7): Error -27760: Request "https://ppssupport-itgllbh7.inc.hp.com/us-en/printer-setup" failed  	[MsgId: MERR-27760]
ComputerLandingPage.c(101): Error -27760: Request "https://ppssupport-itgllbh7.inc.hp.com/wcc-services/cms-v1/us-en/wcc_sitehome_alerts" failed  	[MsgId: MERR-27760]
Printersetup_SeriesPage.c(119): Error -27760: Request "https://ppssupport-itgllbh7.inc.hp.com/wcc-services/cms-v2/us-en/wcc_second_Nav" failed  	[MsgId: MERR-27760]
PrinterLandingPage.c(35): Error -27760: Request "https://ppssupport-itgllbh7.inc.hp.com/wcc-services/termbase/us-en/printerLanding" failed  	[MsgId: MERR-27760]
Printersetup_SeriesPage.c(43): Error -27760: Request "https://ppssupport-itgllbh7.inc.hp.com/wcc-services/ssc/region" failed  	[MsgId: MERR-27760]
Printersetup_SeriesPage.c(119): Error -27760: Request "https://ppssupport-itgllbh7.inc.hp.com/wcc-services/cms-v2/us-en/wcc_second_Nav" failed  	[MsgId: MERR-27760]
ComputerLandingPage.c(86): Error -27760: Request "https://ppssupport-itgllbh7.inc.hp.com/wcc-services/cms-v2/us-en/wcc_second_Nav" failed  	[MsgId: MERR-27760]
PrintSetupLanding.c(15): Error -27760: Request "https://ppssupport-itgllbh7.inc.hp.com/us-en/printer-setup" failed  	[MsgId: MERR-27760]
Printersetup_SeriesPage.c(103): Error -27760: Request "https://ppssupport-itgllbh7.inc.hp.com/wcc-services/sitemap/href" failed  	[MsgId: MERR-27760]
PrinterLandingPage.c(162): Error -27760: Request "https://ppssupport-itgllbh7.inc.hp.com/wcc-services/ssc/region" failed  	[MsgId: MERR-27760]
Printersetup_SeriesPage.c(87): Error -27760: Request "https://ppssupport-itgllbh7.inc.hp.com/wcc-services/ssc/config/us-en/printerSetup" failed  	[MsgId: MERR-27760]
PrinterSetup_ModelPage.c(130): Error -27760: Request "https://ppssupport-itgllbh7.inc.hp.com/wcc-services/cms-v2/us-en/wcc_second_Nav" failed  	[MsgId: MERR-27760]
ComputerLandingPage.c(189): Error -27760: Request "https://ppssupport-itgllbh7.inc.hp.com/wcc-services/cms-v2/us-en/wcc_land_comp_topicoptions" failed  	[MsgId: MERR-27760]
ComputerLandingPage.c(45): Error -27760: Request "https://ppssupport-itgllbh7.inc.hp.com/wcc-services/sitemap/href" failed  	[MsgId: MERR-27760]
PrintSetupLanding.c(108): Error -27760: Request "https://ppssupport-itgllbh7.inc.hp.com/wcc-services/cms-v1/us-en/wcc_sitehome_alerts" failed  	[MsgId: MERR-27760]
PrintSetupLanding.c(121): Error -27760: Request "https://ppssupport-itgllbh7.inc.hp.com/wcc-services/cms-v2/us-en/wcc_printersetup_landing_carousel" failed  	[MsgId: MERR-27760]
ComputerLandingPage.c(5): Error -27760: Request "https://ppssupport-itgllbh7.inc.hp.com/us-en/computer" failed  	[MsgId: MERR-27760]
PrintSetupLanding.c(37): Error -27760: Request "https://ppssupport-itgllbh7.inc.hp.com/wcc-services/ssc/config/us-en/printerSetup" failed  	[MsgId: MERR-27760]
SEO_PrintSetupLanding.c(7): Error -27760: Request "https://ppssupport-itgllbh7.inc.hp.com/us-en/printer-setup" failed  	[MsgId: MERR-27760]
ComputerLandingPage.c(159): Error -27760: Request "https://ppssupport-itgllbh7.inc.hp.com/wcc-services/cms-v2/us-en/wcc_land_comp_carousel" failed  	[MsgId: MERR-27760]
ComputerLandingPage.c(129): Error -27760: Request "https://ppssupport-itgllbh7.inc.hp.com/wcc-services/cms-v2/us-en/wcc_land_comp_primaryoptions" failed  	[MsgId: MERR-27760]
PrinterSetup_ModelPage.c(189): Error -27760: Request "https://ppssupport-itgllbh7.inc.hp.com/wcc-services/printsetup/ssr/us-en?oid=11262035&os=Windows%20NT%2010.0;%20Win64;%20x64&osbit=64&standardOids=18972,238445,1142650,8954252,8954253,11262035" failed  	[MsgId: MERR-27760]
PrintSetupLanding.c(15): Error -27760: Request "https://ppssupport-itgllbh7.inc.hp.com/us-en/printer-setup" failed  	[MsgId: MERR-27760]
PrinterLandingPage.c(130): Error -27760: Request "https://ppssupport-itgllbh7.inc.hp.com/wcc-services/cms-v2/us-en/wcc_land_print_topicoptions" failed  	[MsgId: MERR-27760]
