PrinterSetupPage_SignedInUser.c(134): Continuing after Error -27272: The "URL" argument is missing or empty  	[MsgId: MERR-27272]
PrinterSetupPage_SignedInUser.c(134): Continuing after Error -26377: No match found for the requested parameter "cp_finalstateURL". Either the specified boundaries were not found in the response or the matched text is longer than current max html parameter size of 666666 bytes. The total length of the response is 0 bytes. You can use "web_set_max_html_param_len" to increase the max parameter size.  	[MsgId: MERR-26377]
PrinterSetupPage_SignedInUser.c(134): Continuing after Error -26374: The above "not found" error(s) may be explained by header and body byte counts being 0 and 0, respectively.  	[MsgId: MERR-26374]
PrinterSetupPage_SignedInUser.c(145): Continuing after Error -27272: The "URL" argument is missing or empty  	[MsgId: MERR-27272]
PrinterSetupPage_SignedInUser.c(80): Continuing after Error -26609: HTTP Status-Code=503 (Service Unavailable) for "https://directory.stg.cd.id.hp.com/directory/v1/authentication/login/"  	[MsgId: MERR-26609]
PrinterSetupPage_SignedInUser.c(108): Continuing after Error -26609: HTTP Status-Code=503 (Service Unavailable) for "https://directory.stg.cd.id.hp.com/directory/v1/authentication/login/"  	[MsgId: MERR-26609]
PrinterSetupPage_SignedInUser.c(108): Continuing after Error -26377: No match found for the requested parameter "cp_oauthURL". Either the specified boundaries were not found in the response or the matched text is longer than current max html parameter size of 666666 bytes. The total length of the response is 0 bytes. You can use "web_set_max_html_param_len" to increase the max parameter size.  	[MsgId: MERR-26377]
PrinterSetupPage_SignedInUser.c(108): Continuing after Error -26374: The above "not found" error(s) may be explained by header and body byte counts being 185 and 0, respectively.  	[MsgId: MERR-26374]
PrinterSetupPage_SignedInUser.c(134): Continuing after Error -27272: The "URL" argument is missing or empty  	[MsgId: MERR-27272]
PrinterSetupPage_SignedInUser.c(134): Continuing after Error -26377: No match found for the requested parameter "cp_finalstateURL". Either the specified boundaries were not found in the response or the matched text is longer than current max html parameter size of 666666 bytes. The total length of the response is 0 bytes. You can use "web_set_max_html_param_len" to increase the max parameter size.  	[MsgId: MERR-26377]
PrinterSetupPage_SignedInUser.c(134): Continuing after Error -26374: The above "not found" error(s) may be explained by header and body byte counts being 0 and 0, respectively.  	[MsgId: MERR-26374]
PrinterSetupPage_SignedInUser.c(145): Continuing after Error -27272: The "URL" argument is missing or empty  	[MsgId: MERR-27272]
PrinterSetupPage_SignedInUser.c(25): Continuing after Error -26609: HTTP Status-Code=503 (Service Unavailable) for "https://directory.stg.cd.id.hp.com/directory/v1/oauth/authorize?response_type=code&client_id=4X0w6DRmIAc7wE0u2MDGAF0CDFR79j29&redirect_uri=https%3A%2F%2Fppssupport-itgllbh7.inc.hp.com%2Fhp-pps-services%2Fauth%2Fvalidate%2Fcc%2Fus%2Flc%2Fen&scope=user.profile.read+offline_access&prompt=consent&state=us-en&country=US"  	[MsgId: MERR-26609]
PrinterSetupPage_SignedInUser.c(25): Continuing after Error -26377: No match found for the requested parameter "cp_auth1". Either the specified boundaries were not found in the response or the matched text is longer than current max html parameter size of 666666 bytes. The total length of the response is 0 bytes. You can use "web_set_max_html_param_len" to increase the max parameter size.  	[MsgId: MERR-26377]
PrinterSetupPage_SignedInUser.c(25): Continuing after Error -26609: HTTP Status-Code=503 (Service Unavailable) for "https://directory.stg.cd.id.hp.com/directory/v1/oauth/authorize?response_type=code&client_id=4X0w6DRmIAc7wE0u2MDGAF0CDFR79j29&redirect_uri=https%3A%2F%2Fppssupport-itgllbh7.inc.hp.com%2Fhp-pps-services%2Fauth%2Fvalidate%2Fcc%2Fus%2Flc%2Fen&scope=user.profile.read+offline_access&prompt=consent&state=us-en&country=US"  	[MsgId: MERR-26609]
PrinterSetupPage_SignedInUser.c(25): Continuing after Error -26374: The above "not found" error(s) may be explained by header and body byte counts being 882 and 0, respectively.  	[MsgId: MERR-26374]
PrinterSetupPage_SignedInUser.c(25): Continuing after Error -26377: No match found for the requested parameter "cp_auth1". Either the specified boundaries were not found in the response or the matched text is longer than current max html parameter size of 666666 bytes. The total length of the response is 0 bytes. You can use "web_set_max_html_param_len" to increase the max parameter size.  	[MsgId: MERR-26377]
PrinterSetupPage_SignedInUser.c(25): Continuing after Error -26374: The above "not found" error(s) may be explained by header and body byte counts being 882 and 0, respectively.  	[MsgId: MERR-26374]
PrinterSetupPage_SignedInUser.c(52): Continuing after Error -26609: HTTP Status-Code=503 (Service Unavailable) for "https://directory.stg.cd.id.hp.com/directory/v1/authentication/login/"  	[MsgId: MERR-26609]
PrinterSetupPage_SignedInUser.c(52): Continuing after Error -26377: No match found for the requested parameter "cp_auth2". Either the specified boundaries were not found in the response or the matched text is longer than current max html parameter size of 666666 bytes. The total length of the response is 0 bytes. You can use "web_set_max_html_param_len" to increase the max parameter size.  	[MsgId: MERR-26377]
PrinterSetupPage_SignedInUser.c(52): Continuing after Error -26377: No match found for the requested parameter "cp_auth3". Either the specified boundaries were not found in the response or the matched text is longer than current max html parameter size of 666666 bytes. The total length of the response is 0 bytes. You can use "web_set_max_html_param_len" to increase the max parameter size.  	[MsgId: MERR-26377]
PrinterSetupPage_SignedInUser.c(52): Continuing after Error -26377: No match found for the requested parameter "cp_flowhandler". Either the specified boundaries were not found in the response or the matched text is longer than current max html parameter size of 666666 bytes. The total length of the response is 0 bytes. You can use "web_set_max_html_param_len" to increase the max parameter size.  	[MsgId: MERR-26377]
PrinterSetupPage_SignedInUser.c(52): Continuing after Error -26377: No match found for the requested parameter "cp_captchaKey". Either the specified boundaries were not found in the response or the matched text is longer than current max html parameter size of 666666 bytes. The total length of the response is 0 bytes. You can use "web_set_max_html_param_len" to increase the max parameter size.  	[MsgId: MERR-26377]
PrinterSetupPage_SignedInUser.c(52): Continuing after Error -26377: No match found for the requested parameter "cp_recaptchaKey". Either the specified boundaries were not found in the response or the matched text is longer than current max html parameter size of 666666 bytes. The total length of the response is 0 bytes. You can use "web_set_max_html_param_len" to increase the max parameter size.  	[MsgId: MERR-26377]
PrinterSetupPage_SignedInUser.c(52): Continuing after Error -26377: No match found for the requested parameter "cp_captchaImage". Either the specified boundaries were not found in the response or the matched text is longer than current max html parameter size of 666666 bytes. The total length of the response is 0 bytes. You can use "web_set_max_html_param_len" to increase the max parameter size.  	[MsgId: MERR-26377]
PrinterSetupPage_SignedInUser.c(52): Continuing after Error -26374: The above "not found" error(s) may be explained by header and body byte counts being 210 and 0, respectively.  	[MsgId: MERR-26374]
PrinterSetupPage_SignedInUser.c(52): Continuing after Error -26609: HTTP Status-Code=503 (Service Unavailable) for "https://directory.stg.cd.id.hp.com/directory/v1/authentication/login/"  	[MsgId: MERR-26609]
PrinterSetupPage_SignedInUser.c(52): Continuing after Error -26377: No match found for the requested parameter "cp_auth2". Either the specified boundaries were not found in the response or the matched text is longer than current max html parameter size of 666666 bytes. The total length of the response is 0 bytes. You can use "web_set_max_html_param_len" to increase the max parameter size.  	[MsgId: MERR-26377]
PrinterSetupPage_SignedInUser.c(52): Continuing after Error -26377: No match found for the requested parameter "cp_auth3". Either the specified boundaries were not found in the response or the matched text is longer than current max html parameter size of 666666 bytes. The total length of the response is 0 bytes. You can use "web_set_max_html_param_len" to increase the max parameter size.  	[MsgId: MERR-26377]
PrinterSetupPage_SignedInUser.c(52): Continuing after Error -26377: No match found for the requested parameter "cp_flowhandler". Either the specified boundaries were not found in the response or the matched text is longer than current max html parameter size of 666666 bytes. The total length of the response is 0 bytes. You can use "web_set_max_html_param_len" to increase the max parameter size.  	[MsgId: MERR-26377]
PrinterSetupPage_SignedInUser.c(52): Continuing after Error -26377: No match found for the requested parameter "cp_captchaKey". Either the specified boundaries were not found in the response or the matched text is longer than current max html parameter size of 666666 bytes. The total length of the response is 0 bytes. You can use "web_set_max_html_param_len" to increase the max parameter size.  	[MsgId: MERR-26377]
PrinterSetupPage_SignedInUser.c(52): Continuing after Error -26377: No match found for the requested parameter "cp_recaptchaKey". Either the specified boundaries were not found in the response or the matched text is longer than current max html parameter size of 666666 bytes. The total length of the response is 0 bytes. You can use "web_set_max_html_param_len" to increase the max parameter size.  	[MsgId: MERR-26377]
PrinterSetupPage_SignedInUser.c(52): Continuing after Error -26377: No match found for the requested parameter "cp_captchaImage". Either the specified boundaries were not found in the response or the matched text is longer than current max html parameter size of 666666 bytes. The total length of the response is 0 bytes. You can use "web_set_max_html_param_len" to increase the max parameter size.  	[MsgId: MERR-26377]
PrinterSetupPage_SignedInUser.c(52): Continuing after Error -26374: The above "not found" error(s) may be explained by header and body byte counts being 210 and 0, respectively.  	[MsgId: MERR-26374]
PrinterSetupPage_SignedInUser.c(65): Continuing after Error -26609: HTTP Status-Code=503 (Service Unavailable) for "https://directory.stg.cd.id.hp.com/directory/v1/authentication/login/"  	[MsgId: MERR-26609]
PrinterSetupPage_SignedInUser.c(65): Continuing after Error -26609: HTTP Status-Code=503 (Service Unavailable) for "https://directory.stg.cd.id.hp.com/directory/v1/authentication/login/"  	[MsgId: MERR-26609]
PrinterSetupPage_SignedInUser.c(80): Continuing after Error -26609: HTTP Status-Code=503 (Service Unavailable) for "https://directory.stg.cd.id.hp.com/directory/v1/authentication/login/"  	[MsgId: MERR-26609]
PrinterSetupPage_SignedInUser.c(80): Continuing after Error -26609: HTTP Status-Code=503 (Service Unavailable) for "https://directory.stg.cd.id.hp.com/directory/v1/authentication/login/"  	[MsgId: MERR-26609]
PrinterSetupPage_SignedInUser.c(108): Continuing after Error -26609: HTTP Status-Code=503 (Service Unavailable) for "https://directory.stg.cd.id.hp.com/directory/v1/authentication/login/"  	[MsgId: MERR-26609]
PrinterSetupPage_SignedInUser.c(108): Continuing after Error -26377: No match found for the requested parameter "cp_oauthURL". Either the specified boundaries were not found in the response or the matched text is longer than current max html parameter size of 666666 bytes. The total length of the response is 0 bytes. You can use "web_set_max_html_param_len" to increase the max parameter size.  	[MsgId: MERR-26377]
PrinterSetupPage_SignedInUser.c(108): Continuing after Error -26374: The above "not found" error(s) may be explained by header and body byte counts being 185 and 0, respectively.  	[MsgId: MERR-26374]
PrinterSetupPage_SignedInUser.c(134): Continuing after Error -27272: The "URL" argument is missing or empty  	[MsgId: MERR-27272]
PrinterSetupPage_SignedInUser.c(134): Continuing after Error -26377: No match found for the requested parameter "cp_finalstateURL". Either the specified boundaries were not found in the response or the matched text is longer than current max html parameter size of 666666 bytes. The total length of the response is 0 bytes. You can use "web_set_max_html_param_len" to increase the max parameter size.  	[MsgId: MERR-26377]
PrinterSetupPage_SignedInUser.c(134): Continuing after Error -26374: The above "not found" error(s) may be explained by header and body byte counts being 0 and 0, respectively.  	[MsgId: MERR-26374]
PrinterSetupPage_SignedInUser.c(145): Continuing after Error -27272: The "URL" argument is missing or empty  	[MsgId: MERR-27272]
PrinterSetupPage_SignedInUser.c(108): Continuing after Error -26609: HTTP Status-Code=503 (Service Unavailable) for "https://directory.stg.cd.id.hp.com/directory/v1/authentication/login/"  	[MsgId: MERR-26609]
PrinterSetupPage_SignedInUser.c(108): Continuing after Error -26377: No match found for the requested parameter "cp_oauthURL". Either the specified boundaries were not found in the response or the matched text is longer than current max html parameter size of 666666 bytes. The total length of the response is 0 bytes. You can use "web_set_max_html_param_len" to increase the max parameter size.  	[MsgId: MERR-26377]
PrinterSetupPage_SignedInUser.c(108): Continuing after Error -26374: The above "not found" error(s) may be explained by header and body byte counts being 185 and 0, respectively.  	[MsgId: MERR-26374]
PrinterSetupPage_SignedInUser.c(134): Continuing after Error -27272: The "URL" argument is missing or empty  	[MsgId: MERR-27272]
PrinterSetupPage_SignedInUser.c(134): Continuing after Error -26377: No match found for the requested parameter "cp_finalstateURL". Either the specified boundaries were not found in the response or the matched text is longer than current max html parameter size of 666666 bytes. The total length of the response is 0 bytes. You can use "web_set_max_html_param_len" to increase the max parameter size.  	[MsgId: MERR-26377]
PrinterSetupPage_SignedInUser.c(134): Continuing after Error -26374: The above "not found" error(s) may be explained by header and body byte counts being 0 and 0, respectively.  	[MsgId: MERR-26374]
PrinterSetupPage_SignedInUser.c(145): Continuing after Error -27272: The "URL" argument is missing or empty  	[MsgId: MERR-27272]
PrinterSetupPage_SignedInUser.c(25): Continuing after Error -26609: HTTP Status-Code=503 (Service Unavailable) for "https://directory.stg.cd.id.hp.com/directory/v1/oauth/authorize?response_type=code&client_id=4X0w6DRmIAc7wE0u2MDGAF0CDFR79j29&redirect_uri=https%3A%2F%2Fppssupport-itgllbh7.inc.hp.com%2Fhp-pps-services%2Fauth%2Fvalidate%2Fcc%2Fus%2Flc%2Fen&scope=user.profile.read+offline_access&prompt=consent&state=us-en&country=US"  	[MsgId: MERR-26609]
PrinterSetupPage_SignedInUser.c(25): Continuing after Error -26377: No match found for the requested parameter "cp_auth1". Either the specified boundaries were not found in the response or the matched text is longer than current max html parameter size of 666666 bytes. The total length of the response is 0 bytes. You can use "web_set_max_html_param_len" to increase the max parameter size.  	[MsgId: MERR-26377]
PrinterSetupPage_SignedInUser.c(25): Continuing after Error -26374: The above "not found" error(s) may be explained by header and body byte counts being 882 and 0, respectively.  	[MsgId: MERR-26374]
PrinterSetupPage_SignedInUser.c(52): Continuing after Error -26609: HTTP Status-Code=503 (Service Unavailable) for "https://directory.stg.cd.id.hp.com/directory/v1/authentication/login/"  	[MsgId: MERR-26609]
PrinterSetupPage_SignedInUser.c(52): Continuing after Error -26377: No match found for the requested parameter "cp_auth2". Either the specified boundaries were not found in the response or the matched text is longer than current max html parameter size of 666666 bytes. The total length of the response is 0 bytes. You can use "web_set_max_html_param_len" to increase the max parameter size.  	[MsgId: MERR-26377]
PrinterSetupPage_SignedInUser.c(52): Continuing after Error -26377: No match found for the requested parameter "cp_auth3". Either the specified boundaries were not found in the response or the matched text is longer than current max html parameter size of 666666 bytes. The total length of the response is 0 bytes. You can use "web_set_max_html_param_len" to increase the max parameter size.  	[MsgId: MERR-26377]
PrinterSetupPage_SignedInUser.c(52): Continuing after Error -26377: No match found for the requested parameter "cp_flowhandler". Either the specified boundaries were not found in the response or the matched text is longer than current max html parameter size of 666666 bytes. The total length of the response is 0 bytes. You can use "web_set_max_html_param_len" to increase the max parameter size.  	[MsgId: MERR-26377]
PrinterSetupPage_SignedInUser.c(52): Continuing after Error -26377: No match found for the requested parameter "cp_captchaKey". Either the specified boundaries were not found in the response or the matched text is longer than current max html parameter size of 666666 bytes. The total length of the response is 0 bytes. You can use "web_set_max_html_param_len" to increase the max parameter size.  	[MsgId: MERR-26377]
PrinterSetupPage_SignedInUser.c(52): Continuing after Error -26377: No match found for the requested parameter "cp_recaptchaKey". Either the specified boundaries were not found in the response or the matched text is longer than current max html parameter size of 666666 bytes. The total length of the response is 0 bytes. You can use "web_set_max_html_param_len" to increase the max parameter size.  	[MsgId: MERR-26377]
PrinterSetupPage_SignedInUser.c(52): Continuing after Error -26377: No match found for the requested parameter "cp_captchaImage". Either the specified boundaries were not found in the response or the matched text is longer than current max html parameter size of 666666 bytes. The total length of the response is 0 bytes. You can use "web_set_max_html_param_len" to increase the max parameter size.  	[MsgId: MERR-26377]
PrinterSetupPage_SignedInUser.c(52): Continuing after Error -26374: The above "not found" error(s) may be explained by header and body byte counts being 210 and 0, respectively.  	[MsgId: MERR-26374]
PrinterSetupPage_SignedInUser.c(25): Continuing after Error -26609: HTTP Status-Code=503 (Service Unavailable) for "https://directory.stg.cd.id.hp.com/directory/v1/oauth/authorize?response_type=code&client_id=4X0w6DRmIAc7wE0u2MDGAF0CDFR79j29&redirect_uri=https%3A%2F%2Fppssupport-itgllbh7.inc.hp.com%2Fhp-pps-services%2Fauth%2Fvalidate%2Fcc%2Fus%2Flc%2Fen&scope=user.profile.read+offline_access&prompt=consent&state=us-en&country=US"  	[MsgId: MERR-26609]
PrinterSetupPage_SignedInUser.c(25): Continuing after Error -26377: No match found for the requested parameter "cp_auth1". Either the specified boundaries were not found in the response or the matched text is longer than current max html parameter size of 666666 bytes. The total length of the response is 0 bytes. You can use "web_set_max_html_param_len" to increase the max parameter size.  	[MsgId: MERR-26377]
PrinterSetupPage_SignedInUser.c(25): Continuing after Error -26374: The above "not found" error(s) may be explained by header and body byte counts being 882 and 0, respectively.  	[MsgId: MERR-26374]
PrinterSetupPage_SignedInUser.c(65): Continuing after Error -26609: HTTP Status-Code=503 (Service Unavailable) for "https://directory.stg.cd.id.hp.com/directory/v1/authentication/login/"  	[MsgId: MERR-26609]
PrinterSetupPage_SignedInUser.c(52): Continuing after Error -26609: HTTP Status-Code=503 (Service Unavailable) for "https://directory.stg.cd.id.hp.com/directory/v1/authentication/login/"  	[MsgId: MERR-26609]
PrinterSetupPage_SignedInUser.c(52): Continuing after Error -26377: No match found for the requested parameter "cp_auth2". Either the specified boundaries were not found in the response or the matched text is longer than current max html parameter size of 666666 bytes. The total length of the response is 0 bytes. You can use "web_set_max_html_param_len" to increase the max parameter size.  	[MsgId: MERR-26377]
PrinterSetupPage_SignedInUser.c(52): Continuing after Error -26377: No match found for the requested parameter "cp_auth3". Either the specified boundaries were not found in the response or the matched text is longer than current max html parameter size of 666666 bytes. The total length of the response is 0 bytes. You can use "web_set_max_html_param_len" to increase the max parameter size.  	[MsgId: MERR-26377]
PrinterSetupPage_SignedInUser.c(52): Continuing after Error -26377: No match found for the requested parameter "cp_flowhandler". Either the specified boundaries were not found in the response or the matched text is longer than current max html parameter size of 666666 bytes. The total length of the response is 0 bytes. You can use "web_set_max_html_param_len" to increase the max parameter size.  	[MsgId: MERR-26377]
PrinterSetupPage_SignedInUser.c(52): Continuing after Error -26377: No match found for the requested parameter "cp_captchaKey". Either the specified boundaries were not found in the response or the matched text is longer than current max html parameter size of 666666 bytes. The total length of the response is 0 bytes. You can use "web_set_max_html_param_len" to increase the max parameter size.  	[MsgId: MERR-26377]
PrinterSetupPage_SignedInUser.c(52): Continuing after Error -26377: No match found for the requested parameter "cp_recaptchaKey". Either the specified boundaries were not found in the response or the matched text is longer than current max html parameter size of 666666 bytes. The total length of the response is 0 bytes. You can use "web_set_max_html_param_len" to increase the max parameter size.  	[MsgId: MERR-26377]
PrinterSetupPage_SignedInUser.c(52): Continuing after Error -26377: No match found for the requested parameter "cp_captchaImage". Either the specified boundaries were not found in the response or the matched text is longer than current max html parameter size of 666666 bytes. The total length of the response is 0 bytes. You can use "web_set_max_html_param_len" to increase the max parameter size.  	[MsgId: MERR-26377]
PrinterSetupPage_SignedInUser.c(52): Continuing after Error -26374: The above "not found" error(s) may be explained by header and body byte counts being 210 and 0, respectively.  	[MsgId: MERR-26374]
PrinterSetupPage_SignedInUser.c(80): Continuing after Error -26609: HTTP Status-Code=503 (Service Unavailable) for "https://directory.stg.cd.id.hp.com/directory/v1/authentication/login/"  	[MsgId: MERR-26609]
PrinterSetupPage_SignedInUser.c(108): Continuing after Error -26609: HTTP Status-Code=503 (Service Unavailable) for "https://directory.stg.cd.id.hp.com/directory/v1/authentication/login/"  	[MsgId: MERR-26609]
PrinterSetupPage_SignedInUser.c(108): Continuing after Error -26377: No match found for the requested parameter "cp_oauthURL". Either the specified boundaries were not found in the response or the matched text is longer than current max html parameter size of 666666 bytes. The total length of the response is 0 bytes. You can use "web_set_max_html_param_len" to increase the max parameter size.  	[MsgId: MERR-26377]
PrinterSetupPage_SignedInUser.c(108): Continuing after Error -26374: The above "not found" error(s) may be explained by header and body byte counts being 185 and 0, respectively.  	[MsgId: MERR-26374]
PrinterSetupPage_SignedInUser.c(134): Continuing after Error -27272: The "URL" argument is missing or empty  	[MsgId: MERR-27272]
PrinterSetupPage_SignedInUser.c(134): Continuing after Error -26377: No match found for the requested parameter "cp_finalstateURL". Either the specified boundaries were not found in the response or the matched text is longer than current max html parameter size of 666666 bytes. The total length of the response is 0 bytes. You can use "web_set_max_html_param_len" to increase the max parameter size.  	[MsgId: MERR-26377]
PrinterSetupPage_SignedInUser.c(134): Continuing after Error -26374: The above "not found" error(s) may be explained by header and body byte counts being 0 and 0, respectively.  	[MsgId: MERR-26374]
PrinterSetupPage_SignedInUser.c(145): Continuing after Error -27272: The "URL" argument is missing or empty  	[MsgId: MERR-27272]
PrinterSetupPage_SignedInUser.c(25): Continuing after Error -26609: HTTP Status-Code=503 (Service Unavailable) for "https://directory.stg.cd.id.hp.com/directory/v1/oauth/authorize?response_type=code&client_id=4X0w6DRmIAc7wE0u2MDGAF0CDFR79j29&redirect_uri=https%3A%2F%2Fppssupport-itgllbh7.inc.hp.com%2Fhp-pps-services%2Fauth%2Fvalidate%2Fcc%2Fus%2Flc%2Fen&scope=user.profile.read+offline_access&prompt=consent&state=us-en&country=US"  	[MsgId: MERR-26609]
PrinterSetupPage_SignedInUser.c(25): Continuing after Error -26377: No match found for the requested parameter "cp_auth1". Either the specified boundaries were not found in the response or the matched text is longer than current max html parameter size of 666666 bytes. The total length of the response is 0 bytes. You can use "web_set_max_html_param_len" to increase the max parameter size.  	[MsgId: MERR-26377]
PrinterSetupPage_SignedInUser.c(25): Continuing after Error -26374: The above "not found" error(s) may be explained by header and body byte counts being 882 and 0, respectively.  	[MsgId: MERR-26374]
PrinterSetupPage_SignedInUser.c(65): Continuing after Error -26609: HTTP Status-Code=503 (Service Unavailable) for "https://directory.stg.cd.id.hp.com/directory/v1/authentication/login/"  	[MsgId: MERR-26609]
PrinterSetupPage_SignedInUser.c(52): Continuing after Error -26609: HTTP Status-Code=503 (Service Unavailable) for "https://directory.stg.cd.id.hp.com/directory/v1/authentication/login/"  	[MsgId: MERR-26609]
PrinterSetupPage_SignedInUser.c(52): Continuing after Error -26377: No match found for the requested parameter "cp_auth2". Either the specified boundaries were not found in the response or the matched text is longer than current max html parameter size of 666666 bytes. The total length of the response is 0 bytes. You can use "web_set_max_html_param_len" to increase the max parameter size.  	[MsgId: MERR-26377]
PrinterSetupPage_SignedInUser.c(52): Continuing after Error -26377: No match found for the requested parameter "cp_auth3". Either the specified boundaries were not found in the response or the matched text is longer than current max html parameter size of 666666 bytes. The total length of the response is 0 bytes. You can use "web_set_max_html_param_len" to increase the max parameter size.  	[MsgId: MERR-26377]
PrinterSetupPage_SignedInUser.c(52): Continuing after Error -26377: No match found for the requested parameter "cp_flowhandler". Either the specified boundaries were not found in the response or the matched text is longer than current max html parameter size of 666666 bytes. The total length of the response is 0 bytes. You can use "web_set_max_html_param_len" to increase the max parameter size.  	[MsgId: MERR-26377]
PrinterSetupPage_SignedInUser.c(52): Continuing after Error -26377: No match found for the requested parameter "cp_captchaKey". Either the specified boundaries were not found in the response or the matched text is longer than current max html parameter size of 666666 bytes. The total length of the response is 0 bytes. You can use "web_set_max_html_param_len" to increase the max parameter size.  	[MsgId: MERR-26377]
PrinterSetupPage_SignedInUser.c(52): Continuing after Error -26377: No match found for the requested parameter "cp_recaptchaKey". Either the specified boundaries were not found in the response or the matched text is longer than current max html parameter size of 666666 bytes. The total length of the response is 0 bytes. You can use "web_set_max_html_param_len" to increase the max parameter size.  	[MsgId: MERR-26377]
PrinterSetupPage_SignedInUser.c(52): Continuing after Error -26377: No match found for the requested parameter "cp_captchaImage". Either the specified boundaries were not found in the response or the matched text is longer than current max html parameter size of 666666 bytes. The total length of the response is 0 bytes. You can use "web_set_max_html_param_len" to increase the max parameter size.  	[MsgId: MERR-26377]
PrinterSetupPage_SignedInUser.c(52): Continuing after Error -26374: The above "not found" error(s) may be explained by header and body byte counts being 210 and 0, respectively.  	[MsgId: MERR-26374]
PrinterSetupPage_SignedInUser.c(80): Continuing after Error -26609: HTTP Status-Code=503 (Service Unavailable) for "https://directory.stg.cd.id.hp.com/directory/v1/authentication/login/"  	[MsgId: MERR-26609]
PrinterSetupPage_SignedInUser.c(108): Continuing after Error -26609: HTTP Status-Code=503 (Service Unavailable) for "https://directory.stg.cd.id.hp.com/directory/v1/authentication/login/"  	[MsgId: MERR-26609]
PrinterSetupPage_SignedInUser.c(108): Continuing after Error -26377: No match found for the requested parameter "cp_oauthURL". Either the specified boundaries were not found in the response or the matched text is longer than current max html parameter size of 666666 bytes. The total length of the response is 0 bytes. You can use "web_set_max_html_param_len" to increase the max parameter size.  	[MsgId: MERR-26377]
PrinterSetupPage_SignedInUser.c(108): Continuing after Error -26374: The above "not found" error(s) may be explained by header and body byte counts being 185 and 0, respectively.  	[MsgId: MERR-26374]
PrinterSetupPage_SignedInUser.c(134): Continuing after Error -27272: The "URL" argument is missing or empty  	[MsgId: MERR-27272]
PrinterSetupPage_SignedInUser.c(134): Continuing after Error -26377: No match found for the requested parameter "cp_finalstateURL". Either the specified boundaries were not found in the response or the matched text is longer than current max html parameter size of 666666 bytes. The total length of the response is 0 bytes. You can use "web_set_max_html_param_len" to increase the max parameter size.  	[MsgId: MERR-26377]
PrinterSetupPage_SignedInUser.c(134): Continuing after Error -26374: The above "not found" error(s) may be explained by header and body byte counts being 0 and 0, respectively.  	[MsgId: MERR-26374]
PrinterSetupPage_SignedInUser.c(145): Continuing after Error -27272: The "URL" argument is missing or empty  	[MsgId: MERR-27272]
PrinterSetupPage_SignedInUser.c(65): Continuing after Error -26609: HTTP Status-Code=503 (Service Unavailable) for "https://directory.stg.cd.id.hp.com/directory/v1/authentication/login/"  	[MsgId: MERR-26609]
PrinterSetupPage_SignedInUser.c(80): Continuing after Error -26609: HTTP Status-Code=503 (Service Unavailable) for "https://directory.stg.cd.id.hp.com/directory/v1/authentication/login/"  	[MsgId: MERR-26609]
PrinterSetupPage_SignedInUser.c(25): Continuing after Error -26609: HTTP Status-Code=503 (Service Unavailable) for "https://directory.stg.cd.id.hp.com/directory/v1/oauth/authorize?response_type=code&client_id=4X0w6DRmIAc7wE0u2MDGAF0CDFR79j29&redirect_uri=https%3A%2F%2Fppssupport-itgllbh7.inc.hp.com%2Fhp-pps-services%2Fauth%2Fvalidate%2Fcc%2Fus%2Flc%2Fen&scope=user.profile.read+offline_access&prompt=consent&state=us-en&country=US"  	[MsgId: MERR-26609]
PrinterSetupPage_SignedInUser.c(25): Continuing after Error -26377: No match found for the requested parameter "cp_auth1". Either the specified boundaries were not found in the response or the matched text is longer than current max html parameter size of 666666 bytes. The total length of the response is 0 bytes. You can use "web_set_max_html_param_len" to increase the max parameter size.  	[MsgId: MERR-26377]
PrinterSetupPage_SignedInUser.c(25): Continuing after Error -26374: The above "not found" error(s) may be explained by header and body byte counts being 851 and 0, respectively.  	[MsgId: MERR-26374]
PrinterSetupPage_SignedInUser.c(108): Continuing after Error -26609: HTTP Status-Code=503 (Service Unavailable) for "https://directory.stg.cd.id.hp.com/directory/v1/authentication/login/"  	[MsgId: MERR-26609]
PrinterSetupPage_SignedInUser.c(108): Continuing after Error -26377: No match found for the requested parameter "cp_oauthURL". Either the specified boundaries were not found in the response or the matched text is longer than current max html parameter size of 666666 bytes. The total length of the response is 0 bytes. You can use "web_set_max_html_param_len" to increase the max parameter size.  	[MsgId: MERR-26377]
PrinterSetupPage_SignedInUser.c(108): Continuing after Error -26374: The above "not found" error(s) may be explained by header and body byte counts being 185 and 0, respectively.  	[MsgId: MERR-26374]
PrinterSetupPage_SignedInUser.c(134): Continuing after Error -27272: The "URL" argument is missing or empty  	[MsgId: MERR-27272]
PrinterSetupPage_SignedInUser.c(134): Continuing after Error -26377: No match found for the requested parameter "cp_finalstateURL". Either the specified boundaries were not found in the response or the matched text is longer than current max html parameter size of 666666 bytes. The total length of the response is 0 bytes. You can use "web_set_max_html_param_len" to increase the max parameter size.  	[MsgId: MERR-26377]
PrinterSetupPage_SignedInUser.c(134): Continuing after Error -26374: The above "not found" error(s) may be explained by header and body byte counts being 0 and 0, respectively.  	[MsgId: MERR-26374]
PrinterSetupPage_SignedInUser.c(145): Continuing after Error -27272: The "URL" argument is missing or empty  	[MsgId: MERR-27272]
PrinterSetupPage_SignedInUser.c(52): Continuing after Error -26609: HTTP Status-Code=503 (Service Unavailable) for "https://directory.stg.cd.id.hp.com/directory/v1/authentication/login/"  	[MsgId: MERR-26609]
PrinterSetupPage_SignedInUser.c(52): Continuing after Error -26377: No match found for the requested parameter "cp_auth2". Either the specified boundaries were not found in the response or the matched text is longer than current max html parameter size of 666666 bytes. The total length of the response is 0 bytes. You can use "web_set_max_html_param_len" to increase the max parameter size.  	[MsgId: MERR-26377]
PrinterSetupPage_SignedInUser.c(52): Continuing after Error -26377: No match found for the requested parameter "cp_auth3". Either the specified boundaries were not found in the response or the matched text is longer than current max html parameter size of 666666 bytes. The total length of the response is 0 bytes. You can use "web_set_max_html_param_len" to increase the max parameter size.  	[MsgId: MERR-26377]
PrinterSetupPage_SignedInUser.c(52): Continuing after Error -26377: No match found for the requested parameter "cp_flowhandler". Either the specified boundaries were not found in the response or the matched text is longer than current max html parameter size of 666666 bytes. The total length of the response is 0 bytes. You can use "web_set_max_html_param_len" to increase the max parameter size.  	[MsgId: MERR-26377]
PrinterSetupPage_SignedInUser.c(52): Continuing after Error -26377: No match found for the requested parameter "cp_captchaKey". Either the specified boundaries were not found in the response or the matched text is longer than current max html parameter size of 666666 bytes. The total length of the response is 0 bytes. You can use "web_set_max_html_param_len" to increase the max parameter size.  	[MsgId: MERR-26377]
PrinterSetupPage_SignedInUser.c(52): Continuing after Error -26377: No match found for the requested parameter "cp_recaptchaKey". Either the specified boundaries were not found in the response or the matched text is longer than current max html parameter size of 666666 bytes. The total length of the response is 0 bytes. You can use "web_set_max_html_param_len" to increase the max parameter size.  	[MsgId: MERR-26377]
PrinterSetupPage_SignedInUser.c(52): Continuing after Error -26377: No match found for the requested parameter "cp_captchaImage". Either the specified boundaries were not found in the response or the matched text is longer than current max html parameter size of 666666 bytes. The total length of the response is 0 bytes. You can use "web_set_max_html_param_len" to increase the max parameter size.  	[MsgId: MERR-26377]
PrinterSetupPage_SignedInUser.c(52): Continuing after Error -26374: The above "not found" error(s) may be explained by header and body byte counts being 210 and 0, respectively.  	[MsgId: MERR-26374]
PrinterSetupPage_SignedInUser.c(65): Continuing after Error -26609: HTTP Status-Code=503 (Service Unavailable) for "https://directory.stg.cd.id.hp.com/directory/v1/authentication/login/"  	[MsgId: MERR-26609]
PrinterSetupPage_SignedInUser.c(80): Continuing after Error -26609: HTTP Status-Code=503 (Service Unavailable) for "https://directory.stg.cd.id.hp.com/directory/v1/authentication/login/"  	[MsgId: MERR-26609]
PrinterSetupPage_SignedInUser.c(108): Continuing after Error -26609: HTTP Status-Code=503 (Service Unavailable) for "https://directory.stg.cd.id.hp.com/directory/v1/authentication/login/"  	[MsgId: MERR-26609]
PrinterSetupPage_SignedInUser.c(108): Continuing after Error -26377: No match found for the requested parameter "cp_oauthURL". Either the specified boundaries were not found in the response or the matched text is longer than current max html parameter size of 666666 bytes. The total length of the response is 0 bytes. You can use "web_set_max_html_param_len" to increase the max parameter size.  	[MsgId: MERR-26377]
PrinterSetupPage_SignedInUser.c(108): Continuing after Error -26374: The above "not found" error(s) may be explained by header and body byte counts being 185 and 0, respectively.  	[MsgId: MERR-26374]
PrinterSetupPage_SignedInUser.c(134): Continuing after Error -27272: The "URL" argument is missing or empty  	[MsgId: MERR-27272]
PrinterSetupPage_SignedInUser.c(134): Continuing after Error -26377: No match found for the requested parameter "cp_finalstateURL". Either the specified boundaries were not found in the response or the matched text is longer than current max html parameter size of 666666 bytes. The total length of the response is 0 bytes. You can use "web_set_max_html_param_len" to increase the max parameter size.  	[MsgId: MERR-26377]
PrinterSetupPage_SignedInUser.c(134): Continuing after Error -26374: The above "not found" error(s) may be explained by header and body byte counts being 0 and 0, respectively.  	[MsgId: MERR-26374]
PrinterSetupPage_SignedInUser.c(145): Continuing after Error -27272: The "URL" argument is missing or empty  	[MsgId: MERR-27272]
PrinterSetupPage_SignedInUser.c(25): Continuing after Error -26609: HTTP Status-Code=503 (Service Unavailable) for "https://directory.stg.cd.id.hp.com/directory/v1/oauth/authorize?response_type=code&client_id=4X0w6DRmIAc7wE0u2MDGAF0CDFR79j29&redirect_uri=https%3A%2F%2Fppssupport-itgllbh7.inc.hp.com%2Fhp-pps-services%2Fauth%2Fvalidate%2Fcc%2Fus%2Flc%2Fen&scope=user.profile.read+offline_access&prompt=consent&state=us-en&country=US"  	[MsgId: MERR-26609]
PrinterSetupPage_SignedInUser.c(25): Continuing after Error -26377: No match found for the requested parameter "cp_auth1". Either the specified boundaries were not found in the response or the matched text is longer than current max html parameter size of 666666 bytes. The total length of the response is 0 bytes. You can use "web_set_max_html_param_len" to increase the max parameter size.  	[MsgId: MERR-26377]
PrinterSetupPage_SignedInUser.c(25): Continuing after Error -26374: The above "not found" error(s) may be explained by header and body byte counts being 882 and 0, respectively.  	[MsgId: MERR-26374]
PrinterSetupPage_SignedInUser.c(52): Continuing after Error -26609: HTTP Status-Code=503 (Service Unavailable) for "https://directory.stg.cd.id.hp.com/directory/v1/authentication/login/"  	[MsgId: MERR-26609]
PrinterSetupPage_SignedInUser.c(52): Continuing after Error -26377: No match found for the requested parameter "cp_auth2". Either the specified boundaries were not found in the response or the matched text is longer than current max html parameter size of 666666 bytes. The total length of the response is 0 bytes. You can use "web_set_max_html_param_len" to increase the max parameter size.  	[MsgId: MERR-26377]
PrinterSetupPage_SignedInUser.c(52): Continuing after Error -26377: No match found for the requested parameter "cp_auth3". Either the specified boundaries were not found in the response or the matched text is longer than current max html parameter size of 666666 bytes. The total length of the response is 0 bytes. You can use "web_set_max_html_param_len" to increase the max parameter size.  	[MsgId: MERR-26377]
PrinterSetupPage_SignedInUser.c(52): Continuing after Error -26377: No match found for the requested parameter "cp_flowhandler". Either the specified boundaries were not found in the response or the matched text is longer than current max html parameter size of 666666 bytes. The total length of the response is 0 bytes. You can use "web_set_max_html_param_len" to increase the max parameter size.  	[MsgId: MERR-26377]
PrinterSetupPage_SignedInUser.c(52): Continuing after Error -26377: No match found for the requested parameter "cp_captchaKey". Either the specified boundaries were not found in the response or the matched text is longer than current max html parameter size of 666666 bytes. The total length of the response is 0 bytes. You can use "web_set_max_html_param_len" to increase the max parameter size.  	[MsgId: MERR-26377]
PrinterSetupPage_SignedInUser.c(52): Continuing after Error -26377: No match found for the requested parameter "cp_recaptchaKey". Either the specified boundaries were not found in the response or the matched text is longer than current max html parameter size of 666666 bytes. The total length of the response is 0 bytes. You can use "web_set_max_html_param_len" to increase the max parameter size.  	[MsgId: MERR-26377]
PrinterSetupPage_SignedInUser.c(52): Continuing after Error -26377: No match found for the requested parameter "cp_captchaImage". Either the specified boundaries were not found in the response or the matched text is longer than current max html parameter size of 666666 bytes. The total length of the response is 0 bytes. You can use "web_set_max_html_param_len" to increase the max parameter size.  	[MsgId: MERR-26377]
PrinterSetupPage_SignedInUser.c(52): Continuing after Error -26374: The above "not found" error(s) may be explained by header and body byte counts being 210 and 0, respectively.  	[MsgId: MERR-26374]
PrinterSetupPage_SignedInUser.c(65): Continuing after Error -26609: HTTP Status-Code=503 (Service Unavailable) for "https://directory.stg.cd.id.hp.com/directory/v1/authentication/login/"  	[MsgId: MERR-26609]
PrinterSetupPage_SignedInUser.c(80): Continuing after Error -26609: HTTP Status-Code=503 (Service Unavailable) for "https://directory.stg.cd.id.hp.com/directory/v1/authentication/login/"  	[MsgId: MERR-26609]
PrinterSetupPage_SignedInUser.c(108): Continuing after Error -26609: HTTP Status-Code=503 (Service Unavailable) for "https://directory.stg.cd.id.hp.com/directory/v1/authentication/login/"  	[MsgId: MERR-26609]
PrinterSetupPage_SignedInUser.c(108): Continuing after Error -26377: No match found for the requested parameter "cp_oauthURL". Either the specified boundaries were not found in the response or the matched text is longer than current max html parameter size of 666666 bytes. The total length of the response is 0 bytes. You can use "web_set_max_html_param_len" to increase the max parameter size.  	[MsgId: MERR-26377]
PrinterSetupPage_SignedInUser.c(108): Continuing after Error -26374: The above "not found" error(s) may be explained by header and body byte counts being 185 and 0, respectively.  	[MsgId: MERR-26374]
PrinterSetupPage_SignedInUser.c(134): Continuing after Error -27272: The "URL" argument is missing or empty  	[MsgId: MERR-27272]
PrinterSetupPage_SignedInUser.c(134): Continuing after Error -26377: No match found for the requested parameter "cp_finalstateURL". Either the specified boundaries were not found in the response or the matched text is longer than current max html parameter size of 666666 bytes. The total length of the response is 0 bytes. You can use "web_set_max_html_param_len" to increase the max parameter size.  	[MsgId: MERR-26377]
PrinterSetupPage_SignedInUser.c(134): Continuing after Error -26374: The above "not found" error(s) may be explained by header and body byte counts being 0 and 0, respectively.  	[MsgId: MERR-26374]
PrinterSetupPage_SignedInUser.c(145): Continuing after Error -27272: The "URL" argument is missing or empty  	[MsgId: MERR-27272]
PrinterSetupPage_SignedInUser.c(25): Continuing after Error -26609: HTTP Status-Code=503 (Service Unavailable) for "https://directory.stg.cd.id.hp.com/directory/v1/oauth/authorize?response_type=code&client_id=4X0w6DRmIAc7wE0u2MDGAF0CDFR79j29&redirect_uri=https%3A%2F%2Fppssupport-itgllbh7.inc.hp.com%2Fhp-pps-services%2Fauth%2Fvalidate%2Fcc%2Fus%2Flc%2Fen&scope=user.profile.read+offline_access&prompt=consent&state=us-en&country=US"  	[MsgId: MERR-26609]
PrinterSetupPage_SignedInUser.c(25): Continuing after Error -26377: No match found for the requested parameter "cp_auth1". Either the specified boundaries were not found in the response or the matched text is longer than current max html parameter size of 666666 bytes. The total length of the response is 0 bytes. You can use "web_set_max_html_param_len" to increase the max parameter size.  	[MsgId: MERR-26377]
PrinterSetupPage_SignedInUser.c(25): Continuing after Error -26374: The above "not found" error(s) may be explained by header and body byte counts being 882 and 0, respectively.  	[MsgId: MERR-26374]
PrinterSetupPage_SignedInUser.c(52): Continuing after Error -26609: HTTP Status-Code=503 (Service Unavailable) for "https://directory.stg.cd.id.hp.com/directory/v1/authentication/login/"  	[MsgId: MERR-26609]
PrinterSetupPage_SignedInUser.c(52): Continuing after Error -26377: No match found for the requested parameter "cp_auth2". Either the specified boundaries were not found in the response or the matched text is longer than current max html parameter size of 666666 bytes. The total length of the response is 0 bytes. You can use "web_set_max_html_param_len" to increase the max parameter size.  	[MsgId: MERR-26377]
PrinterSetupPage_SignedInUser.c(52): Continuing after Error -26377: No match found for the requested parameter "cp_auth3". Either the specified boundaries were not found in the response or the matched text is longer than current max html parameter size of 666666 bytes. The total length of the response is 0 bytes. You can use "web_set_max_html_param_len" to increase the max parameter size.  	[MsgId: MERR-26377]
PrinterSetupPage_SignedInUser.c(52): Continuing after Error -26377: No match found for the requested parameter "cp_flowhandler". Either the specified boundaries were not found in the response or the matched text is longer than current max html parameter size of 666666 bytes. The total length of the response is 0 bytes. You can use "web_set_max_html_param_len" to increase the max parameter size.  	[MsgId: MERR-26377]
PrinterSetupPage_SignedInUser.c(52): Continuing after Error -26377: No match found for the requested parameter "cp_captchaKey". Either the specified boundaries were not found in the response or the matched text is longer than current max html parameter size of 666666 bytes. The total length of the response is 0 bytes. You can use "web_set_max_html_param_len" to increase the max parameter size.  	[MsgId: MERR-26377]
PrinterSetupPage_SignedInUser.c(52): Continuing after Error -26377: No match found for the requested parameter "cp_recaptchaKey". Either the specified boundaries were not found in the response or the matched text is longer than current max html parameter size of 666666 bytes. The total length of the response is 0 bytes. You can use "web_set_max_html_param_len" to increase the max parameter size.  	[MsgId: MERR-26377]
PrinterSetupPage_SignedInUser.c(52): Continuing after Error -26377: No match found for the requested parameter "cp_captchaImage". Either the specified boundaries were not found in the response or the matched text is longer than current max html parameter size of 666666 bytes. The total length of the response is 0 bytes. You can use "web_set_max_html_param_len" to increase the max parameter size.  	[MsgId: MERR-26377]
PrinterSetupPage_SignedInUser.c(52): Continuing after Error -26374: The above "not found" error(s) may be explained by header and body byte counts being 210 and 0, respectively.  	[MsgId: MERR-26374]
PrinterSetupPage_SignedInUser.c(65): Continuing after Error -26609: HTTP Status-Code=503 (Service Unavailable) for "https://directory.stg.cd.id.hp.com/directory/v1/authentication/login/"  	[MsgId: MERR-26609]
PrinterSetupPage_SignedInUser.c(80): Continuing after Error -26609: HTTP Status-Code=503 (Service Unavailable) for "https://directory.stg.cd.id.hp.com/directory/v1/authentication/login/"  	[MsgId: MERR-26609]
PrinterSetupPage_SignedInUser.c(108): Continuing after Error -26609: HTTP Status-Code=503 (Service Unavailable) for "https://directory.stg.cd.id.hp.com/directory/v1/authentication/login/"  	[MsgId: MERR-26609]
PrinterSetupPage_SignedInUser.c(108): Continuing after Error -26377: No match found for the requested parameter "cp_oauthURL". Either the specified boundaries were not found in the response or the matched text is longer than current max html parameter size of 666666 bytes. The total length of the response is 0 bytes. You can use "web_set_max_html_param_len" to increase the max parameter size.  	[MsgId: MERR-26377]
PrinterSetupPage_SignedInUser.c(108): Continuing after Error -26374: The above "not found" error(s) may be explained by header and body byte counts being 185 and 0, respectively.  	[MsgId: MERR-26374]
PrinterSetupPage_SignedInUser.c(134): Continuing after Error -27272: The "URL" argument is missing or empty  	[MsgId: MERR-27272]
PrinterSetupPage_SignedInUser.c(134): Continuing after Error -26377: No match found for the requested parameter "cp_finalstateURL". Either the specified boundaries were not found in the response or the matched text is longer than current max html parameter size of 666666 bytes. The total length of the response is 0 bytes. You can use "web_set_max_html_param_len" to increase the max parameter size.  	[MsgId: MERR-26377]
PrinterSetupPage_SignedInUser.c(134): Continuing after Error -26374: The above "not found" error(s) may be explained by header and body byte counts being 0 and 0, respectively.  	[MsgId: MERR-26374]
PrinterSetupPage_SignedInUser.c(145): Continuing after Error -27272: The "URL" argument is missing or empty  	[MsgId: MERR-27272]
PrinterSetupPage_SignedInUser.c(25): Continuing after Error -26609: HTTP Status-Code=503 (Service Unavailable) for "https://directory.stg.cd.id.hp.com/directory/v1/oauth/authorize?response_type=code&client_id=4X0w6DRmIAc7wE0u2MDGAF0CDFR79j29&redirect_uri=https%3A%2F%2Fppssupport-itgllbh7.inc.hp.com%2Fhp-pps-services%2Fauth%2Fvalidate%2Fcc%2Fus%2Flc%2Fen&scope=user.profile.read+offline_access&prompt=consent&state=us-en&country=US"  	[MsgId: MERR-26609]
PrinterSetupPage_SignedInUser.c(25): Continuing after Error -26377: No match found for the requested parameter "cp_auth1". Either the specified boundaries were not found in the response or the matched text is longer than current max html parameter size of 666666 bytes. The total length of the response is 0 bytes. You can use "web_set_max_html_param_len" to increase the max parameter size.  	[MsgId: MERR-26377]
PrinterSetupPage_SignedInUser.c(25): Continuing after Error -26374: The above "not found" error(s) may be explained by header and body byte counts being 882 and 0, respectively.  	[MsgId: MERR-26374]
PrinterSetupPage_SignedInUser.c(52): Continuing after Error -26609: HTTP Status-Code=503 (Service Unavailable) for "https://directory.stg.cd.id.hp.com/directory/v1/authentication/login/"  	[MsgId: MERR-26609]
PrinterSetupPage_SignedInUser.c(52): Continuing after Error -26377: No match found for the requested parameter "cp_auth2". Either the specified boundaries were not found in the response or the matched text is longer than current max html parameter size of 666666 bytes. The total length of the response is 0 bytes. You can use "web_set_max_html_param_len" to increase the max parameter size.  	[MsgId: MERR-26377]
PrinterSetupPage_SignedInUser.c(52): Continuing after Error -26377: No match found for the requested parameter "cp_auth3". Either the specified boundaries were not found in the response or the matched text is longer than current max html parameter size of 666666 bytes. The total length of the response is 0 bytes. You can use "web_set_max_html_param_len" to increase the max parameter size.  	[MsgId: MERR-26377]
PrinterSetupPage_SignedInUser.c(52): Continuing after Error -26377: No match found for the requested parameter "cp_flowhandler". Either the specified boundaries were not found in the response or the matched text is longer than current max html parameter size of 666666 bytes. The total length of the response is 0 bytes. You can use "web_set_max_html_param_len" to increase the max parameter size.  	[MsgId: MERR-26377]
PrinterSetupPage_SignedInUser.c(52): Continuing after Error -26377: No match found for the requested parameter "cp_captchaKey". Either the specified boundaries were not found in the response or the matched text is longer than current max html parameter size of 666666 bytes. The total length of the response is 0 bytes. You can use "web_set_max_html_param_len" to increase the max parameter size.  	[MsgId: MERR-26377]
PrinterSetupPage_SignedInUser.c(52): Continuing after Error -26377: No match found for the requested parameter "cp_recaptchaKey". Either the specified boundaries were not found in the response or the matched text is longer than current max html parameter size of 666666 bytes. The total length of the response is 0 bytes. You can use "web_set_max_html_param_len" to increase the max parameter size.  	[MsgId: MERR-26377]
PrinterSetupPage_SignedInUser.c(52): Continuing after Error -26377: No match found for the requested parameter "cp_captchaImage". Either the specified boundaries were not found in the response or the matched text is longer than current max html parameter size of 666666 bytes. The total length of the response is 0 bytes. You can use "web_set_max_html_param_len" to increase the max parameter size.  	[MsgId: MERR-26377]
PrinterSetupPage_SignedInUser.c(52): Continuing after Error -26374: The above "not found" error(s) may be explained by header and body byte counts being 210 and 0, respectively.  	[MsgId: MERR-26374]
PrinterSetupPage_SignedInUser.c(65): Continuing after Error -26609: HTTP Status-Code=503 (Service Unavailable) for "https://directory.stg.cd.id.hp.com/directory/v1/authentication/login/"  	[MsgId: MERR-26609]
PrinterSetupPage_SignedInUser.c(80): Continuing after Error -26609: HTTP Status-Code=503 (Service Unavailable) for "https://directory.stg.cd.id.hp.com/directory/v1/authentication/login/"  	[MsgId: MERR-26609]
PrinterSetupPage_SignedInUser.c(108): Continuing after Error -26609: HTTP Status-Code=503 (Service Unavailable) for "https://directory.stg.cd.id.hp.com/directory/v1/authentication/login/"  	[MsgId: MERR-26609]
PrinterSetupPage_SignedInUser.c(108): Continuing after Error -26377: No match found for the requested parameter "cp_oauthURL". Either the specified boundaries were not found in the response or the matched text is longer than current max html parameter size of 666666 bytes. The total length of the response is 0 bytes. You can use "web_set_max_html_param_len" to increase the max parameter size.  	[MsgId: MERR-26377]
PrinterSetupPage_SignedInUser.c(108): Continuing after Error -26374: The above "not found" error(s) may be explained by header and body byte counts being 185 and 0, respectively.  	[MsgId: MERR-26374]
PrinterSetupPage_SignedInUser.c(134): Continuing after Error -27272: The "URL" argument is missing or empty  	[MsgId: MERR-27272]
PrinterSetupPage_SignedInUser.c(134): Continuing after Error -26377: No match found for the requested parameter "cp_finalstateURL". Either the specified boundaries were not found in the response or the matched text is longer than current max html parameter size of 666666 bytes. The total length of the response is 0 bytes. You can use "web_set_max_html_param_len" to increase the max parameter size.  	[MsgId: MERR-26377]
PrinterSetupPage_SignedInUser.c(134): Continuing after Error -26374: The above "not found" error(s) may be explained by header and body byte counts being 0 and 0, respectively.  	[MsgId: MERR-26374]
PrinterSetupPage_SignedInUser.c(145): Continuing after Error -27272: The "URL" argument is missing or empty  	[MsgId: MERR-27272]
PrinterSetupPage_SignedInUser.c(25): Continuing after Error -26609: HTTP Status-Code=503 (Service Unavailable) for "https://directory.stg.cd.id.hp.com/directory/v1/oauth/authorize?response_type=code&client_id=4X0w6DRmIAc7wE0u2MDGAF0CDFR79j29&redirect_uri=https%3A%2F%2Fppssupport-itgllbh7.inc.hp.com%2Fhp-pps-services%2Fauth%2Fvalidate%2Fcc%2Fus%2Flc%2Fen&scope=user.profile.read+offline_access&prompt=consent&state=us-en&country=US"  	[MsgId: MERR-26609]
PrinterSetupPage_SignedInUser.c(25): Continuing after Error -26377: No match found for the requested parameter "cp_auth1". Either the specified boundaries were not found in the response or the matched text is longer than current max html parameter size of 666666 bytes. The total length of the response is 0 bytes. You can use "web_set_max_html_param_len" to increase the max parameter size.  	[MsgId: MERR-26377]
PrinterSetupPage_SignedInUser.c(25): Continuing after Error -26374: The above "not found" error(s) may be explained by header and body byte counts being 851 and 0, respectively.  	[MsgId: MERR-26374]
PrinterSetupPage_SignedInUser.c(52): Continuing after Error -26609: HTTP Status-Code=503 (Service Unavailable) for "https://directory.stg.cd.id.hp.com/directory/v1/authentication/login/"  	[MsgId: MERR-26609]
PrinterSetupPage_SignedInUser.c(52): Continuing after Error -26377: No match found for the requested parameter "cp_auth2". Either the specified boundaries were not found in the response or the matched text is longer than current max html parameter size of 666666 bytes. The total length of the response is 0 bytes. You can use "web_set_max_html_param_len" to increase the max parameter size.  	[MsgId: MERR-26377]
PrinterSetupPage_SignedInUser.c(52): Continuing after Error -26377: No match found for the requested parameter "cp_auth3". Either the specified boundaries were not found in the response or the matched text is longer than current max html parameter size of 666666 bytes. The total length of the response is 0 bytes. You can use "web_set_max_html_param_len" to increase the max parameter size.  	[MsgId: MERR-26377]
PrinterSetupPage_SignedInUser.c(52): Continuing after Error -26377: No match found for the requested parameter "cp_flowhandler". Either the specified boundaries were not found in the response or the matched text is longer than current max html parameter size of 666666 bytes. The total length of the response is 0 bytes. You can use "web_set_max_html_param_len" to increase the max parameter size.  	[MsgId: MERR-26377]
PrinterSetupPage_SignedInUser.c(52): Continuing after Error -26377: No match found for the requested parameter "cp_captchaKey". Either the specified boundaries were not found in the response or the matched text is longer than current max html parameter size of 666666 bytes. The total length of the response is 0 bytes. You can use "web_set_max_html_param_len" to increase the max parameter size.  	[MsgId: MERR-26377]
PrinterSetupPage_SignedInUser.c(52): Continuing after Error -26377: No match found for the requested parameter "cp_recaptchaKey". Either the specified boundaries were not found in the response or the matched text is longer than current max html parameter size of 666666 bytes. The total length of the response is 0 bytes. You can use "web_set_max_html_param_len" to increase the max parameter size.  	[MsgId: MERR-26377]
PrinterSetupPage_SignedInUser.c(52): Continuing after Error -26377: No match found for the requested parameter "cp_captchaImage". Either the specified boundaries were not found in the response or the matched text is longer than current max html parameter size of 666666 bytes. The total length of the response is 0 bytes. You can use "web_set_max_html_param_len" to increase the max parameter size.  	[MsgId: MERR-26377]
PrinterSetupPage_SignedInUser.c(52): Continuing after Error -26374: The above "not found" error(s) may be explained by header and body byte counts being 210 and 0, respectively.  	[MsgId: MERR-26374]
PrinterSetupPage_SignedInUser.c(65): Continuing after Error -26609: HTTP Status-Code=503 (Service Unavailable) for "https://directory.stg.cd.id.hp.com/directory/v1/authentication/login/"  	[MsgId: MERR-26609]
PrinterSetupPage_SignedInUser.c(80): Continuing after Error -26609: HTTP Status-Code=503 (Service Unavailable) for "https://directory.stg.cd.id.hp.com/directory/v1/authentication/login/"  	[MsgId: MERR-26609]
PrinterSetupPage_SignedInUser.c(108): Continuing after Error -26609: HTTP Status-Code=503 (Service Unavailable) for "https://directory.stg.cd.id.hp.com/directory/v1/authentication/login/"  	[MsgId: MERR-26609]
PrinterSetupPage_SignedInUser.c(108): Continuing after Error -26377: No match found for the requested parameter "cp_oauthURL". Either the specified boundaries were not found in the response or the matched text is longer than current max html parameter size of 666666 bytes. The total length of the response is 0 bytes. You can use "web_set_max_html_param_len" to increase the max parameter size.  	[MsgId: MERR-26377]
PrinterSetupPage_SignedInUser.c(108): Continuing after Error -26374: The above "not found" error(s) may be explained by header and body byte counts being 185 and 0, respectively.  	[MsgId: MERR-26374]
PrinterSetupPage_SignedInUser.c(134): Continuing after Error -27272: The "URL" argument is missing or empty  	[MsgId: MERR-27272]
PrinterSetupPage_SignedInUser.c(134): Continuing after Error -26377: No match found for the requested parameter "cp_finalstateURL". Either the specified boundaries were not found in the response or the matched text is longer than current max html parameter size of 666666 bytes. The total length of the response is 0 bytes. You can use "web_set_max_html_param_len" to increase the max parameter size.  	[MsgId: MERR-26377]
PrinterSetupPage_SignedInUser.c(134): Continuing after Error -26374: The above "not found" error(s) may be explained by header and body byte counts being 0 and 0, respectively.  	[MsgId: MERR-26374]
PrinterSetupPage_SignedInUser.c(145): Continuing after Error -27272: The "URL" argument is missing or empty  	[MsgId: MERR-27272]
PrinterSetupPage_SignedInUser.c(25): Continuing after Error -26609: HTTP Status-Code=503 (Service Unavailable) for "https://directory.stg.cd.id.hp.com/directory/v1/oauth/authorize?response_type=code&client_id=4X0w6DRmIAc7wE0u2MDGAF0CDFR79j29&redirect_uri=https%3A%2F%2Fppssupport-itgllbh7.inc.hp.com%2Fhp-pps-services%2Fauth%2Fvalidate%2Fcc%2Fus%2Flc%2Fen&scope=user.profile.read+offline_access&prompt=consent&state=us-en&country=US"  	[MsgId: MERR-26609]
PrinterSetupPage_SignedInUser.c(25): Continuing after Error -26377: No match found for the requested parameter "cp_auth1". Either the specified boundaries were not found in the response or the matched text is longer than current max html parameter size of 666666 bytes. The total length of the response is 0 bytes. You can use "web_set_max_html_param_len" to increase the max parameter size.  	[MsgId: MERR-26377]
PrinterSetupPage_SignedInUser.c(25): Continuing after Error -26374: The above "not found" error(s) may be explained by header and body byte counts being 882 and 0, respectively.  	[MsgId: MERR-26374]
PrinterSetupPage_SignedInUser.c(52): Continuing after Error -26609: HTTP Status-Code=503 (Service Unavailable) for "https://directory.stg.cd.id.hp.com/directory/v1/authentication/login/"  	[MsgId: MERR-26609]
PrinterSetupPage_SignedInUser.c(52): Continuing after Error -26377: No match found for the requested parameter "cp_auth2". Either the specified boundaries were not found in the response or the matched text is longer than current max html parameter size of 666666 bytes. The total length of the response is 0 bytes. You can use "web_set_max_html_param_len" to increase the max parameter size.  	[MsgId: MERR-26377]
PrinterSetupPage_SignedInUser.c(52): Continuing after Error -26377: No match found for the requested parameter "cp_auth3". Either the specified boundaries were not found in the response or the matched text is longer than current max html parameter size of 666666 bytes. The total length of the response is 0 bytes. You can use "web_set_max_html_param_len" to increase the max parameter size.  	[MsgId: MERR-26377]
PrinterSetupPage_SignedInUser.c(52): Continuing after Error -26377: No match found for the requested parameter "cp_flowhandler". Either the specified boundaries were not found in the response or the matched text is longer than current max html parameter size of 666666 bytes. The total length of the response is 0 bytes. You can use "web_set_max_html_param_len" to increase the max parameter size.  	[MsgId: MERR-26377]
PrinterSetupPage_SignedInUser.c(52): Continuing after Error -26377: No match found for the requested parameter "cp_captchaKey". Either the specified boundaries were not found in the response or the matched text is longer than current max html parameter size of 666666 bytes. The total length of the response is 0 bytes. You can use "web_set_max_html_param_len" to increase the max parameter size.  	[MsgId: MERR-26377]
PrinterSetupPage_SignedInUser.c(52): Continuing after Error -26377: No match found for the requested parameter "cp_recaptchaKey". Either the specified boundaries were not found in the response or the matched text is longer than current max html parameter size of 666666 bytes. The total length of the response is 0 bytes. You can use "web_set_max_html_param_len" to increase the max parameter size.  	[MsgId: MERR-26377]
PrinterSetupPage_SignedInUser.c(52): Continuing after Error -26377: No match found for the requested parameter "cp_captchaImage". Either the specified boundaries were not found in the response or the matched text is longer than current max html parameter size of 666666 bytes. The total length of the response is 0 bytes. You can use "web_set_max_html_param_len" to increase the max parameter size.  	[MsgId: MERR-26377]
PrinterSetupPage_SignedInUser.c(52): Continuing after Error -26374: The above "not found" error(s) may be explained by header and body byte counts being 210 and 0, respectively.  	[MsgId: MERR-26374]
PrinterSetupPage_SignedInUser.c(65): Continuing after Error -26609: HTTP Status-Code=503 (Service Unavailable) for "https://directory.stg.cd.id.hp.com/directory/v1/authentication/login/"  	[MsgId: MERR-26609]
PrinterSetupPage_SignedInUser.c(80): Continuing after Error -26609: HTTP Status-Code=503 (Service Unavailable) for "https://directory.stg.cd.id.hp.com/directory/v1/authentication/login/"  	[MsgId: MERR-26609]
PrinterSetupPage_SignedInUser.c(108): Continuing after Error -26609: HTTP Status-Code=503 (Service Unavailable) for "https://directory.stg.cd.id.hp.com/directory/v1/authentication/login/"  	[MsgId: MERR-26609]
PrinterSetupPage_SignedInUser.c(108): Continuing after Error -26377: No match found for the requested parameter "cp_oauthURL". Either the specified boundaries were not found in the response or the matched text is longer than current max html parameter size of 666666 bytes. The total length of the response is 0 bytes. You can use "web_set_max_html_param_len" to increase the max parameter size.  	[MsgId: MERR-26377]
PrinterSetupPage_SignedInUser.c(108): Continuing after Error -26374: The above "not found" error(s) may be explained by header and body byte counts being 185 and 0, respectively.  	[MsgId: MERR-26374]
PrinterSetupPage_SignedInUser.c(134): Continuing after Error -27272: The "URL" argument is missing or empty  	[MsgId: MERR-27272]
PrinterSetupPage_SignedInUser.c(134): Continuing after Error -26377: No match found for the requested parameter "cp_finalstateURL". Either the specified boundaries were not found in the response or the matched text is longer than current max html parameter size of 666666 bytes. The total length of the response is 0 bytes. You can use "web_set_max_html_param_len" to increase the max parameter size.  	[MsgId: MERR-26377]
PrinterSetupPage_SignedInUser.c(134): Continuing after Error -26374: The above "not found" error(s) may be explained by header and body byte counts being 0 and 0, respectively.  	[MsgId: MERR-26374]
PrinterSetupPage_SignedInUser.c(145): Continuing after Error -27272: The "URL" argument is missing or empty  	[MsgId: MERR-27272]
