PrinterLandingPage.c(9): Error -26610: HTTP Status-Code=502 (Bad Gateway) for "https://ppssupport-itgllbh7.inc.hp.com/us-en/printer"  	[MsgId: MERR-26610]
PrinterSetup_Landing_SEO.c(8): Error -26610: HTTP Status-Code=502 (Bad Gateway) for "https://ppssupport-itgllbh7.inc.hp.com/au-en/printer-setup/hp-deskjet-ink-advantage-ultra-2529-all-in-one-printer-series/7787695"  	[MsgId: MERR-26610]
BrowserCall_HomePage.c(5): Error -26608: HTTP Status-Code=504 (Gateway Timeout) for "https://ppssupport-itgllbh7.inc.hp.com/us-en"  	[MsgId: MERR-26608]
PrintSetupPage.c(7): Error -27760: Request "https://ppssupport-itgllbh7.inc.hp.com/us-en/printer-setup" failed  	[MsgId: MERR-27760]
ComputerLandingPage.c(9): Error -27760: Request "https://ppssupport-itgllbh7.inc.hp.com/us-en/computer" failed  	[MsgId: MERR-27760]
PrinterSetupPage_AnonymousUser.c(189): Error -27760: Request "https://ppssupport-itgllbh7.inc.hp.com/wcc-services/printsetup/spos/au-en?oid=7787695&os=Windows%20NT%2010.0;%20Win64;%20x64&osbit=64&userType=Anonymous&standardOids=18972,238445,1142650,8954252,8954253,11262035" failed  	[MsgId: MERR-27760]
PrinterSetupPage_AnonymousUser.c(21): Error -27760: Request "https://ppssupport-itgllbh7.inc.hp.com/au-en/printer-setup/hp-deskjet-2130-all-in-one-printer-series/7174550" failed  	[MsgId: MERR-27760]
Homepage.c(5): Error -27760: Request "https://ppssupport-itgllbh7.inc.hp.com/us-en" failed  	[MsgId: MERR-27760]
PrintSetup_Landing.c(15): Error -27760: Request "https://ppssupport-itgllbh7.inc.hp.com/us-en/printer-setup" failed  	[MsgId: MERR-27760]
Homepage.c(5): Error -27760: Request "https://ppssupport-itgllbh7.inc.hp.com/us-en" failed  	[MsgId: MERR-27760]
Homepage.c(5): Error -27760: Request "https://ppssupport-itgllbh7.inc.hp.com/us-en" failed  	[MsgId: MERR-27760]
Homepage.c(5): Error -27760: Request "https://ppssupport-itgllbh7.inc.hp.com/us-en" failed  	[MsgId: MERR-27760]
PrinterLandingPage.c(9): Error -27760: Request "https://ppssupport-itgllbh7.inc.hp.com/us-en/printer" failed  	[MsgId: MERR-27760]
Homepage.c(5): Error -27760: Request "https://ppssupport-itgllbh7.inc.hp.com/us-en" failed  	[MsgId: MERR-27760]
PrinterSetup_Landing_SEO.c(8): Error -27760: Request "https://ppssupport-itgllbh7.inc.hp.com/au-en/printer-setup/hp-deskjet-3700-all-in-one-printer-series/11262035" failed  	[MsgId: MERR-27760]
Homepage.c(5): Error -27760: Request "https://ppssupport-itgllbh7.inc.hp.com/us-en" failed  	[MsgId: MERR-27760]
Homepage.c(5): Error -27760: Request "https://ppssupport-itgllbh7.inc.hp.com/us-en" failed  	[MsgId: MERR-27760]
PrinterLandingPage.c(9): Error -27760: Request "https://ppssupport-itgllbh7.inc.hp.com/us-en/printer" failed  	[MsgId: MERR-27760]
PrintSetupPage.c(7): Error -27760: Request "https://ppssupport-itgllbh7.inc.hp.com/us-en/printer-setup" failed  	[MsgId: MERR-27760]
PrintSetup_Landing.c(15): Error -27760: Request "https://ppssupport-itgllbh7.inc.hp.com/us-en/printer-setup" failed  	[MsgId: MERR-27760]
PrinterLandingPage.c(9): Error -27760: Request "https://ppssupport-itgllbh7.inc.hp.com/us-en/printer" failed  	[MsgId: MERR-27760]
BrowserCall_HomePage.c(5): Error -27760: Request "https://ppssupport-itgllbh7.inc.hp.com/us-en" failed  	[MsgId: MERR-27760]
PrintSetupPage.c(7): Error -27760: Request "https://ppssupport-itgllbh7.inc.hp.com/us-en/printer-setup" failed  	[MsgId: MERR-27760]
Homepage.c(5): Error -27760: Request "https://ppssupport-itgllbh7.inc.hp.com/us-en" failed  	[MsgId: MERR-27760]
PrintSetup_Landing.c(15): Error -27760: Request "https://ppssupport-itgllbh7.inc.hp.com/us-en/printer-setup" failed  	[MsgId: MERR-27760]
PrinterLandingPage.c(9): Error -27760: Request "https://ppssupport-itgllbh7.inc.hp.com/us-en/printer" failed  	[MsgId: MERR-27760]
Homepage.c(5): Error -27760: Request "https://ppssupport-itgllbh7.inc.hp.com/us-en" failed  	[MsgId: MERR-27760]
PrinterLandingPage.c(9): Error -27760: Request "https://ppssupport-itgllbh7.inc.hp.com/us-en/printer" failed  	[MsgId: MERR-27760]
PrinterLandingPage.c(9): Error -27760: Request "https://ppssupport-itgllbh7.inc.hp.com/us-en/printer" failed  	[MsgId: MERR-27760]
BrowserCall_ComputerPage.c(5): Error -27760: Request "https://ppssupport-itgllbh7.inc.hp.com/us-en/computer" failed  	[MsgId: MERR-27760]
