ProductCategory_Landing.c(24): Error -26608: HTTP Status-Code=504 (Gateway Timeout) for "https://ppssupport-itgllbh7.inc.hp.com/us-en/products"  	[MsgId: MERR-26608]
ProductCategory_Landing.c(24): Error -26608: HTTP Status-Code=504 (Gateway Timeout) for "https://ppssupport-itgllbh7.inc.hp.com/us-en/products"  	[MsgId: MERR-26608]
ProductCategoryPrinter_L2.c(20): Error -26608: HTTP Status-Code=504 (Gateway Timeout) for "https://ppssupport-itgllbh7.inc.hp.com/us-en/products/printers/officejet-printers/officejet-4000"  	[MsgId: MERR-26608]
ProductCategoryPrinter_L2.c(20): Error -26608: HTTP Status-Code=504 (Gateway Timeout) for "https://ppssupport-itgllbh7.inc.hp.com/us-en/products/desktops/pavilion-desktops/pavilion-20"  	[MsgId: MERR-26608]
ProductCategoryPrinter_L0.c(19): Error -26608: HTTP Status-Code=504 (Gateway Timeout) for "https://ppssupport-itgllbh7.inc.hp.com/us-en/products/printers"  	[MsgId: MERR-26608]
ProductCategoryPrinter_L2.c(20): Error -26608: HTTP Status-Code=504 (Gateway Timeout) for "https://ppssupport-itgllbh7.inc.hp.com/us-en/products/printers/officejet-printers/officejet-4000"  	[MsgId: MERR-26608]
ProductCategory_Landing.c(24): Error -26608: HTTP Status-Code=504 (Gateway Timeout) for "https://ppssupport-itgllbh7.inc.hp.com/us-en/products"  	[MsgId: MERR-26608]
ProductCategory_Landing.c(24): Error -26608: HTTP Status-Code=504 (Gateway Timeout) for "https://ppssupport-itgllbh7.inc.hp.com/us-en/products"  	[MsgId: MERR-26608]
ProductCategoryPrinter_L1.c(24): Error -26608: HTTP Status-Code=504 (Gateway Timeout) for "https://ppssupport-itgllbh7.inc.hp.com/us-en/products/laptops/elitebook-laptops"  	[MsgId: MERR-26608]
ProductCategory_Landing.c(24): Error -26608: HTTP Status-Code=504 (Gateway Timeout) for "https://ppssupport-itgllbh7.inc.hp.com/us-en/products"  	[MsgId: MERR-26608]
ProductCategory_Landing.c(24): Error -26608: HTTP Status-Code=504 (Gateway Timeout) for "https://ppssupport-itgllbh7.inc.hp.com/us-en/products"  	[MsgId: MERR-26608]
ProductCategoryPrinter_L0.c(19): Error -26608: HTTP Status-Code=504 (Gateway Timeout) for "https://ppssupport-itgllbh7.inc.hp.com/us-en/products/laptops"  	[MsgId: MERR-26608]
ProductCategoryPrinter_L1.c(24): Error -26608: HTTP Status-Code=504 (Gateway Timeout) for "https://ppssupport-itgllbh7.inc.hp.com/us-en/products/printers/deskjet-printers"  	[MsgId: MERR-26608]
ProductCategoryPrinter_L0.c(19): Error -26608: HTTP Status-Code=504 (Gateway Timeout) for "https://ppssupport-itgllbh7.inc.hp.com/us-en/products/printers"  	[MsgId: MERR-26608]
ProductCategoryPrinter_L0.c(19): Error -26608: HTTP Status-Code=504 (Gateway Timeout) for "https://ppssupport-itgllbh7.inc.hp.com/us-en/products/printers"  	[MsgId: MERR-26608]
ProductCategory_Landing.c(24): Error -26608: HTTP Status-Code=504 (Gateway Timeout) for "https://ppssupport-itgllbh7.inc.hp.com/us-en/products"  	[MsgId: MERR-26608]
ProductCategory_Landing.c(24): Error -26608: HTTP Status-Code=504 (Gateway Timeout) for "https://ppssupport-itgllbh7.inc.hp.com/us-en/products"  	[MsgId: MERR-26608]
ProductCategory_Landing.c(24): Error -26608: HTTP Status-Code=504 (Gateway Timeout) for "https://ppssupport-itgllbh7.inc.hp.com/us-en/products"  	[MsgId: MERR-26608]
ProductCategoryPrinter_L0.c(19): Error -26608: HTTP Status-Code=504 (Gateway Timeout) for "https://ppssupport-itgllbh7.inc.hp.com/us-en/products/printers"  	[MsgId: MERR-26608]
ProductCategoryPrinter_L0.c(19): Error -26608: HTTP Status-Code=504 (Gateway Timeout) for "https://ppssupport-itgllbh7.inc.hp.com/us-en/products/printers"  	[MsgId: MERR-26608]
ProductCategoryPrinter_L1.c(24): Error -26608: HTTP Status-Code=504 (Gateway Timeout) for "https://ppssupport-itgllbh7.inc.hp.com/us-en/products/printers/officejet-printers"  	[MsgId: MERR-26608]
ProductCategory_Landing.c(24): Error -26608: HTTP Status-Code=504 (Gateway Timeout) for "https://ppssupport-itgllbh7.inc.hp.com/us-en/products"  	[MsgId: MERR-26608]
ProductCategory_Landing.c(24): Error -26608: HTTP Status-Code=504 (Gateway Timeout) for "https://ppssupport-itgllbh7.inc.hp.com/us-en/products"  	[MsgId: MERR-26608]
ProductCategory_Landing.c(24): Error -26608: HTTP Status-Code=504 (Gateway Timeout) for "https://ppssupport-itgllbh7.inc.hp.com/us-en/products"  	[MsgId: MERR-26608]
ProductCategoryPrinter_L0.c(19): Error -26608: HTTP Status-Code=504 (Gateway Timeout) for "https://ppssupport-itgllbh7.inc.hp.com/us-en/products/laptops"  	[MsgId: MERR-26608]
ProductCategoryPrinter_L2.c(20): Error -26608: HTTP Status-Code=504 (Gateway Timeout) for "https://ppssupport-itgllbh7.inc.hp.com/us-en/products/laptops/elitebook-laptops/elitebook-8000"  	[MsgId: MERR-26608]
ProductCategory_Landing.c(24): Error -26608: HTTP Status-Code=504 (Gateway Timeout) for "https://ppssupport-itgllbh7.inc.hp.com/us-en/products"  	[MsgId: MERR-26608]
ProductCategory_Landing.c(24): Error -26608: HTTP Status-Code=504 (Gateway Timeout) for "https://ppssupport-itgllbh7.inc.hp.com/us-en/products"  	[MsgId: MERR-26608]
ProductCategoryPrinter_L2.c(20): Error -26608: HTTP Status-Code=504 (Gateway Timeout) for "https://ppssupport-itgllbh7.inc.hp.com/us-en/products/laptops/elitebook-laptops/elitebook-8000"  	[MsgId: MERR-26608]
ProductCategoryPrinter_L2.c(20): Error -26608: HTTP Status-Code=504 (Gateway Timeout) for "https://ppssupport-itgllbh7.inc.hp.com/us-en/products/laptops/elitebook-laptops/elitebook-8000"  	[MsgId: MERR-26608]
ProductCategoryPrinter_L1.c(24): Error -26608: HTTP Status-Code=504 (Gateway Timeout) for "https://ppssupport-itgllbh7.inc.hp.com/us-en/products/desktops/pavilion-desktops"  	[MsgId: MERR-26608]
ProductCategoryPrinter_L2.c(20): Error -26608: HTTP Status-Code=504 (Gateway Timeout) for "https://ppssupport-itgllbh7.inc.hp.com/us-en/products/laptops/pavilion-notebooks/pavilion-10"  	[MsgId: MERR-26608]
ProductCategoryPrinter_L1.c(24): Error -26608: HTTP Status-Code=504 (Gateway Timeout) for "https://ppssupport-itgllbh7.inc.hp.com/us-en/products/laptops/pavilion-notebooks"  	[MsgId: MERR-26608]
ProductCategory_Landing.c(24): Error -26608: HTTP Status-Code=504 (Gateway Timeout) for "https://ppssupport-itgllbh7.inc.hp.com/us-en/products"  	[MsgId: MERR-26608]
ProductCategoryPrinter_L0.c(19): Error -26608: HTTP Status-Code=504 (Gateway Timeout) for "https://ppssupport-itgllbh7.inc.hp.com/us-en/products/printers"  	[MsgId: MERR-26608]
ProductCategoryPrinter_L1.c(24): Error -26608: HTTP Status-Code=504 (Gateway Timeout) for "https://ppssupport-itgllbh7.inc.hp.com/us-en/products/printers/deskjet-printers"  	[MsgId: MERR-26608]
ProductCategory_Landing.c(24): Error -26608: HTTP Status-Code=504 (Gateway Timeout) for "https://ppssupport-itgllbh7.inc.hp.com/us-en/products"  	[MsgId: MERR-26608]
ProductCategory_Landing.c(24): Error -26608: HTTP Status-Code=504 (Gateway Timeout) for "https://ppssupport-itgllbh7.inc.hp.com/us-en/products"  	[MsgId: MERR-26608]
ProductCategory_Landing.c(24): Error -26608: HTTP Status-Code=504 (Gateway Timeout) for "https://ppssupport-itgllbh7.inc.hp.com/us-en/products"  	[MsgId: MERR-26608]
ProductCategory_Landing.c(24): Error -26608: HTTP Status-Code=504 (Gateway Timeout) for "https://ppssupport-itgllbh7.inc.hp.com/us-en/products"  	[MsgId: MERR-26608]
ProductCategoryPrinter_L2.c(20): Error -26608: HTTP Status-Code=504 (Gateway Timeout) for "https://ppssupport-itgllbh7.inc.hp.com/us-en/products/desktops/pavilion-desktops/pavilion-20"  	[MsgId: MERR-26608]
ProductCategoryPrinter_L1.c(24): Error -26608: HTTP Status-Code=504 (Gateway Timeout) for "https://ppssupport-itgllbh7.inc.hp.com/us-en/products/printers/deskjet-printers"  	[MsgId: MERR-26608]
ProductCategoryPrinter_L1.c(24): Error -26608: HTTP Status-Code=504 (Gateway Timeout) for "https://ppssupport-itgllbh7.inc.hp.com/us-en/products/laptops/elitebook-laptops"  	[MsgId: MERR-26608]
ProductCategoryPrinter_L0.c(19): Error -26608: HTTP Status-Code=504 (Gateway Time-out) for "https://ppssupport-itgllbh7.inc.hp.com/us-en/products/laptops"  	[MsgId: MERR-26608]
ProductCategory_Landing.c(24): Error -26608: HTTP Status-Code=504 (Gateway Timeout) for "https://ppssupport-itgllbh7.inc.hp.com/us-en/products"  	[MsgId: MERR-26608]
ProductCategory_Landing.c(24): Error -26608: HTTP Status-Code=504 (Gateway Timeout) for "https://ppssupport-itgllbh7.inc.hp.com/us-en/products"  	[MsgId: MERR-26608]
ProductCategoryPrinter_L1.c(24): Error -26608: HTTP Status-Code=504 (Gateway Timeout) for "https://ppssupport-itgllbh7.inc.hp.com/us-en/products/desktops/pavilion-desktops"  	[MsgId: MERR-26608]
ProductCategory_Landing.c(24): Error -26608: HTTP Status-Code=504 (Gateway Timeout) for "https://ppssupport-itgllbh7.inc.hp.com/us-en/products"  	[MsgId: MERR-26608]
ProductCategoryPrinter_L2.c(20): Error -26608: HTTP Status-Code=504 (Gateway Timeout) for "https://ppssupport-itgllbh7.inc.hp.com/us-en/products/laptops/pavilion-notebooks/pavilion-10"  	[MsgId: MERR-26608]
ProductCategoryPrinter_L2.c(20): Error -26608: HTTP Status-Code=504 (Gateway Timeout) for "https://ppssupport-itgllbh7.inc.hp.com/us-en/products/desktops/envy-desktops/envy-20"  	[MsgId: MERR-26608]
ProductCategory_Landing.c(24): Error -26608: HTTP Status-Code=504 (Gateway Timeout) for "https://ppssupport-itgllbh7.inc.hp.com/us-en/products"  	[MsgId: MERR-26608]
ProductCategoryPrinter_L0.c(19): Error -26608: HTTP Status-Code=504 (Gateway Timeout) for "https://ppssupport-itgllbh7.inc.hp.com/us-en/products/laptops"  	[MsgId: MERR-26608]
ProductCategoryPrinter_L0.c(19): Error -26608: HTTP Status-Code=504 (Gateway Timeout) for "https://ppssupport-itgllbh7.inc.hp.com/us-en/products/desktops"  	[MsgId: MERR-26608]
ProductCategoryPrinter_L2.c(20): Error -26608: HTTP Status-Code=504 (Gateway Timeout) for "https://ppssupport-itgllbh7.inc.hp.com/us-en/products/printers/deskjet-printers/deskjet-300"  	[MsgId: MERR-26608]
ProductCategory_Landing.c(24): Error -26608: HTTP Status-Code=504 (Gateway Timeout) for "https://ppssupport-itgllbh7.inc.hp.com/us-en/products"  	[MsgId: MERR-26608]
ProductCategory_Landing.c(24): Error -26608: HTTP Status-Code=504 (Gateway Timeout) for "https://ppssupport-itgllbh7.inc.hp.com/us-en/products"  	[MsgId: MERR-26608]
ProductCategory_Landing.c(24): Error -26608: HTTP Status-Code=504 (Gateway Timeout) for "https://ppssupport-itgllbh7.inc.hp.com/us-en/products"  	[MsgId: MERR-26608]
ProductCategory_Landing.c(24): Error -26608: HTTP Status-Code=504 (Gateway Timeout) for "https://ppssupport-itgllbh7.inc.hp.com/us-en/products"  	[MsgId: MERR-26608]
ProductCategory_Landing.c(24): Error -26608: HTTP Status-Code=504 (Gateway Timeout) for "https://ppssupport-itgllbh7.inc.hp.com/us-en/products"  	[MsgId: MERR-26608]
ProductCategory_Landing.c(24): Error -26608: HTTP Status-Code=504 (Gateway Timeout) for "https://ppssupport-itgllbh7.inc.hp.com/us-en/products"  	[MsgId: MERR-26608]
ProductCategoryPrinter_L0.c(19): Error -26608: HTTP Status-Code=504 (Gateway Timeout) for "https://ppssupport-itgllbh7.inc.hp.com/us-en/products/printers"  	[MsgId: MERR-26608]
ProductCategory_Landing.c(24): Error -26608: HTTP Status-Code=504 (Gateway Timeout) for "https://ppssupport-itgllbh7.inc.hp.com/us-en/products"  	[MsgId: MERR-26608]
ProductCategoryPrinter_L2.c(20): Error -26608: HTTP Status-Code=504 (Gateway Timeout) for "https://ppssupport-itgllbh7.inc.hp.com/us-en/products/laptops/elitebook-laptops/elitebook-8000"  	[MsgId: MERR-26608]
ProductCategory_Landing.c(24): Error -26608: HTTP Status-Code=504 (Gateway Timeout) for "https://ppssupport-itgllbh7.inc.hp.com/us-en/products"  	[MsgId: MERR-26608]
ProductCategoryPrinter_L0.c(19): Error -26608: HTTP Status-Code=504 (Gateway Timeout) for "https://ppssupport-itgllbh7.inc.hp.com/us-en/products/desktops"  	[MsgId: MERR-26608]
ProductCategoryPrinter_L0.c(19): Error -26608: HTTP Status-Code=504 (Gateway Time-out) for "https://ppssupport-itgllbh7.inc.hp.com/us-en/products/printers"  	[MsgId: MERR-26608]
ProductCategory_Landing.c(24): Error -26608: HTTP Status-Code=504 (Gateway Timeout) for "https://ppssupport-itgllbh7.inc.hp.com/us-en/products"  	[MsgId: MERR-26608]
ProductCategoryPrinter_L1.c(24): Error -26608: HTTP Status-Code=504 (Gateway Timeout) for "https://ppssupport-itgllbh7.inc.hp.com/us-en/products/laptops/elitebook-laptops"  	[MsgId: MERR-26608]
ProductCategoryPrinter_L0.c(19): Error -26608: HTTP Status-Code=504 (Gateway Timeout) for "https://ppssupport-itgllbh7.inc.hp.com/us-en/products/desktops"  	[MsgId: MERR-26608]
ProductCategoryPrinter_L1.c(24): Error -26608: HTTP Status-Code=504 (Gateway Timeout) for "https://ppssupport-itgllbh7.inc.hp.com/us-en/products/desktops/envy-desktops"  	[MsgId: MERR-26608]
ProductCategoryPrinter_L0.c(19): Error -26608: HTTP Status-Code=504 (Gateway Timeout) for "https://ppssupport-itgllbh7.inc.hp.com/us-en/products/printers"  	[MsgId: MERR-26608]
ProductCategoryPrinter_L0.c(19): Error -26608: HTTP Status-Code=504 (Gateway Timeout) for "https://ppssupport-itgllbh7.inc.hp.com/us-en/products/printers"  	[MsgId: MERR-26608]
ProductCategoryPrinter_L2.c(20): Error -26608: HTTP Status-Code=504 (Gateway Timeout) for "https://ppssupport-itgllbh7.inc.hp.com/us-en/products/printers/officejet-printers/officejet-4000"  	[MsgId: MERR-26608]
ProductCategory_Landing.c(24): Error -26608: HTTP Status-Code=504 (Gateway Timeout) for "https://ppssupport-itgllbh7.inc.hp.com/us-en/products"  	[MsgId: MERR-26608]
ProductCategory_Landing.c(24): Error -26608: HTTP Status-Code=504 (Gateway Timeout) for "https://ppssupport-itgllbh7.inc.hp.com/us-en/products"  	[MsgId: MERR-26608]
ProductCategoryPrinter_L0.c(19): Error -26608: HTTP Status-Code=504 (Gateway Timeout) for "https://ppssupport-itgllbh7.inc.hp.com/us-en/products/printers"  	[MsgId: MERR-26608]
ProductCategory_Landing.c(24): Error -26608: HTTP Status-Code=504 (Gateway Timeout) for "https://ppssupport-itgllbh7.inc.hp.com/us-en/products"  	[MsgId: MERR-26608]
ProductCategoryPrinter_L2.c(20): Error -26608: HTTP Status-Code=504 (Gateway Timeout) for "https://ppssupport-itgllbh7.inc.hp.com/us-en/products/printers/deskjet-printers/deskjet-300"  	[MsgId: MERR-26608]
ProductCategoryPrinter_L2.c(20): Error -26608: HTTP Status-Code=504 (Gateway Timeout) for "https://ppssupport-itgllbh7.inc.hp.com/us-en/products/desktops/envy-desktops/envy-20"  	[MsgId: MERR-26608]
ProductCategoryPrinter_L0.c(19): Error -26608: HTTP Status-Code=504 (Gateway Timeout) for "https://ppssupport-itgllbh7.inc.hp.com/us-en/products/desktops"  	[MsgId: MERR-26608]
ProductCategory_Landing.c(24): Error -26608: HTTP Status-Code=504 (Gateway Timeout) for "https://ppssupport-itgllbh7.inc.hp.com/us-en/products"  	[MsgId: MERR-26608]
ProductCategoryPrinter_L1.c(24): Error -26608: HTTP Status-Code=504 (Gateway Timeout) for "https://ppssupport-itgllbh7.inc.hp.com/us-en/products/desktops/envy-desktops"  	[MsgId: MERR-26608]
ProductCategory_Landing.c(24): Error -26608: HTTP Status-Code=504 (Gateway Timeout) for "https://ppssupport-itgllbh7.inc.hp.com/us-en/products"  	[MsgId: MERR-26608]
ProductCategory_Landing.c(24): Error -26608: HTTP Status-Code=504 (Gateway Timeout) for "https://ppssupport-itgllbh7.inc.hp.com/us-en/products"  	[MsgId: MERR-26608]
ProductCategoryPrinter_L2.c(20): Error -26608: HTTP Status-Code=504 (Gateway Timeout) for "https://ppssupport-itgllbh7.inc.hp.com/us-en/products/desktops/envy-desktops/envy-20"  	[MsgId: MERR-26608]
ProductCategoryPrinter_L0.c(19): Error -26608: HTTP Status-Code=504 (Gateway Timeout) for "https://ppssupport-itgllbh7.inc.hp.com/us-en/products/printers"  	[MsgId: MERR-26608]
ProductCategory_Landing.c(24): Error -26608: HTTP Status-Code=504 (Gateway Timeout) for "https://ppssupport-itgllbh7.inc.hp.com/us-en/products"  	[MsgId: MERR-26608]
ProductCategoryPrinter_L0.c(19): Error -26608: HTTP Status-Code=504 (Gateway Timeout) for "https://ppssupport-itgllbh7.inc.hp.com/us-en/products/laptops"  	[MsgId: MERR-26608]
ProductCategoryPrinter_L1.c(24): Error -26608: HTTP Status-Code=504 (Gateway Timeout) for "https://ppssupport-itgllbh7.inc.hp.com/us-en/products/printers/laserjet-printers"  	[MsgId: MERR-26608]
ProductCategoryPrinter_L1.c(24): Error -26608: HTTP Status-Code=504 (Gateway Timeout) for "https://ppssupport-itgllbh7.inc.hp.com/us-en/products/desktops/pavilion-desktops"  	[MsgId: MERR-26608]
ProductCategory_Landing.c(24): Error -26608: HTTP Status-Code=504 (Gateway Timeout) for "https://ppssupport-itgllbh7.inc.hp.com/us-en/products"  	[MsgId: MERR-26608]
ProductCategory_Landing.c(24): Error -26608: HTTP Status-Code=504 (Gateway Timeout) for "https://ppssupport-itgllbh7.inc.hp.com/us-en/products"  	[MsgId: MERR-26608]
ProductCategoryPrinter_L0.c(19): Error -26608: HTTP Status-Code=504 (Gateway Timeout) for "https://ppssupport-itgllbh7.inc.hp.com/us-en/products/printers"  	[MsgId: MERR-26608]
ProductCategory_Landing.c(24): Error -26608: HTTP Status-Code=504 (Gateway Timeout) for "https://ppssupport-itgllbh7.inc.hp.com/us-en/products"  	[MsgId: MERR-26608]
ProductCategoryPrinter_L2.c(20): Error -26608: HTTP Status-Code=504 (Gateway Timeout) for "https://ppssupport-itgllbh7.inc.hp.com/us-en/products/desktops/envy-desktops/envy-20"  	[MsgId: MERR-26608]
ProductCategory_Landing.c(24): Error -26608: HTTP Status-Code=504 (Gateway Timeout) for "https://ppssupport-itgllbh7.inc.hp.com/us-en/products"  	[MsgId: MERR-26608]
ProductCategoryPrinter_L1.c(24): Error -26608: HTTP Status-Code=504 (Gateway Timeout) for "https://ppssupport-itgllbh7.inc.hp.com/us-en/products/desktops/pavilion-desktops"  	[MsgId: MERR-26608]
ProductCategoryPrinter_L2.c(20): Error -26608: HTTP Status-Code=504 (Gateway Timeout) for "https://ppssupport-itgllbh7.inc.hp.com/us-en/products/desktops/envy-desktops/envy-20"  	[MsgId: MERR-26608]
ProductCategory_Landing.c(24): Error -26608: HTTP Status-Code=504 (Gateway Timeout) for "https://ppssupport-itgllbh7.inc.hp.com/us-en/products"  	[MsgId: MERR-26608]
ProductCategory_Landing.c(24): Error -26608: HTTP Status-Code=504 (Gateway Timeout) for "https://ppssupport-itgllbh7.inc.hp.com/us-en/products"  	[MsgId: MERR-26608]
ProductCategoryPrinter_L2.c(20): Error -26608: HTTP Status-Code=504 (Gateway Timeout) for "https://ppssupport-itgllbh7.inc.hp.com/us-en/products/desktops/pavilion-desktops/pavilion-20"  	[MsgId: MERR-26608]
ProductCategoryPrinter_L2.c(20): Error -26608: HTTP Status-Code=504 (Gateway Timeout) for "https://ppssupport-itgllbh7.inc.hp.com/us-en/products/printers/officejet-printers/officejet-4000"  	[MsgId: MERR-26608]
ProductCategory_Landing.c(24): Error -26608: HTTP Status-Code=504 (Gateway Timeout) for "https://ppssupport-itgllbh7.inc.hp.com/us-en/products"  	[MsgId: MERR-26608]
ProductCategory_Landing.c(24): Error -26608: HTTP Status-Code=504 (Gateway Timeout) for "https://ppssupport-itgllbh7.inc.hp.com/us-en/products"  	[MsgId: MERR-26608]
ProductCategoryPrinter_L1.c(24): Error -26608: HTTP Status-Code=504 (Gateway Timeout) for "https://ppssupport-itgllbh7.inc.hp.com/us-en/products/printers/officejet-printers"  	[MsgId: MERR-26608]
ProductCategoryPrinter_L0.c(19): Error -26608: HTTP Status-Code=504 (Gateway Timeout) for "https://ppssupport-itgllbh7.inc.hp.com/us-en/products/desktops"  	[MsgId: MERR-26608]
ProductCategory_Landing.c(24): Error -26608: HTTP Status-Code=504 (Gateway Timeout) for "https://ppssupport-itgllbh7.inc.hp.com/us-en/products"  	[MsgId: MERR-26608]
ProductCategory_Landing.c(24): Error -26608: HTTP Status-Code=504 (Gateway Timeout) for "https://ppssupport-itgllbh7.inc.hp.com/us-en/products"  	[MsgId: MERR-26608]
ProductCategoryPrinter_L2.c(20): Error -26608: HTTP Status-Code=504 (Gateway Timeout) for "https://ppssupport-itgllbh7.inc.hp.com/us-en/products/printers/officejet-printers/officejet-4000"  	[MsgId: MERR-26608]
ProductCategory_Landing.c(24): Error -26608: HTTP Status-Code=504 (Gateway Timeout) for "https://ppssupport-itgllbh7.inc.hp.com/us-en/products"  	[MsgId: MERR-26608]
ProductCategoryPrinter_L0.c(19): Error -26608: HTTP Status-Code=504 (Gateway Timeout) for "https://ppssupport-itgllbh7.inc.hp.com/us-en/products/desktops"  	[MsgId: MERR-26608]
ProductCategory_Landing.c(24): Error -26608: HTTP Status-Code=504 (Gateway Timeout) for "https://ppssupport-itgllbh7.inc.hp.com/us-en/products"  	[MsgId: MERR-26608]
ProductCategoryPrinter_L2.c(20): Error -26608: HTTP Status-Code=504 (Gateway Timeout) for "https://ppssupport-itgllbh7.inc.hp.com/us-en/products/printers/deskjet-printers/deskjet-300"  	[MsgId: MERR-26608]
ProductCategoryPrinter_L0.c(19): Error -26608: HTTP Status-Code=504 (Gateway Timeout) for "https://ppssupport-itgllbh7.inc.hp.com/us-en/products/desktops"  	[MsgId: MERR-26608]
ProductCategory_Landing.c(24): Error -26608: HTTP Status-Code=504 (Gateway Timeout) for "https://ppssupport-itgllbh7.inc.hp.com/us-en/products"  	[MsgId: MERR-26608]
ProductCategoryPrinter_L0.c(19): Error -26608: HTTP Status-Code=504 (Gateway Timeout) for "https://ppssupport-itgllbh7.inc.hp.com/us-en/products/laptops"  	[MsgId: MERR-26608]
ProductCategoryPrinter_L2.c(20): Error -26608: HTTP Status-Code=504 (Gateway Timeout) for "https://ppssupport-itgllbh7.inc.hp.com/us-en/products/desktops/envy-desktops/envy-20"  	[MsgId: MERR-26608]
ProductCategoryPrinter_L1.c(206): Error -27760: Request "https://ppssupport-itgllbh7.inc.hp.com/wcc-services/sitemap/href" failed  	[MsgId: MERR-27760]
ProductCategory_Landing.c(24): Error -27760: Request "https://ppssupport-itgllbh7.inc.hp.com/us-en/products" failed  	[MsgId: MERR-27760]
ProductCategoryPrinter_L1.c(190): Error -27760: Request "https://ppssupport-itgllbh7.inc.hp.com/wcc-services/prodcategory/getProductCategoriesBySeoName" failed  	[MsgId: MERR-27760]
ProductCategoryPrinter_L2.c(162): Error -27760: Request "https://ppssupport-itgllbh7.inc.hp.com/wcc-services/cms-v2/us-en/wcc_products_banner" failed  	[MsgId: MERR-27760]
ProductCategoryPrinter_L1.c(165): Error -27760: Request "https://ppssupport-itgllbh7.inc.hp.com/wcc-services/cms-v2/us-en/wcc_products_banner" failed  	[MsgId: MERR-27760]
