ProductCategoryPrinter_L0.c(19): Error -26608: HTTP Status-Code=504 (Gateway Timeout) for "https://ppssupport-itgllbh7.inc.hp.com/us-en/products/laptops"  	[MsgId: MERR-26608]
ProductCategoryPrinter_L0.c(19): Error -26608: HTTP Status-Code=504 (Gateway Timeout) for "https://ppssupport-itgllbh7.inc.hp.com/us-en/products/laptops"  	[MsgId: MERR-26608]
ProductCategory_Landing.c(24): Error -26608: HTTP Status-Code=504 (Gateway Timeout) for "https://ppssupport-itgllbh7.inc.hp.com/us-en/products"  	[MsgId: MERR-26608]
ProductCategoryPrinter_L1.c(24): Error -26608: HTTP Status-Code=504 (Gateway Timeout) for "https://ppssupport-itgllbh7.inc.hp.com/us-en/products/laptops/elitebook-laptops"  	[MsgId: MERR-26608]
ProductCategory_Landing.c(24): Error -26608: HTTP Status-Code=504 (Gateway Timeout) for "https://ppssupport-itgllbh7.inc.hp.com/us-en/products"  	[MsgId: MERR-26608]
ProductCategoryPrinter_L1.c(24): Error -26608: HTTP Status-Code=504 (Gateway Timeout) for "https://ppssupport-itgllbh7.inc.hp.com/us-en/products/printers/laserjet-printers"  	[MsgId: MERR-26608]
ProductCategoryPrinter_L1.c(24): Error -26608: HTTP Status-Code=504 (Gateway Timeout) for "https://ppssupport-itgllbh7.inc.hp.com/us-en/products/printers/laserjet-printers"  	[MsgId: MERR-26608]
ProductCategoryPrinter_L2.c(20): Error -26608: HTTP Status-Code=504 (Gateway Timeout) for "https://ppssupport-itgllbh7.inc.hp.com/us-en/products/desktops/pavilion-desktops/pavilion-20"  	[MsgId: MERR-26608]
ProductCategoryPrinter_L0.c(19): Error -26608: HTTP Status-Code=504 (Gateway Timeout) for "https://ppssupport-itgllbh7.inc.hp.com/us-en/products/desktops"  	[MsgId: MERR-26608]
ProductCategoryPrinter_L0.c(19): Error -26608: HTTP Status-Code=504 (Gateway Timeout) for "https://ppssupport-itgllbh7.inc.hp.com/us-en/products/laptops"  	[MsgId: MERR-26608]
ProductCategoryPrinter_L1.c(24): Error -26608: HTTP Status-Code=504 (Gateway Timeout) for "https://ppssupport-itgllbh7.inc.hp.com/us-en/products/printers/officejet-printers"  	[MsgId: MERR-26608]
ProductCategoryPrinter_L0.c(19): Error -26608: HTTP Status-Code=504 (Gateway Timeout) for "https://ppssupport-itgllbh7.inc.hp.com/us-en/products/desktops"  	[MsgId: MERR-26608]
ProductCategoryPrinter_L2.c(20): Error -26608: HTTP Status-Code=504 (Gateway Timeout) for "https://ppssupport-itgllbh7.inc.hp.com/us-en/products/desktops/pavilion-desktops/pavilion-20"  	[MsgId: MERR-26608]
ProductCategory_Landing.c(24): Error -26608: HTTP Status-Code=504 (Gateway Timeout) for "https://ppssupport-itgllbh7.inc.hp.com/us-en/products"  	[MsgId: MERR-26608]
ProductCategory_Landing.c(24): Error -26608: HTTP Status-Code=504 (Gateway Timeout) for "https://ppssupport-itgllbh7.inc.hp.com/us-en/products"  	[MsgId: MERR-26608]
ProductCategoryPrinter_L0.c(19): Error -26608: HTTP Status-Code=504 (Gateway Timeout) for "https://ppssupport-itgllbh7.inc.hp.com/us-en/products/printers"  	[MsgId: MERR-26608]
ProductCategoryPrinter_L2.c(20): Error -26608: HTTP Status-Code=504 (Gateway Timeout) for "https://ppssupport-itgllbh7.inc.hp.com/us-en/products/printers/officejet-printers/officejet-4000"  	[MsgId: MERR-26608]
ProductCategoryPrinter_L1.c(24): Error -26608: HTTP Status-Code=504 (Gateway Timeout) for "https://ppssupport-itgllbh7.inc.hp.com/us-en/products/laptops/elitebook-laptops"  	[MsgId: MERR-26608]
ProductCategoryPrinter_L0.c(19): Error -26608: HTTP Status-Code=504 (Gateway Timeout) for "https://ppssupport-itgllbh7.inc.hp.com/us-en/products/laptops"  	[MsgId: MERR-26608]
ProductCategory_Landing.c(24): Error -26608: HTTP Status-Code=504 (Gateway Timeout) for "https://ppssupport-itgllbh7.inc.hp.com/us-en/products"  	[MsgId: MERR-26608]
