Start auto log messages stack - Iteration 1.	[MsgId: MMSG-10545]
TopicPages.c(161): Found resource "https://ppssupport-itgllbh7.inc.hp.com/wps/contenthandler/pps/!ut/p/digest!3JKaotSk_gMd0aUfF0xN-w/mashup/ra:collection?themeID=ZJ_3054ICK0K8VR40ACSBJACA0001&locale=en&mime-type=text%2Fjavascript&lm=1614064626000&entry=wp_theme_edit__0.0%3Aconfig_js&entry=wp_one_ui_30__0.0%3Aconfig_js&entry=wp_theme_skin_region__0.0%3Aconfig_js&entry=wp_status_bar__0.0%3Aconfig_js&entry=wp_theme_menus__0.0%3Aconfig_js&entry=hpStyleR2__1.0%3Aconfig_js&entry=wp_theme_high_contrast__0.0%3Aconfig_js" in HTML "https://ppssupport-itgllbh7.inc.hp.com/us-en/products"  	[MsgId: MMSG-26659]
TopicPages.c(161): Found resource "https://ppssupport-itgllbh7.inc.hp.com/static/hp-portal-theme-static/themes/Portal8.0/hp/js/contentsquare.js" in HTML "https://ppssupport-itgllbh7.inc.hp.com/us-en/products"  	[MsgId: MMSG-26659]
TopicPages.c(161): Error -27721: Step download timeout (120 seconds) has expired when downloading resource "https://cdn.optimizely.com/js/19679392014.js". Set the "Step Timeout caused by resources is a warning" Runtime Setting to Yes/No to have this message as a warning/error, respectively  	[MsgId: MERR-27721]
End auto log messages stack.	[MsgId: MMSG-10544]


Start auto log messages stack - Iteration 2.	[MsgId: MMSG-10545]
TopicPages.c(161): Found resource "https://ppssupport-itgllbh7.inc.hp.com/static/hp-portal-theme-static/themes/Portal8.0/hp/js/contentsquare.js" in HTML "https://ppssupport-itgllbh7.inc.hp.com/us-en/products"  	[MsgId: MMSG-26659]
TopicPages.c(161): Redirecting "https://ppssupport-itgllbh7.inc.hp.com/wps/portal/pps/Home/product-home/!ut/p/z1/04_Sj9CPykssy0xPLMnMz0vMAfIjo8zifRw9Ddw9TAy8LYL9LAwcvc39w_wtnY0NDEz0w8EKnN0dPUzMfQwM3ANNnAw8zX39vV2DLIwNPM30o4jRb4ADOBoQpx-Pgij8xofrR4GV4PMBITMKckNDIwwyHQHSQWSH/hp/js/qualtricsLoader.js" (redirection depth is 0)  	[MsgId: MMSG-26694]
TopicPages.c(161): To location "https://ppssupport-itgllbh7.inc.hp.com/wps/contenthandler/pps/!ut/p/digest!3JKaotSk_gMd0aUfF0xN-w/war/hp-portal-theme-static/themes/Portal8.0/hp/js/qualtricsLoader.js"  	[MsgId: MMSG-26693]
TopicPages.c(161): Error -27721: Step download timeout (120 seconds) has expired when downloading resource "https://cdn.optimizely.com/js/19679392014.js". Set the "Step Timeout caused by resources is a warning" Runtime Setting to Yes/No to have this message as a warning/error, respectively  	[MsgId: MERR-27721]
End auto log messages stack.	[MsgId: MMSG-10544]


Start auto log messages stack - Iteration 14.	[MsgId: MMSG-10545]
TopicPages.c(383): web_add_auto_header("Sec-Fetch-Site") was successful  	[MsgId: MMSG-26392]
TopicPages.c(386): Notify: Transaction "TopicLandingAudio_New_api_videoDetails" started.	[MsgId: MMSG-16999]
TopicPages.c(388): web_url("us-en_2") started  	[MsgId: MMSG-26355]
TopicPages.c(388): web_url("us-en_2") was successful, 781 body bytes, 511 header bytes  	[MsgId: MMSG-26386]
TopicPages.c(398): Notify: Transaction "TopicLandingAudio_New_api_videoDetails" ended with a "Pass" status (Duration: 0.1810 Wasted Time: 0.0000).	[MsgId: MMSG-16871]
TopicPages.c(400): web_add_auto_header("User-Agent") started  	[MsgId: MMSG-26355]
TopicPages.c(400): web_add_auto_header("User-Agent") was successful  	[MsgId: MMSG-26392]
TopicPages.c(401): Notify: Transaction "TopicLandingAudio_New_doc_seo" started.	[MsgId: MMSG-16999]
TopicPages.c(402): web_url("us-en") started  	[MsgId: MMSG-26355]
TopicPages.c(402): Error -26610: HTTP Status-Code=502 (Bad Gateway) for "https://ppssupport-itgllbh7.inc.hp.com/us-en/topic/audio"  	[MsgId: MERR-26610]
End auto log messages stack.	[MsgId: MMSG-10544]


Start auto log messages stack - Iteration 26.	[MsgId: MMSG-10545]
Start auto log messages stack - Iteration 24.	[MsgId: MMSG-10545]
TopicPages.c(547): web_add_auto_header("Sec-Fetch-Mode") started  	[MsgId: MMSG-26355]
TopicPages.c(547): web_add_auto_header("Sec-Fetch-Mode") was successful  	[MsgId: MMSG-26392]
TopicPages.c(550): web_add_auto_header("Sec-Fetch-Site") started  	[MsgId: MMSG-26355]
TopicPages.c(550): web_add_auto_header("Sec-Fetch-Site") was successful  	[MsgId: MMSG-26392]
HPACCOUNT.c(13): web_add_auto_header("Sec-Fetch-Dest") was successful  	[MsgId: MMSG-26392]
TopicPages.c(553): Notify: Transaction "TopicLandingWifi_New_api_region" started.	[MsgId: MMSG-16999]
HPACCOUNT.c(16): web_add_header("Sec-Fetch-User") started  	[MsgId: MMSG-26355]
TopicPages.c(555): web_url("region_2") started  	[MsgId: MMSG-26355]
HPACCOUNT.c(16): web_add_header("Sec-Fetch-User") was successful  	[MsgId: MMSG-26392]
TopicPages.c(555): Notify: Transaction "TopicLandingWifi_New_api_region" ended with a "Stop" status (Duration: 0.0827).	[MsgId: MMSG-16873]
HPACCOUNT.c(19): web_add_header("Upgrade-Insecure-Requests") started  	[MsgId: MMSG-26355]
HPACCOUNT.c(19): web_add_header("Upgrade-Insecure-Requests") was successful  	[MsgId: MMSG-26392]
HPACCOUNT.c(24): web_url("hp-account") started  	[MsgId: MMSG-26355]
HPACCOUNT.c(24): Notify: Transaction "AEM_HpAccount" ended with a "Stop" status (Duration: 0.2636).	[MsgId: MMSG-16873]
Abort was called from an action.	[MsgId: MMSG-10447]
Ending Vuser...	[MsgId: MMSG-15966]
Starting action vuser_end.	[MsgId: MMSG-15919]
Ending action vuser_end.	[MsgId: MMSG-15918]
Vuser Terminated.	[MsgId: MMSG-15963]
TopicPages.c(555): Error -27760: Request "https://ppssupport-itgllbh7.inc.hp.com/wcc-services/ssc/region" failed  	[MsgId: MERR-27760]
Abort was called from an action.	[MsgId: MMSG-10447]
Ending Vuser...	[MsgId: MMSG-15966]
Starting action vuser_end.	[MsgId: MMSG-15919]
Ending action vuser_end.	[MsgId: MMSG-15918]
Vuser Terminated.	[MsgId: MMSG-15963]
HPACCOUNT.c(24): Error -27760: Request "https://ppssupport-itgllbh7.inc.hp.com/us-en/help/hp-account" failed  	[MsgId: MERR-27760]
