Start auto log messages stack - Iteration 17.	[MsgId: MMSG-10545]
Start auto log messages stack - Iteration 17.	[MsgId: MMSG-10545]
Start auto log messages stack - Iteration 16.	[MsgId: MMSG-10545]
Start auto log messages stack - Iteration 16.	[MsgId: MMSG-10545]
Start auto log messages stack - Iteration 15.	[MsgId: MMSG-10545]
TopicPages.c(621): web_url("us-en_3") was successful, 586 body bytes, 511 header bytes  	[MsgId: MMSG-26386]
HPACCOUNT.c(13): web_add_auto_header("Sec-Fetch-Dest") was successful  	[MsgId: MMSG-26392]
TopicPages.c(175): Resource "https://cdnjs.cloudflare.com/ajax/libs/prism/1.15.0/themes/prism.css" is in the cache already and will not be downloaded again  	[MsgId: MMSG-26655]
TopicPages.c(630): Notify: Transaction "TopicLandingWifi_New_api_videoDetails" ended with a "Pass" status (Duration: 0.1951 Wasted Time: 0.0000).	[MsgId: MMSG-16871]
AEMMicrositesPages.c(448): web_add_header("Sec-Fetch-User") started  	[MsgId: MMSG-26355]
TopicPages.c(606): Notify: Transaction "TopicLandingWifi_New_api_wcc_pfinder_common" started.	[MsgId: MMSG-16999]
HPACCOUNT.c(16): web_add_header("Sec-Fetch-User") started  	[MsgId: MMSG-26355]
TopicPages.c(175): Resource "https://netdna.bootstrapcdn.com/font-awesome/4.1.0/css/font-awesome.min.css" is in the cache already and will not be downloaded again  	[MsgId: MMSG-26655]
AEMMicrositesPages.c(448): web_add_header("Sec-Fetch-User") was successful  	[MsgId: MMSG-26392]
TopicPages.c(633): web_add_auto_header("User-Agent") started  	[MsgId: MMSG-26355]
TopicPages.c(608): web_url("wcc_pfinder_common_3") started  	[MsgId: MMSG-26355]
HPACCOUNT.c(16): web_add_header("Sec-Fetch-User") was successful  	[MsgId: MMSG-26392]
AEMMicrositesPages.c(451): web_add_header("Upgrade-Insecure-Requests") started  	[MsgId: MMSG-26355]
TopicPages.c(608): web_url("wcc_pfinder_common_3") was successful, 918 body bytes, 511 header bytes  	[MsgId: MMSG-26386]
TopicPages.c(633): web_add_auto_header("User-Agent") was successful  	[MsgId: MMSG-26392]
TopicPages.c(175): Resource "https://ppssupport-itgllbh7.inc.hp.com/wcc-assets/styles.110de48b335bcccf7099.css" is in the cache already and will not be downloaded again  	[MsgId: MMSG-26655]
HPACCOUNT.c(19): web_add_header("Upgrade-Insecure-Requests") started  	[MsgId: MMSG-26355]
AEMMicrositesPages.c(451): web_add_header("Upgrade-Insecure-Requests") was successful  	[MsgId: MMSG-26392]
TopicPages.c(634): Notify: Transaction "TopicLandingWifi_New_doc_seo" started.	[MsgId: MMSG-16999]
TopicPages.c(617): Notify: Transaction "TopicLandingWifi_New_api_wcc_pfinder_common" ended with a "Pass" status (Duration: 0.1914 Wasted Time: 0.0000).	[MsgId: MMSG-16871]
TopicPages.c(175): Notify: Transaction "TopicLanding_New_doc_seo" ended with a "Stop" status (Duration: 3.4419).	[MsgId: MMSG-16873]
HPACCOUNT.c(19): web_add_header("Upgrade-Insecure-Requests") was successful  	[MsgId: MMSG-26392]
TopicPages.c(635): web_url("us-en") started  	[MsgId: MMSG-26355]
TopicPages.c(619): Notify: Transaction "TopicLandingWifi_New_api_videoDetails" started.	[MsgId: MMSG-16999]
AEMMicrositesPages.c(454): web_url("printscandoctor") started  	[MsgId: MMSG-26355]
HPACCOUNT.c(24): web_url("hp-account") started  	[MsgId: MMSG-26355]
TopicPages.c(621): web_url("us-en_3") started  	[MsgId: MMSG-26355]
TopicPages.c(635): Notify: Transaction "TopicLandingWifi_New_doc_seo" ended with a "Stop" status (Duration: 0.1852).	[MsgId: MMSG-16873]
AEMMicrositesPages.c(454): Notify: Transaction "AEM_PrintScanDoctor" ended with a "Stop" status (Duration: 0.0297).	[MsgId: MMSG-16873]
HPACCOUNT.c(24): Notify: Transaction "AEM_HpAccount" ended with a "Stop" status (Duration: 0.0369).	[MsgId: MMSG-16873]
Abort was called from an action.	[MsgId: MMSG-10447]
TopicPages.c(635): Notify: Transaction "Wifi" ended with a "Stop" status (Duration: 2.5360 Wasted Time: 0.0000).	[MsgId: MMSG-16871]
TopicPages.c(621): Notify: Transaction "TopicLandingWifi_New_api_videoDetails" ended with a "Stop" status (Duration: 0.1227).	[MsgId: MMSG-16873]
TopicPages.c(175): Notify: Transaction "TopicLangingPage" ended with a "Stop" status (Duration: 6.8103 Wasted Time: 0.0014).	[MsgId: MMSG-16871]
Abort was called from an action.	[MsgId: MMSG-10447]
Ending Vuser...	[MsgId: MMSG-15966]
TopicPages.c(621): Notify: Transaction "Wifi" ended with a "Stop" status (Duration: 2.2498 Wasted Time: 0.0000).	[MsgId: MMSG-16871]
Abort was called from an action.	[MsgId: MMSG-10447]
Ending Vuser...	[MsgId: MMSG-15966]
Starting action vuser_end.	[MsgId: MMSG-15919]
Abort was called from an action.	[MsgId: MMSG-10447]
Starting action vuser_end.	[MsgId: MMSG-15919]
Ending Vuser...	[MsgId: MMSG-15966]
Ending Vuser...	[MsgId: MMSG-15966]
Ending action vuser_end.	[MsgId: MMSG-15918]
Ending action vuser_end.	[MsgId: MMSG-15918]
Starting action vuser_end.	[MsgId: MMSG-15919]
Starting action vuser_end.	[MsgId: MMSG-15919]
Vuser Terminated.	[MsgId: MMSG-15963]
Vuser Terminated.	[MsgId: MMSG-15963]
Abort was called from an action.	[MsgId: MMSG-10447]
Ending action vuser_end.	[MsgId: MMSG-15918]
Ending action vuser_end.	[MsgId: MMSG-15918]
Ending Vuser...	[MsgId: MMSG-15966]
AEMMicrositesPages.c(454): Error -27760: Request "https://ppssupport-itgllbh7.inc.hp.com/us-en/help/printscandoctor" failed  	[MsgId: MERR-27760]
TopicPages.c(635): Error -27760: Request "https://ppssupport-itgllbh7.inc.hp.com/us-en/topic/wireless-printing" failed  	[MsgId: MERR-27760]
Starting action vuser_end.	[MsgId: MMSG-15919]
Vuser Terminated.	[MsgId: MMSG-15963]
Vuser Terminated.	[MsgId: MMSG-15963]
Ending action vuser_end.	[MsgId: MMSG-15918]
TopicPages.c(175): Error -27760: Request "https://ppssupport-itgllbh7.inc.hp.com/us-en/topic" failed  	[MsgId: MERR-27760]
TopicPages.c(621): Error -27760: Request "https://ppssupport-itgllbh7.inc.hp.com/wcc-services/content/videoDetails/us-en?videoIds=CID4403597156001,CID874fd177-baaa-4d02-ac2c-2faf3e9372b6,CID1245172379001&udpFlag=true" failed  	[MsgId: MERR-27760]
Vuser Terminated.	[MsgId: MMSG-15963]
HPACCOUNT.c(24): Error -27760: Request "https://ppssupport-itgllbh7.inc.hp.com/us-en/help/hp-account" failed  	[MsgId: MERR-27760]
