Start auto log messages stack - Iteration 2.	[MsgId: MMSG-10545]
Start auto log messages stack - Iteration 3.	[MsgId: MMSG-10545]
Start auto log messages stack - Iteration 1.	[MsgId: MMSG-10545]
Start auto log messages stack - Iteration 2.	[MsgId: MMSG-10545]
Start auto log messages stack - Iteration 3.	[MsgId: MMSG-10545]
TopicPages.c(635): Resource "https://ppssupport-itgllbh7.inc.hp.com/wcc-assets/styles.110de48b335bcccf7099.css" is in the cache already and will not be downloaded again  	[MsgId: MMSG-26655]
TopicPages.c(635): Resource "https://ppssupport-itgllbh7.inc.hp.com/wps/wcm/connect/pps/97c5a5d7-9ad8-48d0-b493-7be73d9952ef/smartcontent_solution.css?MOD=AJPERES&CACHE=NONE" is in the cache already and will not be downloaded again  	[MsgId: MMSG-26655]
AEMMicrositesPages.c(661): Resource "https://ppssupport-itgllbh7.inc.hp.com/wps/wcm/connect/pps/d85f669e-be96-4d74-9cc3-524dda884d82/Scanners-FaxMachines.png?MOD=AJPERES" is in the cache already and will not be downloaded again  	[MsgId: MMSG-26655]
AEMMicrositesPages.c(414): To location "https://ppssupport-itgllbh7.inc.hp.com/wps/contenthandler/pps/!ut/p/digest!3JKaotSk_gMd0aUfF0xN-w/war/hp-portal-theme-static/themes/Portal8.0/hp/js/qualtricsLoader.js"  	[MsgId: MMSG-26693]
AEMMicrositesPages.c(408): web_add_auto_header("Sec-Fetch-Dest") started  	[MsgId: MMSG-26355]
TopicPages.c(555): web_url("region_2") was successful, 749 body bytes, 511 header bytes  	[MsgId: MMSG-26386]
TopicPages.c(635): Notify: Transaction "TopicLandingWifi_New_doc_seo" ended with a "Stop" status (Duration: 0.4450).	[MsgId: MMSG-16873]
AEMMicrositesPages.c(414): Resource "https://ppssupport-itgllbh7.inc.hp.com/wps/contenthandler/pps/!ut/p/digest!3JKaotSk_gMd0aUfF0xN-w/war/hp-portal-theme-static/themes/Portal8.0/hp/js/qualtricsLoader.js" is in the cache already and will not be downloaded again  	[MsgId: MMSG-26655]
TopicPages.c(635): Notify: Transaction "Wifi" ended with a "Stop" status (Duration: 2.8625 Wasted Time: 0.0000).	[MsgId: MMSG-16871]
AEMMicrositesPages.c(661): Resource "https://ppssupport-itgllbh7.inc.hp.com/wps/wcm/connect/pps/cdcac0df-2174-47bf-82e1-4e7fec369c4f/Monitors.png?MOD=AJPERES" is in the cache already and will not be downloaded again  	[MsgId: MMSG-26655]
AEMMicrositesPages.c(408): web_add_auto_header("Sec-Fetch-Dest") was successful  	[MsgId: MMSG-26392]
AEMMicrositesPages.c(414): Notify: Transaction "AEM_windows-10-support-center-printing" ended with a "Stop" status (Duration: 1.0095 Wasted Time: 0.0000).	[MsgId: MMSG-16871]
TopicPages.c(565): Notify: Transaction "TopicLandingWifi_New_api_region" ended with a "Pass" status (Duration: 0.1882 Wasted Time: 0.0000).	[MsgId: MMSG-16871]
AEMMicrositesPages.c(411): web_add_header("X-Requested-With") started  	[MsgId: MMSG-26355]
AEMMicrositesPages.c(661): Notify: Transaction "AEM_PrintingProblems" ended with a "Stop" status (Duration: 0.9926 Wasted Time: 0.0000).	[MsgId: MMSG-16871]
TopicPages.c(567): web_add_auto_header("Origin") started  	[MsgId: MMSG-26355]
AEMMicrositesPages.c(411): web_add_header("X-Requested-With") was successful  	[MsgId: MMSG-26392]
Abort was called from an action.	[MsgId: MMSG-10447]
Ending Vuser...	[MsgId: MMSG-15966]
Starting action vuser_end.	[MsgId: MMSG-15919]
AEMMicrositesPages.c(414): web_url("products_4") started  	[MsgId: MMSG-26355]
Ending action vuser_end.	[MsgId: MMSG-15918]
TopicPages.c(567): web_add_auto_header("Origin") was successful  	[MsgId: MMSG-26392]
Vuser Terminated.	[MsgId: MMSG-15963]
Abort was called from an action.	[MsgId: MMSG-10447]
TopicPages.c(635): Error -27760: Request "https://ppssupport-itgllbh7.inc.hp.com/us-en/topic/wireless-printing" failed  	[MsgId: MERR-27760]
Ending Vuser...	[MsgId: MMSG-15966]
Starting action vuser_end.	[MsgId: MMSG-15919]
AEMMicrositesPages.c(414): Notify: Transaction "AEM_windows-10-support-center-printing" ended with a "Stop" status (Duration: 0.9883 Wasted Time: 0.0000).	[MsgId: MMSG-16871]
TopicPages.c(570): Notify: Transaction "TopicLandingWifi_New_api_href" started.	[MsgId: MMSG-16999]
Ending action vuser_end.	[MsgId: MMSG-15918]
Abort was called from an action.	[MsgId: MMSG-10447]
Vuser Terminated.	[MsgId: MMSG-15963]
TopicPages.c(573): web_custom_request("href_3") started  	[MsgId: MMSG-26355]
AEMMicrositesPages.c(414): Error -27760: Request "https://ppssupport-itgllbh7.inc.hp.com/us-en/products" failed  	[MsgId: MERR-27760]
Ending Vuser...	[MsgId: MMSG-15966]
Starting action vuser_end.	[MsgId: MMSG-15919]
Ending action vuser_end.	[MsgId: MMSG-15918]
TopicPages.c(573): Notify: Transaction "TopicLandingWifi_New_api_href" ended with a "Stop" status (Duration: 0.1655).	[MsgId: MMSG-16873]
Vuser Terminated.	[MsgId: MMSG-15963]
AEMMicrositesPages.c(661): Error -27760: Request "https://ppssupport-itgllbh7.inc.hp.com/us-en/products" failed  	[MsgId: MERR-27760]
Abort was called from an action.	[MsgId: MMSG-10447]
TopicPages.c(573): Notify: Transaction "Wifi" ended with a "Stop" status (Duration: 1.8109 Wasted Time: 0.0000).	[MsgId: MMSG-16871]
Ending Vuser...	[MsgId: MMSG-15966]
Abort was called from an action.	[MsgId: MMSG-10447]
Starting action vuser_end.	[MsgId: MMSG-15919]
Ending Vuser...	[MsgId: MMSG-15966]
Ending action vuser_end.	[MsgId: MMSG-15918]
Starting action vuser_end.	[MsgId: MMSG-15919]
Vuser Terminated.	[MsgId: MMSG-15963]
Ending action vuser_end.	[MsgId: MMSG-15918]
AEMMicrositesPages.c(414): Error -27760: Request "https://ppssupport-itgllbh7.inc.hp.com/us-en/products" failed  	[MsgId: MERR-27760]
Vuser Terminated.	[MsgId: MMSG-15963]
TopicPages.c(573): Error -27760: Request "https://ppssupport-itgllbh7.inc.hp.com/wcc-services/sitemap/href" failed  	[MsgId: MERR-27760]
End auto log messages stack.	[MsgId: MMSG-10544]


