Start auto log messages stack - Iteration 9.	[MsgId: MMSG-10545]
TopicPages.c(411): web_remove_auto_header("User-Agent") started  	[MsgId: MMSG-26355]
TopicPages.c(411): Previous automatically added web header for "User-Agent" removed  	[MsgId: MMSG-26587]
TopicPages.c(411): web_remove/revert_auto_header("User-Agent") was successful  	[MsgId: MMSG-26392]
Start auto log messages stack - Iteration 10.	[MsgId: MMSG-10545]
TopicPages.c(413): Notify: Transaction "Audio" ended with a "Pass" status (Duration: 5.8685 Wasted Time: 0.0000).	[MsgId: MMSG-16871]
TopicPages.c(416): Notify: Transaction "Wifi" started.	[MsgId: MMSG-16999]
TopicPages.c(418): Notify: Transaction "TopicLandingWifi_New_doc" started.	[MsgId: MMSG-16999]
TopicPages.c(420): web_url("wireless-printing") started  	[MsgId: MMSG-26355]
AEMMicrositesPages.c(804): Notify: Transaction "AEM_ScaningProblems" ended with a "Pass" status (Duration: 7.9880 Wasted Time: 0.0000).	[MsgId: MMSG-16871]
Ending action AEMMicrositesPages.	[MsgId: MMSG-15918]
Starting action TopicPages.	[MsgId: MMSG-15919]
TopicPages.c(3): web_set_sockets_option started  	[MsgId: MMSG-26355]
TopicPages.c(3): web_set_sockets_option was successful  	[MsgId: MMSG-26392]
TopicPages.c(4): Notify: Transaction "TopicLangingPage" started.	[MsgId: MMSG-16999]
TopicPages.c(6): Notify: Transaction "TopicLanding_New_doc" started.	[MsgId: MMSG-16999]
TopicPages.c(8): web_url("topic") started  	[MsgId: MMSG-26355]
TopicPages.c(420): Notify: Transaction "TopicLandingWifi_New_doc" ended with a "Stop" status (Duration: 0.0808).	[MsgId: MMSG-16873]
TopicPages.c(420): Notify: Transaction "Wifi" ended with a "Stop" status (Duration: 0.0808).	[MsgId: MMSG-16873]
Abort was called from an action.	[MsgId: MMSG-10447]
Ending Vuser...	[MsgId: MMSG-15966]
Starting action vuser_end.	[MsgId: MMSG-15919]
Ending action vuser_end.	[MsgId: MMSG-15918]
TopicPages.c(8): Notify: Transaction "TopicLanding_New_doc" ended with a "Stop" status (Duration: 0.0004).	[MsgId: MMSG-16873]
Vuser Terminated.	[MsgId: MMSG-15963]
TopicPages.c(8): Notify: Transaction "TopicLangingPage" ended with a "Stop" status (Duration: 0.0004).	[MsgId: MMSG-16873]
TopicPages.c(420): Error -27760: Request "https://ppssupport-itgllbh7.inc.hp.com/us-en/topic/wireless-printing" failed  	[MsgId: MERR-27760]
Abort was called from an action.	[MsgId: MMSG-10447]
Ending Vuser...	[MsgId: MMSG-15966]
Starting action vuser_end.	[MsgId: MMSG-15919]
Ending action vuser_end.	[MsgId: MMSG-15918]
Vuser Terminated.	[MsgId: MMSG-15963]
TopicPages.c(8): Error -27760: Request "https://ppssupport-itgllbh7.inc.hp.com/us-en/topic" failed  	[MsgId: MERR-27760]
