TopicPages.c(175): Error -26610: HTTP Status-Code=502 (Bad Gateway) for "https://ppssupport-itgllbh7.inc.hp.com/us-en/topic"  	[MsgId: MERR-26610]
TopicPages.c(175): Error -26610: HTTP Status-Code=502 (Bad Gateway) for "https://ppssupport-itgllbh7.inc.hp.com/us-en/topic"  	[MsgId: MERR-26610]
TopicPages.c(635): Error -26610: HTTP Status-Code=502 (Bad Gateway) for "https://ppssupport-itgllbh7.inc.hp.com/us-en/topic/wireless-printing"  	[MsgId: MERR-26610]
TopicPages.c(635): Error -26610: HTTP Status-Code=502 (Bad Gateway) for "https://ppssupport-itgllbh7.inc.hp.com/us-en/topic/wireless-printing"  	[MsgId: MERR-26610]
TopicPages.c(161): Error -26608: HTTP Status-Code=504 (Gateway Timeout) for "https://ppssupport-itgllbh7.inc.hp.com/us-en/products"  	[MsgId: MERR-26608]
TopicPages.c(402): Error -26608: HTTP Status-Code=504 (Gateway Timeout) for "https://ppssupport-itgllbh7.inc.hp.com/us-en/topic/audio"  	[MsgId: MERR-26608]
TopicPages.c(195): Error -26608: HTTP Status-Code=504 (Gateway Timeout) for "https://ppssupport-itgllbh7.inc.hp.com/us-en/topic/audio"  	[MsgId: MERR-26608]
TopicPages.c(402): Error -26608: HTTP Status-Code=504 (Gateway Timeout) for "https://ppssupport-itgllbh7.inc.hp.com/us-en/topic/audio"  	[MsgId: MERR-26608]
TopicPages.c(635): Error -26608: HTTP Status-Code=504 (Gateway Timeout) for "https://ppssupport-itgllbh7.inc.hp.com/us-en/topic/wireless-printing"  	[MsgId: MERR-26608]
TopicPages.c(635): Error -27645: Step download timeout (120 seconds) has expired when only cross-step downloads (0) were active  	[MsgId: MERR-27645]
TopicPages.c(175): Error -27645: Step download timeout (120 seconds) has expired when only cross-step downloads (0) were active  	[MsgId: MERR-27645]
TopicPages.c(122): Error -26608: HTTP Status-Code=504 (Gateway Timeout) for "https://ppssupport-itgllbh7.inc.hp.com/wcc-assets/data/country-selector.json"  	[MsgId: MERR-26608]
TopicPages.c(175): Error -26608: HTTP Status-Code=504 (Gateway Timeout) for "https://ppssupport-itgllbh7.inc.hp.com/us-en/topic"  	[MsgId: MERR-26608]
TopicPages.c(402): Error -27645: Step download timeout (120 seconds) has expired when only cross-step downloads (0) were active  	[MsgId: MERR-27645]
TopicPages.c(402): Error -27645: Step download timeout (120 seconds) has expired when only cross-step downloads (0) were active  	[MsgId: MERR-27645]
TopicPages.c(175): Error -26608: HTTP Status-Code=504 (Gateway Timeout) for "https://ppssupport-itgllbh7.inc.hp.com/us-en/topic"  	[MsgId: MERR-26608]
TopicPages.c(402): Error -26608: HTTP Status-Code=504 (Gateway Timeout) for "https://ppssupport-itgllbh7.inc.hp.com/us-en/topic/audio"  	[MsgId: MERR-26608]
TopicPages.c(635): Error -27760: Request "https://ppssupport-itgllbh7.inc.hp.com/us-en/topic/wireless-printing" failed  	[MsgId: MERR-27760]
TopicPages.c(175): Error -27760: Request "https://ppssupport-itgllbh7.inc.hp.com/us-en/topic" failed  	[MsgId: MERR-27760]
TopicPages.c(402): Error -27760: Request "https://ppssupport-itgllbh7.inc.hp.com/us-en/topic/audio" failed  	[MsgId: MERR-27760]
TopicPages.c(402): Error -27760: Request "https://ppssupport-itgllbh7.inc.hp.com/us-en/topic/audio" failed  	[MsgId: MERR-27760]
TopicPages.c(635): Error -27760: Request "https://ppssupport-itgllbh7.inc.hp.com/us-en/topic/wireless-printing" failed  	[MsgId: MERR-27760]
TopicPages.c(175): Error -27760: Request "https://ppssupport-itgllbh7.inc.hp.com/us-en/topic" failed  	[MsgId: MERR-27760]
TopicPages.c(175): Error -27760: Request "https://ppssupport-itgllbh7.inc.hp.com/us-en/topic" failed  	[MsgId: MERR-27760]
TopicPages.c(175): Error -27760: Request "https://ppssupport-itgllbh7.inc.hp.com/us-en/topic" failed  	[MsgId: MERR-27760]
TopicPages.c(635): Error -27760: Request "https://ppssupport-itgllbh7.inc.hp.com/us-en/topic/wireless-printing" failed  	[MsgId: MERR-27760]
TopicPages.c(402): Error -27760: Request "https://ppssupport-itgllbh7.inc.hp.com/us-en/topic/audio" failed  	[MsgId: MERR-27760]
TopicPages.c(402): Error -27760: Request "https://ppssupport-itgllbh7.inc.hp.com/us-en/topic/audio" failed  	[MsgId: MERR-27760]
