Start auto log messages stack - Iteration 2.	[MsgId: MMSG-10545]
Start auto log messages stack - Iteration 1.	[MsgId: MMSG-10545]
Start auto log messages stack - Iteration 4.	[MsgId: MMSG-10545]
Start auto log messages stack - Iteration 4.	[MsgId: MMSG-10545]
Start auto log messages stack - Iteration 1.	[MsgId: MMSG-10545]
TopicPages.c(388): web_url("us-en_2") started  	[MsgId: MMSG-26355]
TopicPages.c(570): Notify: Transaction "TopicLandingWifi_New_api_href" started.	[MsgId: MMSG-16999]
TopicPages.c(183): Notify: Transaction "TopicLanding_New_doc_seo" ended with a "Pass" status (Duration: 0.6502 Wasted Time: 0.0000).	[MsgId: MMSG-16871]
HPACCOUNT.c(57): web_add_auto_header("Sec-Fetch-Mode") was successful  	[MsgId: MMSG-26392]
TopicPages.c(388): web_url("us-en_2") was successful, 781 body bytes, 511 header bytes  	[MsgId: MMSG-26386]
TopicPages.c(573): web_custom_request("href_3") started  	[MsgId: MMSG-26355]
TopicPages.c(184): web_remove_auto_header("User-Agent") started  	[MsgId: MMSG-26355]
TopicPages.c(470): Notify: Transaction "TopicLandingWifi_New_products" ended with a "Pass" status (Duration: 0.2058 Wasted Time: 0.0000).	[MsgId: MMSG-16871]
HPACCOUNT.c(60): web_add_auto_header("Sec-Fetch-Dest") started  	[MsgId: MMSG-26355]
TopicPages.c(573): web_custom_request("href_3") was successful, 348 body bytes, 511 header bytes  	[MsgId: MMSG-26386]
TopicPages.c(398): Notify: Transaction "TopicLandingAudio_New_api_videoDetails" ended with a "Pass" status (Duration: 0.1891 Wasted Time: 0.0000).	[MsgId: MMSG-16871]
TopicPages.c(184): Previous automatically added web header for "User-Agent" removed  	[MsgId: MMSG-26587]
HPACCOUNT.c(60): web_add_auto_header("Sec-Fetch-Dest") was successful  	[MsgId: MMSG-26392]
TopicPages.c(400): web_add_auto_header("User-Agent") started  	[MsgId: MMSG-26355]
TopicPages.c(585): Notify: Transaction "TopicLandingWifi_New_api_href" ended with a "Pass" status (Duration: 0.1877 Wasted Time: 0.0000).	[MsgId: MMSG-16871]
TopicPages.c(472): Notify: Transaction "TopicLandingWifi_New_api_ssc_global" started.	[MsgId: MMSG-16999]
TopicPages.c(184): web_remove/revert_auto_header("User-Agent") was successful  	[MsgId: MMSG-26392]
TopicPages.c(400): web_add_auto_header("User-Agent") was successful  	[MsgId: MMSG-26392]
TopicPages.c(587): Notify: Transaction "TopicLandingWifi_New_api_solution-topics-wireless-printing" started.	[MsgId: MMSG-16999]
HPACCOUNT.c(63): web_add_header("X-Requested-With") started  	[MsgId: MMSG-26355]
TopicPages.c(475): web_url("global_3") started  	[MsgId: MMSG-26355]
TopicPages.c(193): Notify: Transaction "TopicLandingAudio_New_doc" started.	[MsgId: MMSG-16999]
TopicPages.c(401): Notify: Transaction "TopicLandingAudio_New_doc_seo" started.	[MsgId: MMSG-16999]
TopicPages.c(589): web_custom_request("wireless-printing_2") started  	[MsgId: MMSG-26355]
HPACCOUNT.c(63): web_add_header("X-Requested-With") was successful  	[MsgId: MMSG-26392]
TopicPages.c(195): web_url("audio") started  	[MsgId: MMSG-26355]
TopicPages.c(402): web_url("us-en") started  	[MsgId: MMSG-26355]
TopicPages.c(475): web_url("global_3") was successful, 156 body bytes, 511 header bytes  	[MsgId: MMSG-26386]
HPACCOUNT.c(66): web_url("en_7") started  	[MsgId: MMSG-26355]
TopicPages.c(195): Notify: Transaction "TopicLandingAudio_New_doc" ended with a "Stop" status (Duration: 0.1337).	[MsgId: MMSG-16873]
TopicPages.c(485): Notify: Transaction "TopicLandingWifi_New_api_ssc_global" ended with a "Pass" status (Duration: 0.1990 Wasted Time: 0.0000).	[MsgId: MMSG-16871]
HPACCOUNT.c(66): Notify: Transaction "AEM_HpAccount" ended with a "Stop" status (Duration: 1.1360 Wasted Time: 0.0000).	[MsgId: MMSG-16871]
TopicPages.c(487): Notify: Transaction "TopicLandingWifi_New_api_ssc_topicPage" started.	[MsgId: MMSG-16999]
TopicPages.c(589): Notify: Transaction "TopicLandingWifi_New_api_solution-topics-wireless-printing" ended with a "Stop" status (Duration: 0.0832).	[MsgId: MMSG-16873]
Abort was called from an action.	[MsgId: MMSG-10447]
Ending Vuser...	[MsgId: MMSG-15966]
TopicPages.c(402): Notify: Transaction "TopicLandingAudio_New_doc_seo" ended with a "Stop" status (Duration: 0.2566).	[MsgId: MMSG-16873]
Abort was called from an action.	[MsgId: MMSG-10447]
Starting action vuser_end.	[MsgId: MMSG-15919]
Abort was called from an action.	[MsgId: MMSG-10447]
Ending Vuser...	[MsgId: MMSG-15966]
Ending action vuser_end.	[MsgId: MMSG-15918]
Ending Vuser...	[MsgId: MMSG-15966]
Vuser Terminated.	[MsgId: MMSG-15963]
Starting action vuser_end.	[MsgId: MMSG-15919]
Starting action vuser_end.	[MsgId: MMSG-15919]
Abort was called from an action.	[MsgId: MMSG-10447]
TopicPages.c(589): Error -27760: Request "https://ppssupport-itgllbh7.inc.hp.com/wcc-services/solution/topics/wireless-printing" failed  	[MsgId: MERR-27760]
TopicPages.c(489): web_url("topicPage_3") started  	[MsgId: MMSG-26355]
Ending action vuser_end.	[MsgId: MMSG-15918]
Ending Vuser...	[MsgId: MMSG-15966]
Ending action vuser_end.	[MsgId: MMSG-15918]
Vuser Terminated.	[MsgId: MMSG-15963]
Starting action vuser_end.	[MsgId: MMSG-15919]
TopicPages.c(489): Notify: Transaction "TopicLandingWifi_New_api_ssc_topicPage" ended with a "Stop" status (Duration: 0.1502).	[MsgId: MMSG-16873]
Vuser Terminated.	[MsgId: MMSG-15963]
TopicPages.c(402): Error -27760: Request "https://ppssupport-itgllbh7.inc.hp.com/us-en/topic/audio" failed  	[MsgId: MERR-27760]
Ending action vuser_end.	[MsgId: MMSG-15918]
Abort was called from an action.	[MsgId: MMSG-10447]
TopicPages.c(195): Error -27760: Request "https://ppssupport-itgllbh7.inc.hp.com/us-en/topic/audio" failed  	[MsgId: MERR-27760]
Vuser Terminated.	[MsgId: MMSG-15963]
Ending Vuser...	[MsgId: MMSG-15966]
HPACCOUNT.c(66): Error -27760: Request "https://ppssupport-itgllbh7.inc.hp.com/hp-pps-services/videos/playlist/NaN/cc/us/lc/en" failed  	[MsgId: MERR-27760]
Starting action vuser_end.	[MsgId: MMSG-15919]
Ending action vuser_end.	[MsgId: MMSG-15918]
Vuser Terminated.	[MsgId: MMSG-15963]
TopicPages.c(489): Error -27760: Request "https://ppssupport-itgllbh7.inc.hp.com/wcc-services/ssc/config/us-en/topicPage" failed  	[MsgId: MERR-27760]
