TopicPages.c(635): Error -26610: HTTP Status-Code=502 (Bad Gateway) for "https://ppssupport-itgllbh7.inc.hp.com/us-en/topic/wireless-printing"  	[MsgId: MERR-26610]
TopicPages.c(635): Error -26610: HTTP Status-Code=502 (Bad Gateway) for "https://ppssupport-itgllbh7.inc.hp.com/us-en/topic/wireless-printing"  	[MsgId: MERR-26610]
TopicPages.c(175): Error -26610: HTTP Status-Code=502 (Bad Gateway) for "https://ppssupport-itgllbh7.inc.hp.com/us-en/topic"  	[MsgId: MERR-26610]
TopicPages.c(213): Error -27760: Request "https://csxd.contentsquare.net/uxa/xdframe-single-domain-1.1.0.html?pid=1255&cookieNames=_cs_id,_cs_s,_cs_cvars,_cs_ex" failed  	[MsgId: MERR-27760]
TopicPages.c(438): Error -27760: Request "https://csxd.contentsquare.net/uxa/xdframe-single-domain-1.1.0.html?pid=1255&cookieNames=_cs_id,_cs_s,_cs_cvars,_cs_ex" failed  	[MsgId: MERR-27760]
TopicPages.c(213): Error -27760: Request "https://csxd.contentsquare.net/uxa/xdframe-single-domain-1.1.0.html?pid=1255&cookieNames=_cs_id,_cs_s,_cs_cvars,_cs_ex" failed  	[MsgId: MERR-27760]
TopicPages.c(213): Error -27760: Request "https://csxd.contentsquare.net/uxa/xdframe-single-domain-1.1.0.html?pid=1255&cookieNames=_cs_id,_cs_s,_cs_cvars,_cs_ex" failed  	[MsgId: MERR-27760]
TopicPages.c(213): Error -27760: Request "https://csxd.contentsquare.net/uxa/xdframe-single-domain-1.1.0.html?pid=1255&cookieNames=_cs_id,_cs_s,_cs_cvars,_cs_ex" failed  	[MsgId: MERR-27760]
TopicPages.c(438): Error -27760: Request "https://csxd.contentsquare.net/uxa/xdframe-single-domain-1.1.0.html?pid=1255&cookieNames=_cs_id,_cs_s,_cs_cvars,_cs_ex" failed  	[MsgId: MERR-27760]
TopicPages.c(438): Error -27760: Request "https://csxd.contentsquare.net/uxa/xdframe-single-domain-1.1.0.html?pid=1255&cookieNames=_cs_id,_cs_s,_cs_cvars,_cs_ex" failed  	[MsgId: MERR-27760]
AEMMicrositesPages.c(393): Error -27760: Request "https://csxd.contentsquare.net/uxa/xdframe-single-domain-1.1.0.html?pid=1255&cookieNames=_cs_id,_cs_s,_cs_cvars,_cs_ex" failed  	[MsgId: MERR-27760]
TopicPages.c(213): Error -27760: Request "https://csxd.contentsquare.net/uxa/xdframe-single-domain-1.1.0.html?pid=1255&cookieNames=_cs_id,_cs_s,_cs_cvars,_cs_ex" failed  	[MsgId: MERR-27760]
TopicPages.c(438): Error -27760: Request "https://csxd.contentsquare.net/uxa/xdframe-single-domain-1.1.0.html?pid=1255&cookieNames=_cs_id,_cs_s,_cs_cvars,_cs_ex" failed  	[MsgId: MERR-27760]
TopicPages.c(213): Error -27760: Request "https://csxd.contentsquare.net/uxa/xdframe-single-domain-1.1.0.html?pid=1255&cookieNames=_cs_id,_cs_s,_cs_cvars,_cs_ex" failed  	[MsgId: MERR-27760]
TopicPages.c(438): Error -27760: Request "https://csxd.contentsquare.net/uxa/xdframe-single-domain-1.1.0.html?pid=1255&cookieNames=_cs_id,_cs_s,_cs_cvars,_cs_ex" failed  	[MsgId: MERR-27760]
TopicPages.c(438): Error -27760: Request "https://csxd.contentsquare.net/uxa/xdframe-single-domain-1.1.0.html?pid=1255&cookieNames=_cs_id,_cs_s,_cs_cvars,_cs_ex" failed  	[MsgId: MERR-27760]
TopicPages.c(438): Error -27760: Request "https://csxd.contentsquare.net/uxa/xdframe-single-domain-1.1.0.html?pid=1255&cookieNames=_cs_id,_cs_s,_cs_cvars,_cs_ex" failed  	[MsgId: MERR-27760]
AEMMicrositesPages.c(640): Error -27760: Request "https://csxd.contentsquare.net/uxa/xdframe-single-domain-1.1.0.html?pid=1255&cookieNames=_cs_id,_cs_s,_cs_cvars,_cs_ex" failed  	[MsgId: MERR-27760]
TopicPages.c(438): Error -27760: Request "https://csxd.contentsquare.net/uxa/xdframe-single-domain-1.1.0.html?pid=1255&cookieNames=_cs_id,_cs_s,_cs_cvars,_cs_ex" failed  	[MsgId: MERR-27760]
TopicPages.c(438): Error -27760: Request "https://csxd.contentsquare.net/uxa/xdframe-single-domain-1.1.0.html?pid=1255&cookieNames=_cs_id,_cs_s,_cs_cvars,_cs_ex" failed  	[MsgId: MERR-27760]
TopicPages.c(438): Error -27760: Request "https://csxd.contentsquare.net/uxa/xdframe-single-domain-1.1.0.html?pid=1255&cookieNames=_cs_id,_cs_s,_cs_cvars,_cs_ex" failed  	[MsgId: MERR-27760]
AEMMicrositesPages.c(518): Error -27760: Request "https://csxd.contentsquare.net/uxa/xdframe-single-domain-1.1.0.html?pid=1255&cookieNames=_cs_id,_cs_s,_cs_cvars,_cs_ex" failed  	[MsgId: MERR-27760]
TopicPages.c(26): Error -27776: [GENERAL_MSG_CAT_SSL_ERROR]connect to host "csxd.contentsquare.net" failed: [10054] Connection reset by peer
This is probably because the SSL protocol version is not supported. Try switching the TLS/SSL version using "web_set_sockets_option" API.  	[MsgId: MERR-27776]
AEMMicrositesPages.c(288): Error -27760: Request "https://csxd.contentsquare.net/uxa/xdframe-single-domain-1.1.0.html?pid=1255&cookieNames=_cs_id,_cs_s,_cs_cvars,_cs_ex" failed  	[MsgId: MERR-27760]
AEMMicrositesPages.c(518): Error -27760: Request "https://csxd.contentsquare.net/uxa/xdframe-single-domain-1.1.0.html?pid=1255&cookieNames=_cs_id,_cs_s,_cs_cvars,_cs_ex" failed  	[MsgId: MERR-27760]
TopicPages.c(213): Error -27760: Request "https://csxd.contentsquare.net/uxa/xdframe-single-domain-1.1.0.html?pid=1255&cookieNames=_cs_id,_cs_s,_cs_cvars,_cs_ex" failed  	[MsgId: MERR-27760]
TopicPages.c(213): Error -27760: Request "https://csxd.contentsquare.net/uxa/xdframe-single-domain-1.1.0.html?pid=1255&cookieNames=_cs_id,_cs_s,_cs_cvars,_cs_ex" failed  	[MsgId: MERR-27760]
TopicPages.c(213): Error -27760: Request "https://csxd.contentsquare.net/uxa/xdframe-single-domain-1.1.0.html?pid=1255&cookieNames=_cs_id,_cs_s,_cs_cvars,_cs_ex" failed  	[MsgId: MERR-27760]
TopicPages.c(438): Error -27760: Request "https://csxd.contentsquare.net/uxa/xdframe-single-domain-1.1.0.html?pid=1255&cookieNames=_cs_id,_cs_s,_cs_cvars,_cs_ex" failed  	[MsgId: MERR-27760]
AEMMicrositesPages.c(288): Error -27760: Request "https://csxd.contentsquare.net/uxa/xdframe-single-domain-1.1.0.html?pid=1255&cookieNames=_cs_id,_cs_s,_cs_cvars,_cs_ex" failed  	[MsgId: MERR-27760]
TopicPages.c(438): Error -27760: Request "https://csxd.contentsquare.net/uxa/xdframe-single-domain-1.1.0.html?pid=1255&cookieNames=_cs_id,_cs_s,_cs_cvars,_cs_ex" failed  	[MsgId: MERR-27760]
TopicPages.c(213): Error -27760: Request "https://csxd.contentsquare.net/uxa/xdframe-single-domain-1.1.0.html?pid=1255&cookieNames=_cs_id,_cs_s,_cs_cvars,_cs_ex" failed  	[MsgId: MERR-27760]
AEMMicrositesPages.c(393): Error -27760: Request "https://csxd.contentsquare.net/uxa/xdframe-single-domain-1.1.0.html?pid=1255&cookieNames=_cs_id,_cs_s,_cs_cvars,_cs_ex" failed  	[MsgId: MERR-27760]
TopicPages.c(438): Error -27760: Request "https://csxd.contentsquare.net/uxa/xdframe-single-domain-1.1.0.html?pid=1255&cookieNames=_cs_id,_cs_s,_cs_cvars,_cs_ex" failed  	[MsgId: MERR-27760]
TopicPages.c(438): Error -27760: Request "https://csxd.contentsquare.net/uxa/xdframe-single-domain-1.1.0.html?pid=1255&cookieNames=_cs_id,_cs_s,_cs_cvars,_cs_ex" failed  	[MsgId: MERR-27760]
AEMMicrositesPages.c(640): Error -27760: Request "https://csxd.contentsquare.net/uxa/xdframe-single-domain-1.1.0.html?pid=1255&cookieNames=_cs_id,_cs_s,_cs_cvars,_cs_ex" failed  	[MsgId: MERR-27760]
AEMMicrositesPages.c(518): Error -27760: Request "https://csxd.contentsquare.net/uxa/xdframe-single-domain-1.1.0.html?pid=1255&cookieNames=_cs_id,_cs_s,_cs_cvars,_cs_ex" failed  	[MsgId: MERR-27760]
TopicPages.c(213): Error -27760: Request "https://csxd.contentsquare.net/uxa/xdframe-single-domain-1.1.0.html?pid=1255&cookieNames=_cs_id,_cs_s,_cs_cvars,_cs_ex" failed  	[MsgId: MERR-27760]
TopicPages.c(438): Error -27760: Request "https://csxd.contentsquare.net/uxa/xdframe-single-domain-1.1.0.html?pid=1255&cookieNames=_cs_id,_cs_s,_cs_cvars,_cs_ex" failed  	[MsgId: MERR-27760]
TopicPages.c(213): Error -27760: Request "https://csxd.contentsquare.net/uxa/xdframe-single-domain-1.1.0.html?pid=1255&cookieNames=_cs_id,_cs_s,_cs_cvars,_cs_ex" failed  	[MsgId: MERR-27760]
AEMMicrositesPages.c(772): Error -27760: Request "https://csxd.contentsquare.net/uxa/xdframe-single-domain-1.1.0.html?pid=1255&cookieNames=_cs_id,_cs_s,_cs_cvars,_cs_ex" failed  	[MsgId: MERR-27760]
AEMMicrositesPages.c(288): Error -27760: Request "https://csxd.contentsquare.net/uxa/xdframe-single-domain-1.1.0.html?pid=1255&cookieNames=_cs_id,_cs_s,_cs_cvars,_cs_ex" failed  	[MsgId: MERR-27760]
AEMMicrositesPages.c(62): Error -27760: Request "https://csxd.contentsquare.net/uxa/xdframe-single-domain-1.1.0.html?pid=1255&cookieNames=_cs_id,_cs_s,_cs_cvars,_cs_ex" failed  	[MsgId: MERR-27760]
AEMMicrositesPages.c(518): Error -27760: Request "https://csxd.contentsquare.net/uxa/xdframe-single-domain-1.1.0.html?pid=1255&cookieNames=_cs_id,_cs_s,_cs_cvars,_cs_ex" failed  	[MsgId: MERR-27760]
TopicPages.c(213): Error -27760: Request "https://csxd.contentsquare.net/uxa/xdframe-single-domain-1.1.0.html?pid=1255&cookieNames=_cs_id,_cs_s,_cs_cvars,_cs_ex" failed  	[MsgId: MERR-27760]
TopicPages.c(438): Error -27760: Request "https://csxd.contentsquare.net/uxa/xdframe-single-domain-1.1.0.html?pid=1255&cookieNames=_cs_id,_cs_s,_cs_cvars,_cs_ex" failed  	[MsgId: MERR-27760]
TopicPages.c(438): Error -27760: Request "https://csxd.contentsquare.net/uxa/xdframe-single-domain-1.1.0.html?pid=1255&cookieNames=_cs_id,_cs_s,_cs_cvars,_cs_ex" failed  	[MsgId: MERR-27760]
TopicPages.c(438): Error -27760: Request "https://csxd.contentsquare.net/uxa/xdframe-single-domain-1.1.0.html?pid=1255&cookieNames=_cs_id,_cs_s,_cs_cvars,_cs_ex" failed  	[MsgId: MERR-27760]
AEMMicrositesPages.c(772): Error -27760: Request "https://csxd.contentsquare.net/uxa/xdframe-single-domain-1.1.0.html?pid=1255&cookieNames=_cs_id,_cs_s,_cs_cvars,_cs_ex" failed  	[MsgId: MERR-27760]
AEMMicrositesPages.c(288): Error -27760: Request "https://csxd.contentsquare.net/uxa/xdframe-single-domain-1.1.0.html?pid=1255&cookieNames=_cs_id,_cs_s,_cs_cvars,_cs_ex" failed  	[MsgId: MERR-27760]
TopicPages.c(213): Error -27760: Request "https://csxd.contentsquare.net/uxa/xdframe-single-domain-1.1.0.html?pid=1255&cookieNames=_cs_id,_cs_s,_cs_cvars,_cs_ex" failed  	[MsgId: MERR-27760]
TopicPages.c(213): Error -27760: Request "https://csxd.contentsquare.net/uxa/xdframe-single-domain-1.1.0.html?pid=1255&cookieNames=_cs_id,_cs_s,_cs_cvars,_cs_ex" failed  	[MsgId: MERR-27760]
TopicPages.c(438): Error -27760: Request "https://csxd.contentsquare.net/uxa/xdframe-single-domain-1.1.0.html?pid=1255&cookieNames=_cs_id,_cs_s,_cs_cvars,_cs_ex" failed  	[MsgId: MERR-27760]
TopicPages.c(26): Error -27760: Request "https://csxd.contentsquare.net/uxa/xdframe-single-domain-1.1.0.html?pid=1255&cookieNames=_cs_id,_cs_s,_cs_cvars,_cs_ex" failed  	[MsgId: MERR-27760]
TopicPages.c(438): Error -27760: Request "https://csxd.contentsquare.net/uxa/xdframe-single-domain-1.1.0.html?pid=1255&cookieNames=_cs_id,_cs_s,_cs_cvars,_cs_ex" failed  	[MsgId: MERR-27760]
TopicPages.c(213): Error -27760: Request "https://csxd.contentsquare.net/uxa/xdframe-single-domain-1.1.0.html?pid=1255&cookieNames=_cs_id,_cs_s,_cs_cvars,_cs_ex" failed  	[MsgId: MERR-27760]
TopicPages.c(213): Error -27760: Request "https://csxd.contentsquare.net/uxa/xdframe-single-domain-1.1.0.html?pid=1255&cookieNames=_cs_id,_cs_s,_cs_cvars,_cs_ex" failed  	[MsgId: MERR-27760]
AEMMicrositesPages.c(640): Error -27760: Request "https://csxd.contentsquare.net/uxa/xdframe-single-domain-1.1.0.html?pid=1255&cookieNames=_cs_id,_cs_s,_cs_cvars,_cs_ex" failed  	[MsgId: MERR-27760]
TopicPages.c(213): Error -27760: Request "https://csxd.contentsquare.net/uxa/xdframe-single-domain-1.1.0.html?pid=1255&cookieNames=_cs_id,_cs_s,_cs_cvars,_cs_ex" failed  	[MsgId: MERR-27760]
TopicPages.c(213): Error -27760: Request "https://csxd.contentsquare.net/uxa/xdframe-single-domain-1.1.0.html?pid=1255&cookieNames=_cs_id,_cs_s,_cs_cvars,_cs_ex" failed  	[MsgId: MERR-27760]
AEMMicrositesPages.c(288): Error -27760: Request "https://csxd.contentsquare.net/uxa/xdframe-single-domain-1.1.0.html?pid=1255&cookieNames=_cs_id,_cs_s,_cs_cvars,_cs_ex" failed  	[MsgId: MERR-27760]
TopicPages.c(438): Error -27760: Request "https://csxd.contentsquare.net/uxa/xdframe-single-domain-1.1.0.html?pid=1255&cookieNames=_cs_id,_cs_s,_cs_cvars,_cs_ex" failed  	[MsgId: MERR-27760]
TopicPages.c(213): Error -27760: Request "https://csxd.contentsquare.net/uxa/xdframe-single-domain-1.1.0.html?pid=1255&cookieNames=_cs_id,_cs_s,_cs_cvars,_cs_ex" failed  	[MsgId: MERR-27760]
AEMMicrositesPages.c(640): Error -27760: Request "https://csxd.contentsquare.net/uxa/xdframe-single-domain-1.1.0.html?pid=1255&cookieNames=_cs_id,_cs_s,_cs_cvars,_cs_ex" failed  	[MsgId: MERR-27760]
AEMMicrositesPages.c(393): Error -27760: Request "https://csxd.contentsquare.net/uxa/xdframe-single-domain-1.1.0.html?pid=1255&cookieNames=_cs_id,_cs_s,_cs_cvars,_cs_ex" failed  	[MsgId: MERR-27760]
AEMMicrositesPages.c(97): Error -27721: Step download timeout (120 seconds) has expired when downloading resource "https://netdna.bootstrapcdn.com/font-awesome/4.1.0/css/font-awesome.min.css". Set the "Step Timeout caused by resources is a warning" Runtime Setting to Yes/No to have this message as a warning/error, respectively  	[MsgId: MERR-27721]
