BP21_MyDashboard.c(7): Error -26608: HTTP Status-Code=504 (Gateway Timeout) for "https://ppssupport-itgllbh7.inc.hp.com/us-en/dashboard"  	[MsgId: MERR-26608]
BP21_MyDashboard.c(7): Error -26608: HTTP Status-Code=504 (Gateway Timeout) for "https://ppssupport-itgllbh7.inc.hp.com/us-en/dashboard"  	[MsgId: MERR-26608]
BP21_MyDashboard.c(7): Error -26608: HTTP Status-Code=504 (Gateway Timeout) for "https://ppssupport-itgllbh7.inc.hp.com/wcc-assets/scripts.204dec66716e86a3ab29.js"  	[MsgId: MERR-26608]
BP21_MyDashboard.c(7): Error -26608: HTTP Status-Code=504 (Gateway Timeout) for "https://ppssupport-itgllbh7.inc.hp.com/wcc-assets/polyfills.d301623517a574834b52.js"  	[MsgId: MERR-26608]
BP21_MyDashboard.c(7): Error -26608: HTTP Status-Code=504 (Gateway Timeout) for "https://ppssupport-itgllbh7.inc.hp.com/wcc-assets/styles.b548cb1a8d8de58eba2f.css"  	[MsgId: MERR-26608]
BP21_MyDashboard.c(7): Error -26608: HTTP Status-Code=504 (Gateway Timeout) for "https://ppssupport-itgllbh7.inc.hp.com/wcc-assets/polyfills-es5.8da0260dc95c5c765fdf.js"  	[MsgId: MERR-26608]
BP21_MyDashboard.c(7): Error -26608: HTTP Status-Code=504 (Gateway Timeout) for "https://ppssupport-itgllbh7.inc.hp.com/wcc-assets/polyfills.d301623517a574834b52.js"  	[MsgId: MERR-26608]
BP21_MyDashboard.c(7): Error -26608: HTTP Status-Code=504 (Gateway Timeout) for "https://ppssupport-itgllbh7.inc.hp.com/us-en/dashboard"  	[MsgId: MERR-26608]
BP21_MyDashboard.c(7): Error -26608: HTTP Status-Code=504 (Gateway Timeout) for "https://ppssupport-itgllbh7.inc.hp.com/us-en/dashboard"  	[MsgId: MERR-26608]
BP21_MyDashboard.c(7): Error -26608: HTTP Status-Code=504 (Gateway Timeout) for "https://ppssupport-itgllbh7.inc.hp.com/wcc-assets/styles.b548cb1a8d8de58eba2f.css"  	[MsgId: MERR-26608]
BP21_MyDashboard.c(7): Error -26608: HTTP Status-Code=504 (Gateway Timeout) for "https://ppssupport-itgllbh7.inc.hp.com/wcc-assets/main.a03c0443e9f8c1af996a.js"  	[MsgId: MERR-26608]
BP21_MyDashboard.c(7): Error -26608: HTTP Status-Code=504 (Gateway Timeout) for "https://ppssupport-itgllbh7.inc.hp.com/wcc-assets/runtime.c8d6bdb17a8aa6ed848e.js"  	[MsgId: MERR-26608]
BP21_MyDashboard.c(7): Error -26608: HTTP Status-Code=504 (Gateway Timeout) for "https://ppssupport-itgllbh7.inc.hp.com/wcc-assets/polyfills.d301623517a574834b52.js"  	[MsgId: MERR-26608]
BP21_MyDashboard.c(7): Error -26608: HTTP Status-Code=504 (Gateway Timeout) for "https://ppssupport-itgllbh7.inc.hp.com/wcc-assets/polyfills-es5.8da0260dc95c5c765fdf.js"  	[MsgId: MERR-26608]
BP21_MyDashboard.c(7): Error -26608: HTTP Status-Code=504 (Gateway Timeout) for "https://ppssupport-itgllbh7.inc.hp.com/wcc-assets/polyfills.d301623517a574834b52.js"  	[MsgId: MERR-26608]
BP21_MyDashboard.c(7): Error -26608: HTTP Status-Code=504 (Gateway Timeout) for "https://ppssupport-itgllbh7.inc.hp.com/wcc-assets/polyfills.d301623517a574834b52.js"  	[MsgId: MERR-26608]
BP21_MyDashboard.c(7): Error -26608: HTTP Status-Code=504 (Gateway Timeout) for "https://ppssupport-itgllbh7.inc.hp.com/wcc-assets/polyfills-es5.8da0260dc95c5c765fdf.js"  	[MsgId: MERR-26608]
BP21_MyDashboard.c(7): Error -26608: HTTP Status-Code=504 (Gateway Timeout) for "https://ppssupport-itgllbh7.inc.hp.com/us-en/dashboard"  	[MsgId: MERR-26608]
BP21_MyDashboard.c(7): Error -26608: HTTP Status-Code=504 (Gateway Timeout) for "https://ppssupport-itgllbh7.inc.hp.com/wcc-assets/polyfills.d301623517a574834b52.js"  	[MsgId: MERR-26608]
BP21_MyDashboard.c(7): Error -26608: HTTP Status-Code=504 (Gateway Timeout) for "https://ppssupport-itgllbh7.inc.hp.com/wcc-assets/scripts.204dec66716e86a3ab29.js"  	[MsgId: MERR-26608]
BP21_MyDashboard.c(7): Error -26608: HTTP Status-Code=504 (Gateway Timeout) for "https://ppssupport-itgllbh7.inc.hp.com/wcc-assets/main.a03c0443e9f8c1af996a.js"  	[MsgId: MERR-26608]
