vuser_init.c(119): Continuing after Error -26377: No match found for the requested parameter "cp_oauthURL". Either the specified boundaries were not found in the response or the matched text is longer than current max html parameter size of 666666 bytes. The total length of the response is 147 bytes. You can use "web_set_max_html_param_len" to increase the max parameter size.  	[MsgId: MERR-26377]
vuser_init.c(147): Continuing after Error -27272: The "URL" argument is missing or empty  	[MsgId: MERR-27272]
vuser_init.c(147): Continuing after Error -26377: No match found for the requested parameter "cp_finalstateURL". Either the specified boundaries were not found in the response or the matched text is longer than current max html parameter size of 666666 bytes. The total length of the response is 0 bytes. You can use "web_set_max_html_param_len" to increase the max parameter size.  	[MsgId: MERR-26377]
vuser_init.c(147): Continuing after Error -26374: The above "not found" error(s) may be explained by header and body byte counts being 0 and 0, respectively.  	[MsgId: MERR-26374]
vuser_init.c(158): Continuing after Error -27272: The "URL" argument is missing or empty  	[MsgId: MERR-27272]
BP21_MyDashboard.c(135): Continuing after Error -26377: No match found for the requested parameter "cp_SerialNumber". Either the specified boundaries were not found in the response or the matched text is longer than current max html parameter size of 666666 bytes. The total length of the response is 110 bytes. You can use "web_set_max_html_param_len" to increase the max parameter size.  	[MsgId: MERR-26377]
BP21_MyDashboard.c(135): Continuing after Error -26377: No match found for the requested parameter "cp_productNameOID". Either the specified boundaries were not found in the response or the matched text is longer than current max html parameter size of 666666 bytes. The total length of the response is 110 bytes. You can use "web_set_max_html_param_len" to increase the max parameter size.  	[MsgId: MERR-26377]
BP21_MyDashboard.c(135): Continuing after Error -26377: No match found for the requested parameter "cp_productNumber". Either the specified boundaries were not found in the response or the matched text is longer than current max html parameter size of 666666 bytes. The total length of the response is 110 bytes. You can use "web_set_max_html_param_len" to increase the max parameter size.  	[MsgId: MERR-26377]
BP21_MyDashboard.c(135): Continuing after Error -26377: No match found for the requested parameter "cp_deviceId". Either the specified boundaries were not found in the response or the matched text is longer than current max html parameter size of 666666 bytes. The total length of the response is 110 bytes. You can use "web_set_max_html_param_len" to increase the max parameter size.  	[MsgId: MERR-26377]
BP21_MyDashboard.c(135): Continuing after Error -26377: No match found for the requested parameter "cp_productSeriesName". Either the specified boundaries were not found in the response or the matched text is longer than current max html parameter size of 666666 bytes. The total length of the response is 110 bytes. You can use "web_set_max_html_param_len" to increase the max parameter size.  	[MsgId: MERR-26377]
BP21_MyDashboard.c(135): Continuing after Error -26377: No match found for the requested parameter "cp_productSeriesOID". Either the specified boundaries were not found in the response or the matched text is longer than current max html parameter size of 666666 bytes. The total length of the response is 110 bytes. You can use "web_set_max_html_param_len" to increase the max parameter size.  	[MsgId: MERR-26377]
BP22_Cases.c(77): Error: C interpreter run time error: BP22_Cases.c (77):  Error -- Arithmetic Error : Exception INT_DIVIDE_BY_ZERO received.	[MsgId: MERR-19890]
BP22_Cases.c(83): Continuing after Error -27760: Request "https://ppssupport-itgllbh7.inc.hp.com/wcc-services/profile/cases/5150240732?offset=P0000" failed  	[MsgId: MERR-27760]
BP22_Cases.c(36): Continuing after Error -27760: Request "https://ppssupport-itgllbh7.inc.hp.com/wcc-services/profile/cases/all?offset=P0530" failed  	[MsgId: MERR-27760]
BP21_MyDashboard.c(135): Continuing after Error -27760: Request "https://ppssupport-itgllbh7.inc.hp.com/wcc-services/profile/devices/all?login=false&cc=us&lc=en&offset=P0530&isMobile=false" failed  	[MsgId: MERR-27760]
BP22_Cases.c(36): Continuing after Error -27760: Request "https://ppssupport-itgllbh7.inc.hp.com/wcc-services/profile/cases/all?offset=P0530" failed  	[MsgId: MERR-27760]
BP21_MyDashboard.c(135): Continuing after Error -27760: Request "https://ppssupport-itgllbh7.inc.hp.com/wcc-services/profile/devices/all?login=false&cc=us&lc=en&offset=P0530&isMobile=false" failed  	[MsgId: MERR-27760]
BP22_Cases.c(83): Continuing after Error -27760: Request "https://ppssupport-itgllbh7.inc.hp.com/wcc-services/profile/cases/5150240767?offset=P0000" failed  	[MsgId: MERR-27760]
BP22_Cases.c(83): Continuing after Error -27760: Request "https://ppssupport-itgllbh7.inc.hp.com/wcc-services/profile/cases/5150240777?offset=P0000" failed  	[MsgId: MERR-27760]
BP21_MyDashboard.c(135): Continuing after Error -27760: Request "https://ppssupport-itgllbh7.inc.hp.com/wcc-services/profile/devices/all?login=false&cc=us&lc=en&offset=P0530&isMobile=false" failed  	[MsgId: MERR-27760]
BP21_MyDashboard.c(135): Continuing after Error -27760: Request "https://ppssupport-itgllbh7.inc.hp.com/wcc-services/profile/devices/all?login=false&cc=us&lc=en&offset=P0530&isMobile=false" failed  	[MsgId: MERR-27760]
BP21_MyDashboard.c(135): Continuing after Error -27760: Request "https://ppssupport-itgllbh7.inc.hp.com/wcc-services/profile/devices/all?login=false&cc=us&lc=en&offset=P0530&isMobile=false" failed  	[MsgId: MERR-27760]
BP22_Cases.c(13): Continuing after Error -27760: Request "https://ppssupport-itgllbh7.inc.hp.com/wcc-services/profile/devices/all?login=false&cc=us&lc=en&offset=P0530&isMobile=false" failed  	[MsgId: MERR-27760]
BP22_Cases.c(83): Continuing after Error -27760: Request "https://ppssupport-itgllbh7.inc.hp.com/wcc-services/profile/cases/5150240769?offset=P0000" failed  	[MsgId: MERR-27760]
